2025-07-11_00:00:10 INFO [ Battle StandBy ] SetState_Notify()
2025-07-11_00:01:09 INFO [ Battle StandBy ] SetState_End()
2025-07-11_00:01:09 INFO [ Battle StandBy ] SetState_None()
2025-07-11_00:01:09 INFO [ Battle Maya ] SetState_StandBy_1()
2025-07-11_00:01:09 INFO SetState_BattleOfMaya()
2025-07-11_00:03:08 INFO [ Battle Maya ] SetState_Notify_1()
2025-07-11_00:03:08 INFO [ Battle Maya ] Failed. No users at state 2
2025-07-11_00:03:08 INFO [ Battle Maya ] SetState_End()
2025-07-11_00:03:10 INFO [ Battle Maya ] SetState_EndCycle()
2025-07-11_00:03:10 INFO [ Battle Maya ] SetState_None()
2025-07-11_00:03:10 INFO SetState_End()
2025-07-11_00:03:10 INFO SetState_None()
2025-07-11_00:03:10 INFO [ Battle StandBy ] SetState_Start()
2025-07-11_00:03:10 INFO SetState_BattleStandBy()
2025-07-11_00:22:09 INFO [ Battle StandBy ] SetState_Notify()
2025-07-11_00:23:08 INFO [ Battle StandBy ] SetState_End()
2025-07-11_00:23:08 INFO [ Battle StandBy ] SetState_None()
2025-07-11_00:23:08 INFO [ Battle Maya ] SetState_StandBy_1()
2025-07-11_00:23:08 INFO SetState_BattleOfMaya()
2025-07-11_00:25:07 INFO [ Battle Maya ] SetState_Notify_1()
2025-07-11_00:25:07 INFO [ Battle Maya ] Failed. No users at state 2
2025-07-11_00:25:07 INFO [ Battle Maya ] SetState_End()
2025-07-11_00:25:09 INFO [ Battle Maya ] SetState_EndCycle()
2025-07-11_00:25:09 INFO [ Battle Maya ] SetState_None()
2025-07-11_00:25:09 INFO SetState_End()
2025-07-11_00:25:09 INFO SetState_None()
2025-07-11_00:25:09 INFO [ Battle StandBy ] SetState_Start()
2025-07-11_00:25:09 INFO SetState_BattleStandBy()
2025-07-11_00:44:09 INFO [ Battle StandBy ] SetState_Notify()
2025-07-11_00:45:10 INFO [ Battle StandBy ] SetState_End()
2025-07-11_00:45:10 INFO [ Battle StandBy ] SetState_None()
2025-07-11_00:45:10 INFO [ Battle Maya ] SetState_StandBy_1()
2025-07-11_00:45:10 INFO SetState_BattleOfMaya()
2025-07-11_00:47:09 INFO [ Battle Maya ] SetState_Notify_1()
2025-07-11_00:47:09 INFO [ Battle Maya ] Failed. No users at state 2
2025-07-11_00:47:09 INFO [ Battle Maya ] SetState_End()
2025-07-11_00:47:12 INFO [ Battle Maya ] SetState_EndCycle()
2025-07-11_00:47:12 INFO [ Battle Maya ] SetState_None()
2025-07-11_00:47:12 INFO SetState_End()
2025-07-11_00:47:12 INFO SetState_None()
2025-07-11_00:47:12 INFO [ Battle StandBy ] SetState_Start()
2025-07-11_00:47:12 INFO SetState_BattleStandBy()
2025-07-11_01:06:11 INFO [ Battle StandBy ] SetState_Notify()
2025-07-11_01:07:10 INFO [ Battle StandBy ] SetState_End()
2025-07-11_01:07:10 INFO [ Battle StandBy ] SetState_None()
2025-07-11_01:07:10 INFO [ Battle Maya ] SetState_StandBy_1()
2025-07-11_01:07:10 INFO SetState_BattleOfMaya()
2025-07-11_01:09:09 INFO [ Battle Maya ] SetState_Notify_1()
2025-07-11_01:09:09 INFO [ Battle Maya ] Failed. No users at state 2
2025-07-11_01:09:09 INFO [ Battle Maya ] SetState_End()
2025-07-11_01:09:11 INFO [ Battle Maya ] SetState_EndCycle()
2025-07-11_01:09:11 INFO [ Battle Maya ] SetState_None()
2025-07-11_01:09:11 INFO SetState_End()
2025-07-11_01:09:11 INFO SetState_None()
2025-07-11_01:09:11 INFO [ Battle StandBy ] SetState_Start()
2025-07-11_01:09:11 INFO SetState_BattleStandBy()
2025-07-11_01:28:10 INFO [ Battle StandBy ] SetState_Notify()
2025-07-11_01:29:09 INFO [ Battle StandBy ] SetState_End()
2025-07-11_01:29:09 INFO [ Battle StandBy ] SetState_None()
2025-07-11_01:29:09 INFO [ Battle Maya ] SetState_StandBy_1()
2025-07-11_01:29:09 INFO SetState_BattleOfMaya()
2025-07-11_01:31:08 INFO [ Battle Maya ] SetState_Notify_1()
2025-07-11_01:31:08 INFO [ Battle Maya ] Failed. No users at state 2
2025-07-11_01:31:08 INFO [ Battle Maya ] SetState_End()
2025-07-11_01:31:10 INFO [ Battle Maya ] SetState_EndCycle()
2025-07-11_01:31:10 INFO [ Battle Maya ] SetState_None()
2025-07-11_01:31:10 INFO SetState_End()
2025-07-11_01:31:10 INFO SetState_None()
2025-07-11_01:31:10 INFO [ Battle StandBy ] SetState_Start()
2025-07-11_01:31:10 INFO SetState_BattleStandBy()
2025-07-11_01:50:09 INFO [ Battle StandBy ] SetState_Notify()
2025-07-11_01:51:08 INFO [ Battle StandBy ] SetState_End()
2025-07-11_01:51:08 INFO [ Battle StandBy ] SetState_None()
2025-07-11_01:51:08 INFO [ Battle Maya ] SetState_StandBy_1()
2025-07-11_01:51:08 INFO SetState_BattleOfMaya()
2025-07-11_01:53:07 INFO [ Battle Maya ] SetState_Notify_1()
2025-07-11_01:53:07 INFO [ Battle Maya ] Failed. No users at state 2
2025-07-11_01:53:07 INFO [ Battle Maya ] SetState_End()
2025-07-11_01:53:09 INFO [ Battle Maya ] SetState_EndCycle()
2025-07-11_01:53:10 INFO [ Battle Maya ] SetState_None()
2025-07-11_01:53:10 INFO SetState_End()
2025-07-11_01:53:10 INFO SetState_None()
2025-07-11_01:53:10 INFO [ Battle StandBy ] SetState_Start()
2025-07-11_01:53:10 INFO SetState_BattleStandBy()
2025-07-11_02:12:09 INFO [ Battle StandBy ] SetState_Notify()
2025-07-11_02:13:08 INFO [ Battle StandBy ] SetState_End()
2025-07-11_02:13:08 INFO [ Battle StandBy ] SetState_None()
2025-07-11_02:13:08 INFO [ Battle Maya ] SetState_StandBy_1()
2025-07-11_02:13:08 INFO SetState_BattleOfMaya()
2025-07-11_02:15:07 INFO [ Battle Maya ] SetState_Notify_1()
2025-07-11_02:15:07 INFO [ Battle Maya ] Failed. No users at state 2
2025-07-11_02:15:07 INFO [ Battle Maya ] SetState_End()
2025-07-11_02:15:09 INFO [ Battle Maya ] SetState_EndCycle()
2025-07-11_02:15:09 INFO [ Battle Maya ] SetState_None()
2025-07-11_02:15:09 INFO SetState_End()
2025-07-11_02:15:09 INFO SetState_None()
2025-07-11_02:15:09 INFO [ Battle StandBy ] SetState_Start()
2025-07-11_02:15:09 INFO SetState_BattleStandBy()
2025-07-11_02:34:08 INFO [ Battle StandBy ] SetState_Notify()
2025-07-11_02:35:07 INFO [ Battle StandBy ] SetState_End()
2025-07-11_02:35:07 INFO [ Battle StandBy ] SetState_None()
2025-07-11_02:35:07 INFO [ Battle Maya ] SetState_StandBy_1()
2025-07-11_02:35:07 INFO SetState_BattleOfMaya()
2025-07-11_02:37:06 INFO [ Battle Maya ] SetState_Notify_1()
2025-07-11_02:37:06 INFO [ Battle Maya ] Failed. No users at state 2
2025-07-11_02:37:06 INFO [ Battle Maya ] SetState_End()
2025-07-11_02:37:08 INFO [ Battle Maya ] SetState_EndCycle()
2025-07-11_02:37:08 INFO [ Battle Maya ] SetState_None()
2025-07-11_02:37:08 INFO SetState_End()
2025-07-11_02:37:08 INFO SetState_None()
2025-07-11_02:37:08 INFO [ Battle StandBy ] SetState_Start()
2025-07-11_02:37:08 INFO SetState_BattleStandBy()
2025-07-11_02:56:07 INFO [ Battle StandBy ] SetState_Notify()
2025-07-11_02:57:06 INFO [ Battle StandBy ] SetState_End()
2025-07-11_02:57:06 INFO [ Battle StandBy ] SetState_None()
2025-07-11_02:57:06 INFO [ Battle Maya ] SetState_StandBy_1()
2025-07-11_02:57:06 INFO SetState_BattleOfMaya()
2025-07-11_02:59:05 INFO [ Battle Maya ] SetState_Notify_1()
2025-07-11_02:59:05 INFO [ Battle Maya ] Failed. No users at state 2
2025-07-11_02:59:05 INFO [ Battle Maya ] SetState_End()
2025-07-11_02:59:07 INFO [ Battle Maya ] SetState_EndCycle()
2025-07-11_02:59:07 INFO [ Battle Maya ] SetState_None()
2025-07-11_02:59:07 INFO SetState_End()
2025-07-11_02:59:07 INFO SetState_None()
2025-07-11_02:59:07 INFO [ Battle StandBy ] SetState_Start()
2025-07-11_02:59:07 INFO SetState_BattleStandBy()
2025-07-11_03:18:06 INFO [ Battle StandBy ] SetState_Notify()
2025-07-11_03:19:06 INFO [ Battle StandBy ] SetState_End()
2025-07-11_03:19:06 INFO [ Battle StandBy ] SetState_None()
2025-07-11_03:19:06 INFO [ Battle Maya ] SetState_StandBy_1()
2025-07-11_03:19:06 INFO SetState_BattleOfMaya()
2025-07-11_03:21:05 INFO [ Battle Maya ] SetState_Notify_1()
2025-07-11_03:21:05 INFO [ Battle Maya ] Failed. No users at state 2
2025-07-11_03:21:05 INFO [ Battle Maya ] SetState_End()
2025-07-11_03:21:07 INFO [ Battle Maya ] SetState_EndCycle()
2025-07-11_03:21:07 INFO [ Battle Maya ] SetState_None()
2025-07-11_03:21:07 INFO SetState_End()
2025-07-11_03:21:07 INFO SetState_None()
2025-07-11_03:21:07 INFO [ Battle StandBy ] SetState_Start()
2025-07-11_03:21:07 INFO SetState_BattleStandBy()
2025-07-11_03:40:06 INFO [ Battle StandBy ] SetState_Notify()
2025-07-11_03:41:05 INFO [ Battle StandBy ] SetState_End()
2025-07-11_03:41:05 INFO [ Battle StandBy ] SetState_None()
2025-07-11_03:41:05 INFO [ Battle Maya ] SetState_StandBy_1()
2025-07-11_03:41:05 INFO SetState_BattleOfMaya()
2025-07-11_03:43:04 INFO [ Battle Maya ] SetState_Notify_1()
2025-07-11_03:43:04 INFO [ Battle Maya ] Failed. No users at state 2
2025-07-11_03:43:04 INFO [ Battle Maya ] SetState_End()
2025-07-11_03:43:06 INFO [ Battle Maya ] SetState_EndCycle()
2025-07-11_03:43:06 INFO [ Battle Maya ] SetState_None()
2025-07-11_03:43:06 INFO SetState_End()
2025-07-11_03:43:06 INFO SetState_None()
2025-07-11_03:43:06 INFO [ Battle StandBy ] SetState_Start()
2025-07-11_03:43:06 INFO SetState_BattleStandBy()
2025-07-11_04:02:05 INFO [ Battle StandBy ] SetState_Notify()
2025-07-11_04:03:04 INFO [ Battle StandBy ] SetState_End()
2025-07-11_04:03:04 INFO [ Battle StandBy ] SetState_None()
2025-07-11_04:03:04 INFO [ Battle Maya ] SetState_StandBy_1()
2025-07-11_04:03:04 INFO SetState_BattleOfMaya()
2025-07-11_04:05:03 INFO [ Battle Maya ] SetState_Notify_1()
2025-07-11_04:05:03 INFO [ Battle Maya ] Failed. No users at state 2
2025-07-11_04:05:03 INFO [ Battle Maya ] SetState_End()
2025-07-11_04:05:05 INFO [ Battle Maya ] SetState_EndCycle()
2025-07-11_04:05:05 INFO [ Battle Maya ] SetState_None()
2025-07-11_04:05:05 INFO SetState_End()
2025-07-11_04:05:05 INFO SetState_None()
2025-07-11_04:05:05 INFO [ Battle StandBy ] SetState_Start()
2025-07-11_04:05:05 INFO SetState_BattleStandBy()
2025-07-11_04:24:04 INFO [ Battle StandBy ] SetState_Notify()
2025-07-11_04:25:03 INFO [ Battle StandBy ] SetState_End()
2025-07-11_04:25:03 INFO [ Battle StandBy ] SetState_None()
2025-07-11_04:25:03 INFO [ Battle Maya ] SetState_StandBy_1()
2025-07-11_04:25:03 INFO SetState_BattleOfMaya()
2025-07-11_04:27:02 INFO [ Battle Maya ] SetState_Notify_1()
2025-07-11_04:27:02 INFO [ Battle Maya ] Failed. No users at state 2
2025-07-11_04:27:02 INFO [ Battle Maya ] SetState_End()
2025-07-11_04:27:04 INFO [ Battle Maya ] SetState_EndCycle()
2025-07-11_04:27:05 INFO [ Battle Maya ] SetState_None()
2025-07-11_04:27:05 INFO SetState_End()
2025-07-11_04:27:05 INFO SetState_None()
2025-07-11_04:27:05 INFO [ Battle StandBy ] SetState_Start()
2025-07-11_04:27:05 INFO SetState_BattleStandBy()
2025-07-11_04:46:04 INFO [ Battle StandBy ] SetState_Notify()
2025-07-11_04:47:03 INFO [ Battle StandBy ] SetState_End()
2025-07-11_04:47:03 INFO [ Battle StandBy ] SetState_None()
2025-07-11_04:47:03 INFO [ Battle Maya ] SetState_StandBy_1()
2025-07-11_04:47:03 INFO SetState_BattleOfMaya()
2025-07-11_04:49:02 INFO [ Battle Maya ] SetState_Notify_1()
2025-07-11_04:49:02 INFO [ Battle Maya ] Failed. No users at state 2
2025-07-11_04:49:02 INFO [ Battle Maya ] SetState_End()
2025-07-11_04:49:04 INFO [ Battle Maya ] SetState_EndCycle()
2025-07-11_04:49:04 INFO [ Battle Maya ] SetState_None()
2025-07-11_04:49:04 INFO SetState_End()
2025-07-11_04:49:04 INFO SetState_None()
2025-07-11_04:49:04 INFO [ Battle StandBy ] SetState_Start()
2025-07-11_04:49:04 INFO SetState_BattleStandBy()
2025-07-11_05:08:03 INFO [ Battle StandBy ] SetState_Notify()
2025-07-11_05:09:02 INFO [ Battle StandBy ] SetState_End()
2025-07-11_05:09:02 INFO [ Battle StandBy ] SetState_None()
2025-07-11_05:09:02 INFO [ Battle Maya ] SetState_StandBy_1()
2025-07-11_05:09:02 INFO SetState_BattleOfMaya()
2025-07-11_05:11:01 INFO [ Battle Maya ] SetState_Notify_1()
2025-07-11_05:11:01 INFO [ Battle Maya ] Failed. No users at state 2
2025-07-11_05:11:01 INFO [ Battle Maya ] SetState_End()
2025-07-11_05:11:03 INFO [ Battle Maya ] SetState_EndCycle()
2025-07-11_05:11:03 INFO [ Battle Maya ] SetState_None()
2025-07-11_05:11:03 INFO SetState_End()
2025-07-11_05:11:03 INFO SetState_None()
2025-07-11_05:11:03 INFO [ Battle StandBy ] SetState_Start()
2025-07-11_05:11:03 INFO SetState_BattleStandBy()
2025-07-11_05:30:02 INFO [ Battle StandBy ] SetState_Notify()
2025-07-11_05:31:01 INFO [ Battle StandBy ] SetState_End()
2025-07-11_05:31:01 INFO [ Battle StandBy ] SetState_None()
2025-07-11_05:31:01 INFO [ Battle Maya ] SetState_StandBy_1()
2025-07-11_05:31:01 INFO SetState_BattleOfMaya()
2025-07-11_05:33:00 INFO [ Battle Maya ] SetState_Notify_1()
2025-07-11_05:33:00 INFO [ Battle Maya ] Failed. No users at state 2
2025-07-11_05:33:00 INFO [ Battle Maya ] SetState_End()
2025-07-11_05:33:02 INFO [ Battle Maya ] SetState_EndCycle()
2025-07-11_05:33:02 INFO [ Battle Maya ] SetState_None()
2025-07-11_05:33:02 INFO SetState_End()
2025-07-11_05:33:02 INFO SetState_None()
2025-07-11_05:33:02 INFO [ Battle StandBy ] SetState_Start()
2025-07-11_05:33:02 INFO SetState_BattleStandBy()
2025-07-11_05:52:02 INFO [ Battle StandBy ] SetState_Notify()
2025-07-11_05:53:01 INFO [ Battle StandBy ] SetState_End()
2025-07-11_05:53:01 INFO [ Battle StandBy ] SetState_None()
2025-07-11_05:53:01 INFO [ Battle Maya ] SetState_StandBy_1()
2025-07-11_05:53:01 INFO SetState_BattleOfMaya()
2025-07-11_05:55:00 INFO [ Battle Maya ] SetState_Notify_1()
2025-07-11_05:55:00 INFO [ Battle Maya ] Failed. No users at state 2
2025-07-11_05:55:00 INFO [ Battle Maya ] SetState_End()
2025-07-11_05:55:02 INFO [ Battle Maya ] SetState_EndCycle()
2025-07-11_05:55:02 INFO [ Battle Maya ] SetState_None()
2025-07-11_05:55:02 INFO SetState_End()
2025-07-11_05:55:02 INFO SetState_None()
2025-07-11_05:55:02 INFO [ Battle StandBy ] SetState_Start()
2025-07-11_05:55:02 INFO SetState_BattleStandBy()
2025-07-11_06:14:01 INFO [ Battle StandBy ] SetState_Notify()
2025-07-11_06:15:00 INFO [ Battle StandBy ] SetState_End()
2025-07-11_06:15:00 INFO [ Battle StandBy ] SetState_None()
2025-07-11_06:15:00 INFO [ Battle Maya ] SetState_StandBy_1()
2025-07-11_06:15:00 INFO SetState_BattleOfMaya()
2025-07-11_06:16:59 INFO [ Battle Maya ] SetState_Notify_1()
2025-07-11_06:16:59 INFO [ Battle Maya ] Failed. No users at state 2
2025-07-11_06:16:59 INFO [ Battle Maya ] SetState_End()
2025-07-11_06:17:01 INFO [ Battle Maya ] SetState_EndCycle()
2025-07-11_06:17:01 INFO [ Battle Maya ] SetState_None()
2025-07-11_06:17:01 INFO SetState_End()
2025-07-11_06:17:01 INFO SetState_None()
2025-07-11_06:17:01 INFO [ Battle StandBy ] SetState_Start()
2025-07-11_06:17:01 INFO SetState_BattleStandBy()
2025-07-11_06:36:00 INFO [ Battle StandBy ] SetState_Notify()
2025-07-11_06:36:59 INFO [ Battle StandBy ] SetState_End()
2025-07-11_06:36:59 INFO [ Battle StandBy ] SetState_None()
2025-07-11_06:36:59 INFO [ Battle Maya ] SetState_StandBy_1()
2025-07-11_06:36:59 INFO SetState_BattleOfMaya()
2025-07-11_06:38:58 INFO [ Battle Maya ] SetState_Notify_1()
2025-07-11_06:38:58 INFO [ Battle Maya ] Failed. No users at state 2
2025-07-11_06:38:58 INFO [ Battle Maya ] SetState_End()
2025-07-11_06:39:00 INFO [ Battle Maya ] SetState_EndCycle()
2025-07-11_06:39:00 INFO [ Battle Maya ] SetState_None()
2025-07-11_06:39:00 INFO SetState_End()
2025-07-11_06:39:00 INFO SetState_None()
2025-07-11_06:39:00 INFO [ Battle StandBy ] SetState_Start()
2025-07-11_06:39:00 INFO SetState_BattleStandBy()
2025-07-11_06:57:59 INFO [ Battle StandBy ] SetState_Notify()
