2025-07-14_21:28:12 INFO [ Battle StandBy ] SetState_Start()
2025-07-14_21:28:12 INFO SetState_BattleStandBy()
2025-07-14_21:47:11 INFO [ Battle StandBy ] SetState_Notify()
2025-07-14_21:48:10 INFO [ Battle StandBy ] SetState_End()
2025-07-14_21:48:10 INFO [ Battle StandBy ] SetState_None()
2025-07-14_21:48:10 INFO [ Battle Maya ] SetState_StandBy_1()
2025-07-14_21:48:10 INFO SetState_BattleOfMaya()
2025-07-14_21:50:09 INFO [ Battle Maya ] SetState_Notify_1()
2025-07-14_21:50:09 INFO [ Battle Maya ] Failed. No users at state 2
2025-07-14_21:50:09 INFO [ Battle Maya ] SetState_End()
2025-07-14_21:50:11 INFO [ Battle Maya ] SetState_EndCycle()
2025-07-14_21:50:11 INFO [ Battle Maya ] SetState_None()
2025-07-14_21:50:11 INFO SetState_End()
2025-07-14_21:50:11 INFO SetState_None()
2025-07-14_21:50:11 INFO [ Battle StandBy ] SetState_Start()
2025-07-14_21:50:11 INFO SetState_BattleStandBy()
2025-07-14_22:09:10 INFO [ Battle StandBy ] SetState_Notify()
2025-07-14_22:10:09 INFO [ Battle StandBy ] SetState_End()
2025-07-14_22:10:09 INFO [ Battle StandBy ] SetState_None()
2025-07-14_22:10:09 INFO [ Battle Maya ] SetState_StandBy_1()
2025-07-14_22:10:09 INFO SetState_BattleOfMaya()
2025-07-14_22:12:09 INFO [ Battle Maya ] SetState_Notify_1()
2025-07-14_22:12:09 INFO [ Battle Maya ] Failed. No users at state 2
2025-07-14_22:12:09 INFO [ Battle Maya ] SetState_End()
2025-07-14_22:12:11 INFO [ Battle Maya ] SetState_EndCycle()
2025-07-14_22:12:11 INFO [ Battle Maya ] SetState_None()
2025-07-14_22:12:11 INFO SetState_End()
2025-07-14_22:12:11 INFO SetState_None()
2025-07-14_22:12:11 INFO [ Battle StandBy ] SetState_Start()
2025-07-14_22:12:11 INFO SetState_BattleStandBy()
2025-07-14_22:31:10 INFO [ Battle StandBy ] SetState_Notify()
2025-07-14_22:32:09 INFO [ Battle StandBy ] SetState_End()
2025-07-14_22:32:09 INFO [ Battle StandBy ] SetState_None()
2025-07-14_22:32:09 INFO [ Battle Maya ] SetState_StandBy_1()
2025-07-14_22:32:09 INFO SetState_BattleOfMaya()
2025-07-14_22:34:08 INFO [ Battle Maya ] SetState_Notify_1()
2025-07-14_22:34:08 INFO [ Battle Maya ] Failed. No users at state 2
2025-07-14_22:34:08 INFO [ Battle Maya ] SetState_End()
2025-07-14_22:34:10 INFO [ Battle Maya ] SetState_EndCycle()
2025-07-14_22:34:10 INFO [ Battle Maya ] SetState_None()
2025-07-14_22:34:10 INFO SetState_End()
2025-07-14_22:34:10 INFO SetState_None()
2025-07-14_22:34:10 INFO [ Battle StandBy ] SetState_Start()
2025-07-14_22:34:10 INFO SetState_BattleStandBy()
2025-07-14_22:53:09 INFO [ Battle StandBy ] SetState_Notify()
2025-07-14_22:54:08 INFO [ Battle StandBy ] SetState_End()
2025-07-14_22:54:08 INFO [ Battle StandBy ] SetState_None()
2025-07-14_22:54:08 INFO [ Battle Maya ] SetState_StandBy_1()
2025-07-14_22:54:08 INFO SetState_BattleOfMaya()
2025-07-14_22:56:07 INFO [ Battle Maya ] SetState_Notify_1()
2025-07-14_22:56:07 INFO [ Battle Maya ] Failed. No users at state 2
2025-07-14_22:56:07 INFO [ Battle Maya ] SetState_End()
2025-07-14_22:56:09 INFO [ Battle Maya ] SetState_EndCycle()
2025-07-14_22:56:09 INFO [ Battle Maya ] SetState_None()
2025-07-14_22:56:09 INFO SetState_End()
2025-07-14_22:56:09 INFO SetState_None()
2025-07-14_22:56:09 INFO [ Battle StandBy ] SetState_Start()
2025-07-14_22:56:09 INFO SetState_BattleStandBy()
2025-07-14_23:15:08 INFO [ Battle StandBy ] SetState_Notify()
2025-07-14_23:16:07 INFO [ Battle StandBy ] SetState_End()
2025-07-14_23:16:07 INFO [ Battle StandBy ] SetState_None()
2025-07-14_23:16:07 INFO [ Battle Maya ] SetState_StandBy_1()
2025-07-14_23:16:07 INFO SetState_BattleOfMaya()
2025-07-14_23:18:07 INFO [ Battle Maya ] SetState_Notify_1()
2025-07-14_23:18:07 INFO [ Battle Maya ] Failed. No users at state 2
2025-07-14_23:18:07 INFO [ Battle Maya ] SetState_End()
2025-07-14_23:18:09 INFO [ Battle Maya ] SetState_EndCycle()
2025-07-14_23:18:09 INFO [ Battle Maya ] SetState_None()
2025-07-14_23:18:09 INFO SetState_End()
2025-07-14_23:18:09 INFO SetState_None()
2025-07-14_23:18:09 INFO [ Battle StandBy ] SetState_Start()
2025-07-14_23:18:09 INFO SetState_BattleStandBy()
2025-07-14_23:37:08 INFO [ Battle StandBy ] SetState_Notify()
2025-07-14_23:38:07 INFO [ Battle StandBy ] SetState_End()
2025-07-14_23:38:07 INFO [ Battle StandBy ] SetState_None()
2025-07-14_23:38:07 INFO [ Battle Maya ] SetState_StandBy_1()
2025-07-14_23:38:07 INFO SetState_BattleOfMaya()
2025-07-14_23:40:06 INFO [ Battle Maya ] SetState_Notify_1()
2025-07-14_23:40:06 INFO [ Battle Maya ] Failed. No users at state 2
2025-07-14_23:40:06 INFO [ Battle Maya ] SetState_End()
2025-07-14_23:40:08 INFO [ Battle Maya ] SetState_EndCycle()
2025-07-14_23:40:08 INFO [ Battle Maya ] SetState_None()
2025-07-14_23:40:08 INFO SetState_End()
2025-07-14_23:40:08 INFO SetState_None()
2025-07-14_23:40:08 INFO [ Battle StandBy ] SetState_Start()
2025-07-14_23:40:08 INFO SetState_BattleStandBy()
2025-07-14_23:59:07 INFO [ Battle StandBy ] SetState_Notify()
2025-07-15_00:00:06 INFO [ Battle StandBy ] SetState_End()
2025-07-15_00:00:06 INFO [ Battle StandBy ] SetState_None()
2025-07-15_00:00:06 INFO [ Battle Maya ] SetState_StandBy_1()
2025-07-15_00:00:06 INFO SetState_BattleOfMaya()
