2025-07-15_00:02:05 INFO [ Battle Maya ] SetState_Notify_1()
2025-07-15_00:02:05 INFO [ Battle Maya ] Failed. No users at state 2
2025-07-15_00:02:05 INFO [ Battle Maya ] SetState_End()
2025-07-15_00:02:07 INFO [ Battle Maya ] SetState_EndCycle()
2025-07-15_00:02:07 INFO [ Battle Maya ] SetState_None()
2025-07-15_00:02:07 INFO SetState_End()
2025-07-15_00:02:07 INFO SetState_None()
2025-07-15_00:02:07 INFO [ Battle StandBy ] SetState_Start()
2025-07-15_00:02:07 INFO SetState_BattleStandBy()
2025-07-15_00:21:06 INFO [ Battle StandBy ] SetState_Notify()
2025-07-15_00:22:05 INFO [ Battle StandBy ] SetState_End()
2025-07-15_00:22:05 INFO [ Battle StandBy ] SetState_None()
2025-07-15_00:22:05 INFO [ Battle Maya ] SetState_StandBy_1()
2025-07-15_00:22:05 INFO SetState_BattleOfMaya()
2025-07-15_00:24:04 INFO [ Battle Maya ] SetState_Notify_1()
2025-07-15_00:24:04 INFO [ Battle Maya ] Failed. No users at state 2
2025-07-15_00:24:04 INFO [ Battle Maya ] SetState_End()
2025-07-15_00:24:07 INFO [ Battle Maya ] SetState_EndCycle()
2025-07-15_00:24:07 INFO [ Battle Maya ] SetState_None()
2025-07-15_00:24:07 INFO SetState_End()
2025-07-15_00:24:07 INFO SetState_None()
2025-07-15_00:24:07 INFO [ Battle StandBy ] SetState_Start()
2025-07-15_00:24:07 INFO SetState_BattleStandBy()
2025-07-15_00:43:06 INFO [ Battle StandBy ] SetState_Notify()
2025-07-15_00:44:05 INFO [ Battle StandBy ] SetState_End()
2025-07-15_00:44:05 INFO [ Battle StandBy ] SetState_None()
2025-07-15_00:44:05 INFO [ Battle Maya ] SetState_StandBy_1()
2025-07-15_00:44:05 INFO SetState_BattleOfMaya()
2025-07-15_00:46:04 INFO [ Battle Maya ] SetState_Notify_1()
2025-07-15_00:46:04 INFO [ Battle Maya ] Failed. No users at state 2
2025-07-15_00:46:04 INFO [ Battle Maya ] SetState_End()
2025-07-15_00:46:06 INFO [ Battle Maya ] SetState_EndCycle()
2025-07-15_00:46:06 INFO [ Battle Maya ] SetState_None()
2025-07-15_00:46:06 INFO SetState_End()
2025-07-15_00:46:06 INFO SetState_None()
2025-07-15_00:46:06 INFO [ Battle StandBy ] SetState_Start()
2025-07-15_00:46:06 INFO SetState_BattleStandBy()
2025-07-15_01:05:05 INFO [ Battle StandBy ] SetState_Notify()
2025-07-15_01:06:04 INFO [ Battle StandBy ] SetState_End()
2025-07-15_01:06:04 INFO [ Battle StandBy ] SetState_None()
2025-07-15_01:06:04 INFO [ Battle Maya ] SetState_StandBy_1()
2025-07-15_01:06:04 INFO SetState_BattleOfMaya()
2025-07-15_01:08:03 INFO [ Battle Maya ] SetState_Notify_1()
2025-07-15_01:08:03 INFO [ Battle Maya ] Failed. No users at state 2
2025-07-15_01:08:03 INFO [ Battle Maya ] SetState_End()
2025-07-15_01:08:05 INFO [ Battle Maya ] SetState_EndCycle()
2025-07-15_01:08:05 INFO [ Battle Maya ] SetState_None()
2025-07-15_01:08:05 INFO SetState_End()
2025-07-15_01:08:05 INFO SetState_None()
2025-07-15_01:08:05 INFO [ Battle StandBy ] SetState_Start()
2025-07-15_01:08:05 INFO SetState_BattleStandBy()
2025-07-15_01:27:04 INFO [ Battle StandBy ] SetState_Notify()
2025-07-15_01:28:03 INFO [ Battle StandBy ] SetState_End()
2025-07-15_01:28:03 INFO [ Battle StandBy ] SetState_None()
2025-07-15_01:28:03 INFO [ Battle Maya ] SetState_StandBy_1()
2025-07-15_01:28:03 INFO SetState_BattleOfMaya()
2025-07-15_01:30:02 INFO [ Battle Maya ] SetState_Notify_1()
2025-07-15_01:30:02 INFO [ Battle Maya ] Failed. No users at state 2
2025-07-15_01:30:02 INFO [ Battle Maya ] SetState_End()
2025-07-15_01:30:05 INFO [ Battle Maya ] SetState_EndCycle()
2025-07-15_01:30:05 INFO [ Battle Maya ] SetState_None()
2025-07-15_01:30:05 INFO SetState_End()
2025-07-15_01:30:05 INFO SetState_None()
2025-07-15_01:30:05 INFO [ Battle StandBy ] SetState_Start()
2025-07-15_01:30:05 INFO SetState_BattleStandBy()
2025-07-15_01:49:04 INFO [ Battle StandBy ] SetState_Notify()
2025-07-15_01:50:03 INFO [ Battle StandBy ] SetState_End()
2025-07-15_01:50:03 INFO [ Battle StandBy ] SetState_None()
2025-07-15_01:50:03 INFO [ Battle Maya ] SetState_StandBy_1()
2025-07-15_01:50:03 INFO SetState_BattleOfMaya()
2025-07-15_01:52:02 INFO [ Battle Maya ] SetState_Notify_1()
2025-07-15_01:52:02 INFO [ Battle Maya ] Failed. No users at state 2
2025-07-15_01:52:02 INFO [ Battle Maya ] SetState_End()
2025-07-15_01:52:04 INFO [ Battle Maya ] SetState_EndCycle()
2025-07-15_01:52:04 INFO [ Battle Maya ] SetState_None()
2025-07-15_01:52:04 INFO SetState_End()
2025-07-15_01:52:04 INFO SetState_None()
2025-07-15_01:52:04 INFO [ Battle StandBy ] SetState_Start()
2025-07-15_01:52:04 INFO SetState_BattleStandBy()
2025-07-15_02:11:03 INFO [ Battle StandBy ] SetState_Notify()
2025-07-15_02:12:02 INFO [ Battle StandBy ] SetState_End()
2025-07-15_02:12:02 INFO [ Battle StandBy ] SetState_None()
2025-07-15_02:12:02 INFO [ Battle Maya ] SetState_StandBy_1()
2025-07-15_02:12:02 INFO SetState_BattleOfMaya()
2025-07-15_02:14:01 INFO [ Battle Maya ] SetState_Notify_1()
2025-07-15_02:14:01 INFO [ Battle Maya ] Failed. No users at state 2
2025-07-15_02:14:01 INFO [ Battle Maya ] SetState_End()
2025-07-15_02:14:03 INFO [ Battle Maya ] SetState_EndCycle()
2025-07-15_02:14:03 INFO [ Battle Maya ] SetState_None()
2025-07-15_02:14:03 INFO SetState_End()
2025-07-15_02:14:03 INFO SetState_None()
2025-07-15_02:14:03 INFO [ Battle StandBy ] SetState_Start()
2025-07-15_02:14:03 INFO SetState_BattleStandBy()
2025-07-15_02:33:05 INFO [ Battle StandBy ] SetState_Notify()
2025-07-15_02:34:04 INFO [ Battle StandBy ] SetState_End()
2025-07-15_02:34:04 INFO [ Battle StandBy ] SetState_None()
2025-07-15_02:34:04 INFO [ Battle Maya ] SetState_StandBy_1()
2025-07-15_02:34:04 INFO SetState_BattleOfMaya()
2025-07-15_02:36:03 INFO [ Battle Maya ] SetState_Notify_1()
2025-07-15_02:36:03 INFO [ Battle Maya ] Failed. No users at state 2
2025-07-15_02:36:03 INFO [ Battle Maya ] SetState_End()
2025-07-15_02:36:05 INFO [ Battle Maya ] SetState_EndCycle()
2025-07-15_02:36:05 INFO [ Battle Maya ] SetState_None()
2025-07-15_02:36:05 INFO SetState_End()
2025-07-15_02:36:05 INFO SetState_None()
2025-07-15_02:36:05 INFO [ Battle StandBy ] SetState_Start()
2025-07-15_02:36:05 INFO SetState_BattleStandBy()
2025-07-15_02:55:05 INFO [ Battle StandBy ] SetState_Notify()
2025-07-15_02:56:04 INFO [ Battle StandBy ] SetState_End()
2025-07-15_02:56:04 INFO [ Battle StandBy ] SetState_None()
2025-07-15_02:56:04 INFO [ Battle Maya ] SetState_StandBy_1()
2025-07-15_02:56:04 INFO SetState_BattleOfMaya()
2025-07-15_02:58:03 INFO [ Battle Maya ] SetState_Notify_1()
2025-07-15_02:58:03 INFO [ Battle Maya ] Failed. No users at state 2
2025-07-15_02:58:03 INFO [ Battle Maya ] SetState_End()
2025-07-15_02:58:05 INFO [ Battle Maya ] SetState_EndCycle()
2025-07-15_02:58:05 INFO [ Battle Maya ] SetState_None()
2025-07-15_02:58:05 INFO SetState_End()
2025-07-15_02:58:05 INFO SetState_None()
2025-07-15_02:58:05 INFO [ Battle StandBy ] SetState_Start()
2025-07-15_02:58:05 INFO SetState_BattleStandBy()
2025-07-15_03:17:04 INFO [ Battle StandBy ] SetState_Notify()
2025-07-15_03:18:03 INFO [ Battle StandBy ] SetState_End()
2025-07-15_03:18:03 INFO [ Battle StandBy ] SetState_None()
2025-07-15_03:18:03 INFO [ Battle Maya ] SetState_StandBy_1()
2025-07-15_03:18:03 INFO SetState_BattleOfMaya()
2025-07-15_03:20:02 INFO [ Battle Maya ] SetState_Notify_1()
2025-07-15_03:20:02 INFO [ Battle Maya ] Failed. No users at state 2
2025-07-15_03:20:02 INFO [ Battle Maya ] SetState_End()
2025-07-15_03:20:04 INFO [ Battle Maya ] SetState_EndCycle()
2025-07-15_03:20:04 INFO [ Battle Maya ] SetState_None()
2025-07-15_03:20:04 INFO SetState_End()
2025-07-15_03:20:04 INFO SetState_None()
2025-07-15_03:20:04 INFO [ Battle StandBy ] SetState_Start()
2025-07-15_03:20:04 INFO SetState_BattleStandBy()
2025-07-15_03:39:03 INFO [ Battle StandBy ] SetState_Notify()
2025-07-15_03:40:02 INFO [ Battle StandBy ] SetState_End()
2025-07-15_03:40:02 INFO [ Battle StandBy ] SetState_None()
2025-07-15_03:40:02 INFO [ Battle Maya ] SetState_StandBy_1()
2025-07-15_03:40:02 INFO SetState_BattleOfMaya()
2025-07-15_03:42:01 INFO [ Battle Maya ] SetState_Notify_1()
2025-07-15_03:42:01 INFO [ Battle Maya ] Failed. No users at state 2
2025-07-15_03:42:01 INFO [ Battle Maya ] SetState_End()
2025-07-15_03:42:03 INFO [ Battle Maya ] SetState_EndCycle()
2025-07-15_03:42:03 INFO [ Battle Maya ] SetState_None()
2025-07-15_03:42:03 INFO SetState_End()
2025-07-15_03:42:03 INFO SetState_None()
2025-07-15_03:42:03 INFO [ Battle StandBy ] SetState_Start()
2025-07-15_03:42:03 INFO SetState_BattleStandBy()
2025-07-15_04:01:03 INFO [ Battle StandBy ] SetState_Notify()
2025-07-15_04:02:02 INFO [ Battle StandBy ] SetState_End()
2025-07-15_04:02:02 INFO [ Battle StandBy ] SetState_None()
2025-07-15_04:02:02 INFO [ Battle Maya ] SetState_StandBy_1()
2025-07-15_04:02:02 INFO SetState_BattleOfMaya()
2025-07-15_04:04:01 INFO [ Battle Maya ] SetState_Notify_1()
2025-07-15_04:04:01 INFO [ Battle Maya ] Failed. No users at state 2
2025-07-15_04:04:01 INFO [ Battle Maya ] SetState_End()
2025-07-15_04:04:03 INFO [ Battle Maya ] SetState_EndCycle()
2025-07-15_04:04:03 INFO [ Battle Maya ] SetState_None()
2025-07-15_04:04:03 INFO SetState_End()
2025-07-15_04:04:03 INFO SetState_None()
2025-07-15_04:04:03 INFO [ Battle StandBy ] SetState_Start()
2025-07-15_04:04:03 INFO SetState_BattleStandBy()
2025-07-15_04:23:02 INFO [ Battle StandBy ] SetState_Notify()
2025-07-15_04:24:01 INFO [ Battle StandBy ] SetState_End()
2025-07-15_04:24:01 INFO [ Battle StandBy ] SetState_None()
2025-07-15_04:24:01 INFO [ Battle Maya ] SetState_StandBy_1()
2025-07-15_04:24:01 INFO SetState_BattleOfMaya()
2025-07-15_04:26:00 INFO [ Battle Maya ] SetState_Notify_1()
2025-07-15_04:26:00 INFO [ Battle Maya ] Failed. No users at state 2
2025-07-15_04:26:00 INFO [ Battle Maya ] SetState_End()
2025-07-15_04:26:02 INFO [ Battle Maya ] SetState_EndCycle()
2025-07-15_04:26:02 INFO [ Battle Maya ] SetState_None()
2025-07-15_04:26:02 INFO SetState_End()
2025-07-15_04:26:02 INFO SetState_None()
2025-07-15_04:26:02 INFO [ Battle StandBy ] SetState_Start()
2025-07-15_04:26:02 INFO SetState_BattleStandBy()
2025-07-15_04:45:01 INFO [ Battle StandBy ] SetState_Notify()
2025-07-15_04:46:00 INFO [ Battle StandBy ] SetState_End()
2025-07-15_04:46:00 INFO [ Battle StandBy ] SetState_None()
2025-07-15_04:46:00 INFO [ Battle Maya ] SetState_StandBy_1()
2025-07-15_04:46:00 INFO SetState_BattleOfMaya()
2025-07-15_04:47:59 INFO [ Battle Maya ] SetState_Notify_1()
2025-07-15_04:47:59 INFO [ Battle Maya ] Failed. No users at state 2
2025-07-15_04:47:59 INFO [ Battle Maya ] SetState_End()
2025-07-15_04:48:01 INFO [ Battle Maya ] SetState_EndCycle()
2025-07-15_04:48:01 INFO [ Battle Maya ] SetState_None()
2025-07-15_04:48:01 INFO SetState_End()
2025-07-15_04:48:01 INFO SetState_None()
2025-07-15_04:48:01 INFO [ Battle StandBy ] SetState_Start()
2025-07-15_04:48:01 INFO SetState_BattleStandBy()
2025-07-15_05:07:00 INFO [ Battle StandBy ] SetState_Notify()
2025-07-15_05:07:59 INFO [ Battle StandBy ] SetState_End()
2025-07-15_05:08:00 INFO [ Battle StandBy ] SetState_None()
2025-07-15_05:08:00 INFO [ Battle Maya ] SetState_StandBy_1()
2025-07-15_05:08:00 INFO SetState_BattleOfMaya()
2025-07-15_05:09:59 INFO [ Battle Maya ] SetState_Notify_1()
2025-07-15_05:09:59 INFO [ Battle Maya ] Failed. No users at state 2
2025-07-15_05:09:59 INFO [ Battle Maya ] SetState_End()
2025-07-15_05:10:01 INFO [ Battle Maya ] SetState_EndCycle()
2025-07-15_05:10:01 INFO [ Battle Maya ] SetState_None()
2025-07-15_05:10:01 INFO SetState_End()
2025-07-15_05:10:01 INFO SetState_None()
2025-07-15_05:10:01 INFO [ Battle StandBy ] SetState_Start()
2025-07-15_05:10:01 INFO SetState_BattleStandBy()
2025-07-15_05:29:00 INFO [ Battle StandBy ] SetState_Notify()
2025-07-15_05:29:59 INFO [ Battle StandBy ] SetState_End()
2025-07-15_05:29:59 INFO [ Battle StandBy ] SetState_None()
2025-07-15_05:29:59 INFO [ Battle Maya ] SetState_StandBy_1()
2025-07-15_05:29:59 INFO SetState_BattleOfMaya()
2025-07-15_05:31:58 INFO [ Battle Maya ] SetState_Notify_1()
2025-07-15_05:31:58 INFO [ Battle Maya ] Failed. No users at state 2
2025-07-15_05:31:58 INFO [ Battle Maya ] SetState_End()
2025-07-15_05:32:00 INFO [ Battle Maya ] SetState_EndCycle()
2025-07-15_05:32:00 INFO [ Battle Maya ] SetState_None()
2025-07-15_05:32:00 INFO SetState_End()
2025-07-15_05:32:00 INFO SetState_None()
2025-07-15_05:32:00 INFO [ Battle StandBy ] SetState_Start()
2025-07-15_05:32:00 INFO SetState_BattleStandBy()
2025-07-15_05:50:59 INFO [ Battle StandBy ] SetState_Notify()
2025-07-15_05:51:58 INFO [ Battle StandBy ] SetState_End()
2025-07-15_05:51:58 INFO [ Battle StandBy ] SetState_None()
2025-07-15_05:51:58 INFO [ Battle Maya ] SetState_StandBy_1()
2025-07-15_05:51:58 INFO SetState_BattleOfMaya()
2025-07-15_05:53:57 INFO [ Battle Maya ] SetState_Notify_1()
2025-07-15_05:53:57 INFO [ Battle Maya ] Failed. No users at state 2
2025-07-15_05:53:57 INFO [ Battle Maya ] SetState_End()
2025-07-15_05:53:59 INFO [ Battle Maya ] SetState_EndCycle()
2025-07-15_05:53:59 INFO [ Battle Maya ] SetState_None()
2025-07-15_05:53:59 INFO SetState_End()
2025-07-15_05:53:59 INFO SetState_None()
2025-07-15_05:53:59 INFO [ Battle StandBy ] SetState_Start()
2025-07-15_05:53:59 INFO SetState_BattleStandBy()
2025-07-15_06:12:58 INFO [ Battle StandBy ] SetState_Notify()
2025-07-15_06:13:57 INFO [ Battle StandBy ] SetState_End()
2025-07-15_06:13:57 INFO [ Battle StandBy ] SetState_None()
2025-07-15_06:13:57 INFO [ Battle Maya ] SetState_StandBy_1()
2025-07-15_06:13:57 INFO SetState_BattleOfMaya()
2025-07-15_06:15:56 INFO [ Battle Maya ] SetState_Notify_1()
2025-07-15_06:15:56 INFO [ Battle Maya ] Failed. No users at state 2
2025-07-15_06:15:56 INFO [ Battle Maya ] SetState_End()
2025-07-15_06:15:59 INFO [ Battle Maya ] SetState_EndCycle()
2025-07-15_06:15:59 INFO [ Battle Maya ] SetState_None()
2025-07-15_06:15:59 INFO SetState_End()
2025-07-15_06:15:59 INFO SetState_None()
2025-07-15_06:15:59 INFO [ Battle StandBy ] SetState_Start()
2025-07-15_06:15:59 INFO SetState_BattleStandBy()
2025-07-15_06:34:58 INFO [ Battle StandBy ] SetState_Notify()
2025-07-15_06:35:57 INFO [ Battle StandBy ] SetState_End()
2025-07-15_06:35:57 INFO [ Battle StandBy ] SetState_None()
2025-07-15_06:35:57 INFO [ Battle Maya ] SetState_StandBy_1()
2025-07-15_06:35:57 INFO SetState_BattleOfMaya()
2025-07-15_06:37:56 INFO [ Battle Maya ] SetState_Notify_1()
2025-07-15_06:37:56 INFO [ Battle Maya ] Failed. No users at state 2
2025-07-15_06:37:56 INFO [ Battle Maya ] SetState_End()
2025-07-15_06:37:58 INFO [ Battle Maya ] SetState_EndCycle()
2025-07-15_06:37:58 INFO [ Battle Maya ] SetState_None()
2025-07-15_06:37:58 INFO SetState_End()
2025-07-15_06:37:58 INFO SetState_None()
2025-07-15_06:37:58 INFO [ Battle StandBy ] SetState_Start()
2025-07-15_06:37:58 INFO SetState_BattleStandBy()
2025-07-15_06:56:57 INFO [ Battle StandBy ] SetState_Notify()
2025-07-15_06:57:56 INFO [ Battle StandBy ] SetState_End()
2025-07-15_06:57:56 INFO [ Battle StandBy ] SetState_None()
2025-07-15_06:57:56 INFO [ Battle Maya ] SetState_StandBy_1()
2025-07-15_06:57:56 INFO SetState_BattleOfMaya()
2025-07-15_06:59:55 INFO [ Battle Maya ] SetState_Notify_1()
2025-07-15_06:59:55 INFO [ Battle Maya ] Failed. No users at state 2
2025-07-15_06:59:55 INFO [ Battle Maya ] SetState_End()
2025-07-15_06:59:57 INFO [ Battle Maya ] SetState_EndCycle()
2025-07-15_06:59:57 INFO [ Battle Maya ] SetState_None()
2025-07-15_06:59:57 INFO SetState_End()
2025-07-15_06:59:57 INFO SetState_None()
2025-07-15_06:59:57 INFO [ Battle StandBy ] SetState_Start()
2025-07-15_06:59:57 INFO SetState_BattleStandBy()
2025-07-15_07:18:56 INFO [ Battle StandBy ] SetState_Notify()
2025-07-15_07:19:55 INFO [ Battle StandBy ] SetState_End()
2025-07-15_07:19:55 INFO [ Battle StandBy ] SetState_None()
2025-07-15_07:19:55 INFO [ Battle Maya ] SetState_StandBy_1()
2025-07-15_07:19:55 INFO SetState_BattleOfMaya()
2025-07-15_07:21:54 INFO [ Battle Maya ] SetState_Notify_1()
2025-07-15_07:21:54 INFO [ Battle Maya ] Failed. No users at state 2
2025-07-15_07:21:54 INFO [ Battle Maya ] SetState_End()
2025-07-15_07:21:56 INFO [ Battle Maya ] SetState_EndCycle()
2025-07-15_07:21:56 INFO [ Battle Maya ] SetState_None()
2025-07-15_07:21:56 INFO SetState_End()
2025-07-15_07:21:56 INFO SetState_None()
2025-07-15_07:21:56 INFO [ Battle StandBy ] SetState_Start()
2025-07-15_07:21:56 INFO SetState_BattleStandBy()
