2025-07-13_10:03:53 INFO [ Battle StandBy ] SetState_Start()
2025-07-13_10:03:53 INFO SetState_BattleStandBy()
2025-07-13_10:22:52 INFO [ Battle StandBy ] SetState_Notify()
2025-07-13_10:23:51 INFO [ Battle StandBy ] SetState_End()
2025-07-13_10:23:51 INFO [ Battle StandBy ] SetState_None()
2025-07-13_10:23:51 INFO [ Battle Maya ] SetState_StandBy_1()
2025-07-13_10:23:51 INFO SetState_BattleOfMaya()
2025-07-13_10:25:50 INFO [ Battle Maya ] SetState_Notify_1()
2025-07-13_10:25:50 INFO [ Battle Maya ] Failed. No users at state 2
2025-07-13_10:25:50 INFO [ Battle Maya ] SetState_End()
2025-07-13_10:25:52 INFO [ Battle Maya ] SetState_EndCycle()
2025-07-13_10:25:52 INFO [ Battle Maya ] SetState_None()
2025-07-13_10:25:52 INFO SetState_End()
2025-07-13_10:25:52 INFO SetState_None()
2025-07-13_10:25:52 INFO [ Battle StandBy ] SetState_Start()
2025-07-13_10:25:52 INFO SetState_BattleStandBy()
2025-07-13_10:44:51 INFO [ Battle StandBy ] SetState_Notify()
2025-07-13_10:45:51 INFO [ Battle StandBy ] SetState_End()
2025-07-13_10:45:51 INFO [ Battle StandBy ] SetState_None()
2025-07-13_10:45:51 INFO [ Battle Maya ] SetState_StandBy_1()
2025-07-13_10:45:51 INFO SetState_BattleOfMaya()
2025-07-13_10:47:50 INFO [ Battle Maya ] SetState_Notify_1()
2025-07-13_10:47:50 INFO [ Battle Maya ] Failed. No users at state 2
2025-07-13_10:47:50 INFO [ Battle Maya ] SetState_End()
2025-07-13_10:47:52 INFO [ Battle Maya ] SetState_EndCycle()
2025-07-13_10:47:52 INFO [ Battle Maya ] SetState_None()
2025-07-13_10:47:52 INFO SetState_End()
2025-07-13_10:47:52 INFO SetState_None()
2025-07-13_10:47:52 INFO [ Battle StandBy ] SetState_Start()
2025-07-13_10:47:52 INFO SetState_BattleStandBy()
2025-07-13_11:06:51 INFO [ Battle StandBy ] SetState_Notify()
2025-07-13_11:07:50 INFO [ Battle StandBy ] SetState_End()
2025-07-13_11:07:50 INFO [ Battle StandBy ] SetState_None()
2025-07-13_11:07:50 INFO [ Battle Maya ] SetState_StandBy_1()
2025-07-13_11:07:50 INFO SetState_BattleOfMaya()
2025-07-13_11:09:49 INFO [ Battle Maya ] SetState_Notify_1()
2025-07-13_11:09:49 INFO [ Battle Maya ] Failed. No users at state 2
2025-07-13_11:09:49 INFO [ Battle Maya ] SetState_End()
2025-07-13_11:09:51 INFO [ Battle Maya ] SetState_EndCycle()
2025-07-13_11:09:51 INFO [ Battle Maya ] SetState_None()
2025-07-13_11:09:51 INFO SetState_End()
2025-07-13_11:09:51 INFO SetState_None()
2025-07-13_11:09:51 INFO [ Battle StandBy ] SetState_Start()
2025-07-13_11:09:51 INFO SetState_BattleStandBy()
2025-07-13_11:28:50 INFO [ Battle StandBy ] SetState_Notify()
2025-07-13_11:29:49 INFO [ Battle StandBy ] SetState_End()
2025-07-13_11:29:49 INFO [ Battle StandBy ] SetState_None()
2025-07-13_11:29:49 INFO [ Battle Maya ] SetState_StandBy_1()
2025-07-13_11:29:49 INFO SetState_BattleOfMaya()
