2025-07-15_18:58:50 INFO [ Battle StandBy ] SetState_Start()
2025-07-15_18:58:50 INFO SetState_BattleStandBy()
2025-07-15_19:17:49 INFO [ Battle StandBy ] SetState_Notify()
2025-07-15_19:18:48 INFO [ Battle StandBy ] SetState_End()
2025-07-15_19:18:48 INFO [ Battle StandBy ] SetState_None()
2025-07-15_19:18:48 INFO [ Battle Maya ] SetState_StandBy_1()
2025-07-15_19:18:48 INFO SetState_BattleOfMaya()
2025-07-15_19:20:47 INFO [ Battle Maya ] SetState_Notify_1()
2025-07-15_19:20:47 INFO [ Battle Maya ] Failed. No users at state 2
2025-07-15_19:20:47 INFO [ Battle Maya ] SetState_End()
2025-07-15_19:20:49 INFO [ Battle Maya ] SetState_EndCycle()
2025-07-15_19:20:49 INFO [ Battle Maya ] SetState_None()
2025-07-15_19:20:49 INFO SetState_End()
2025-07-15_19:20:50 INFO SetState_None()
2025-07-15_19:20:50 INFO [ Battle StandBy ] SetState_Start()
2025-07-15_19:20:50 INFO SetState_BattleStandBy()
2025-07-15_19:39:49 INFO [ Battle StandBy ] SetState_Notify()
2025-07-15_19:40:48 INFO [ Battle StandBy ] SetState_End()
2025-07-15_19:40:48 INFO [ Battle StandBy ] SetState_None()
2025-07-15_19:40:48 INFO [ Battle Maya ] SetState_StandBy_1()
2025-07-15_19:40:48 INFO SetState_BattleOfMaya()
2025-07-15_19:42:47 INFO [ Battle Maya ] SetState_Notify_1()
2025-07-15_19:42:47 INFO [ Battle Maya ] Failed. No users at state 2
2025-07-15_19:42:47 INFO [ Battle Maya ] SetState_End()
2025-07-15_19:42:49 INFO [ Battle Maya ] SetState_EndCycle()
2025-07-15_19:42:49 INFO [ Battle Maya ] SetState_None()
2025-07-15_19:42:49 INFO SetState_End()
2025-07-15_19:42:49 INFO SetState_None()
2025-07-15_19:42:49 INFO [ Battle StandBy ] SetState_Start()
2025-07-15_19:42:49 INFO SetState_BattleStandBy()
2025-07-15_20:01:48 INFO [ Battle StandBy ] SetState_Notify()
2025-07-15_20:02:47 INFO [ Battle StandBy ] SetState_End()
2025-07-15_20:02:47 INFO [ Battle StandBy ] SetState_None()
2025-07-15_20:02:47 INFO [ Battle Maya ] SetState_StandBy_1()
2025-07-15_20:02:47 INFO SetState_BattleOfMaya()
2025-07-15_20:04:46 INFO [ Battle Maya ] SetState_Notify_1()
2025-07-15_20:04:46 INFO [ Battle Maya ] Failed. No users at state 2
2025-07-15_20:04:46 INFO [ Battle Maya ] SetState_End()
2025-07-15_20:04:48 INFO [ Battle Maya ] SetState_EndCycle()
2025-07-15_20:04:48 INFO [ Battle Maya ] SetState_None()
2025-07-15_20:04:48 INFO SetState_End()
2025-07-15_20:04:48 INFO SetState_None()
2025-07-15_20:04:48 INFO [ Battle StandBy ] SetState_Start()
2025-07-15_20:04:48 INFO SetState_BattleStandBy()
2025-07-15_20:23:47 INFO [ Battle StandBy ] SetState_Notify()
2025-07-15_20:24:46 INFO [ Battle StandBy ] SetState_End()
2025-07-15_20:24:46 INFO [ Battle StandBy ] SetState_None()
2025-07-15_20:24:46 INFO [ Battle Maya ] SetState_StandBy_1()
2025-07-15_20:24:46 INFO SetState_BattleOfMaya()
2025-07-15_20:26:45 INFO [ Battle Maya ] SetState_Notify_1()
2025-07-15_20:26:45 INFO [ Battle Maya ] Failed. No users at state 2
2025-07-15_20:26:45 INFO [ Battle Maya ] SetState_End()
2025-07-15_20:26:47 INFO [ Battle Maya ] SetState_EndCycle()
2025-07-15_20:26:48 INFO [ Battle Maya ] SetState_None()
2025-07-15_20:26:48 INFO SetState_End()
2025-07-15_20:26:48 INFO SetState_None()
2025-07-15_20:26:48 INFO [ Battle StandBy ] SetState_Start()
2025-07-15_20:26:48 INFO SetState_BattleStandBy()
2025-07-15_20:45:47 INFO [ Battle StandBy ] SetState_Notify()
2025-07-15_20:46:46 INFO [ Battle StandBy ] SetState_End()
2025-07-15_20:46:46 INFO [ Battle StandBy ] SetState_None()
2025-07-15_20:46:46 INFO [ Battle Maya ] SetState_StandBy_1()
2025-07-15_20:46:46 INFO SetState_BattleOfMaya()
2025-07-15_20:48:45 INFO [ Battle Maya ] SetState_Notify_1()
2025-07-15_20:48:45 INFO [ Battle Maya ] Failed. No users at state 2
2025-07-15_20:48:45 INFO [ Battle Maya ] SetState_End()
2025-07-15_20:48:47 INFO [ Battle Maya ] SetState_EndCycle()
2025-07-15_20:48:47 INFO [ Battle Maya ] SetState_None()
2025-07-15_20:48:47 INFO SetState_End()
2025-07-15_20:48:47 INFO SetState_None()
2025-07-15_20:48:47 INFO [ Battle StandBy ] SetState_Start()
2025-07-15_20:48:47 INFO SetState_BattleStandBy()
2025-07-15_21:07:46 INFO [ Battle StandBy ] SetState_Notify()
2025-07-15_21:08:45 INFO [ Battle StandBy ] SetState_End()
2025-07-15_21:08:45 INFO [ Battle StandBy ] SetState_None()
2025-07-15_21:08:45 INFO [ Battle Maya ] SetState_StandBy_1()
2025-07-15_21:08:45 INFO SetState_BattleOfMaya()
2025-07-15_21:10:44 INFO [ Battle Maya ] SetState_Notify_1()
2025-07-15_21:10:44 INFO [ Battle Maya ] Failed. No users at state 2
2025-07-15_21:10:44 INFO [ Battle Maya ] SetState_End()
2025-07-15_21:10:46 INFO [ Battle Maya ] SetState_EndCycle()
2025-07-15_21:10:46 INFO [ Battle Maya ] SetState_None()
2025-07-15_21:10:46 INFO SetState_End()
2025-07-15_21:10:46 INFO SetState_None()
2025-07-15_21:10:46 INFO [ Battle StandBy ] SetState_Start()
2025-07-15_21:10:46 INFO SetState_BattleStandBy()
