2025-07-08_07:15:11 INFO [ Battle StandBy ] SetState_Start()
2025-07-08_07:15:11 INFO SetState_BattleStandBy()
2025-07-08_07:34:10 INFO [ Battle StandBy ] SetState_Notify()
2025-07-08_07:35:09 INFO [ Battle StandBy ] SetState_End()
2025-07-08_07:35:09 INFO [ Battle StandBy ] SetState_None()
2025-07-08_07:35:09 INFO [ Battle Maya ] SetState_StandBy_1()
2025-07-08_07:35:09 INFO SetState_BattleOfMaya()
2025-07-08_07:37:08 INFO [ Battle Maya ] SetState_Notify_1()
2025-07-08_07:37:08 INFO [ Battle Maya ] Failed. No users at state 2
2025-07-08_07:37:08 INFO [ Battle Maya ] SetState_End()
2025-07-08_07:37:10 INFO [ Battle Maya ] SetState_EndCycle()
2025-07-08_07:37:10 INFO [ Battle Maya ] SetState_None()
2025-07-08_07:37:10 INFO SetState_End()
2025-07-08_07:37:10 INFO SetState_None()
2025-07-08_07:37:10 INFO [ Battle StandBy ] SetState_Start()
2025-07-08_07:37:10 INFO SetState_BattleStandBy()
2025-07-08_07:56:09 INFO [ Battle StandBy ] SetState_Notify()
2025-07-08_07:57:08 INFO [ Battle StandBy ] SetState_End()
2025-07-08_07:57:09 INFO [ Battle StandBy ] SetState_None()
2025-07-08_07:57:09 INFO [ Battle Maya ] SetState_StandBy_1()
2025-07-08_07:57:09 INFO SetState_BattleOfMaya()
2025-07-08_07:59:08 INFO [ Battle Maya ] SetState_Notify_1()
2025-07-08_07:59:08 INFO [ Battle Maya ] Failed. No users at state 2
2025-07-08_07:59:08 INFO [ Battle Maya ] SetState_End()
2025-07-08_07:59:10 INFO [ Battle Maya ] SetState_EndCycle()
2025-07-08_07:59:10 INFO [ Battle Maya ] SetState_None()
2025-07-08_07:59:10 INFO SetState_End()
2025-07-08_07:59:10 INFO SetState_None()
2025-07-08_07:59:10 INFO [ Battle StandBy ] SetState_Start()
2025-07-08_07:59:10 INFO SetState_BattleStandBy()
2025-07-08_08:18:09 INFO [ Battle StandBy ] SetState_Notify()
2025-07-08_08:19:08 INFO [ Battle StandBy ] SetState_End()
2025-07-08_08:19:08 INFO [ Battle StandBy ] SetState_None()
2025-07-08_08:19:08 INFO [ Battle Maya ] SetState_StandBy_1()
2025-07-08_08:19:08 INFO SetState_BattleOfMaya()
2025-07-08_08:21:07 INFO [ Battle Maya ] SetState_Notify_1()
2025-07-08_08:21:07 INFO [ Battle Maya ] Failed. No users at state 2
2025-07-08_08:21:07 INFO [ Battle Maya ] SetState_End()
2025-07-08_08:21:09 INFO [ Battle Maya ] SetState_EndCycle()
2025-07-08_08:21:09 INFO [ Battle Maya ] SetState_None()
2025-07-08_08:21:09 INFO SetState_End()
2025-07-08_08:21:09 INFO SetState_None()
2025-07-08_08:21:09 INFO [ Battle StandBy ] SetState_Start()
2025-07-08_08:21:09 INFO SetState_BattleStandBy()
2025-07-08_08:40:08 INFO [ Battle StandBy ] SetState_Notify()
2025-07-08_08:41:07 INFO [ Battle StandBy ] SetState_End()
2025-07-08_08:41:07 INFO [ Battle StandBy ] SetState_None()
2025-07-08_08:41:07 INFO [ Battle Maya ] SetState_StandBy_1()
2025-07-08_08:41:07 INFO SetState_BattleOfMaya()
2025-07-08_08:43:06 INFO [ Battle Maya ] SetState_Notify_1()
2025-07-08_08:43:06 INFO [ Battle Maya ] Failed. No users at state 2
2025-07-08_08:43:06 INFO [ Battle Maya ] SetState_End()
2025-07-08_08:43:08 INFO [ Battle Maya ] SetState_EndCycle()
2025-07-08_08:43:08 INFO [ Battle Maya ] SetState_None()
2025-07-08_08:43:08 INFO SetState_End()
2025-07-08_08:43:08 INFO SetState_None()
2025-07-08_08:43:08 INFO [ Battle StandBy ] SetState_Start()
2025-07-08_08:43:08 INFO SetState_BattleStandBy()
2025-07-08_09:02:07 INFO [ Battle StandBy ] SetState_Notify()
2025-07-08_09:03:06 INFO [ Battle StandBy ] SetState_End()
2025-07-08_09:03:06 INFO [ Battle StandBy ] SetState_None()
2025-07-08_09:03:06 INFO [ Battle Maya ] SetState_StandBy_1()
2025-07-08_09:03:06 INFO SetState_BattleOfMaya()
2025-07-08_09:05:05 INFO [ Battle Maya ] SetState_Notify_1()
2025-07-08_09:05:05 INFO [ Battle Maya ] Failed. No users at state 2
2025-07-08_09:05:05 INFO [ Battle Maya ] SetState_End()
2025-07-08_09:05:07 INFO [ Battle Maya ] SetState_EndCycle()
2025-07-08_09:05:08 INFO [ Battle Maya ] SetState_None()
2025-07-08_09:05:08 INFO SetState_End()
2025-07-08_09:05:08 INFO SetState_None()
2025-07-08_09:05:08 INFO [ Battle StandBy ] SetState_Start()
2025-07-08_09:05:08 INFO SetState_BattleStandBy()
2025-07-08_09:24:07 INFO [ Battle StandBy ] SetState_Notify()
2025-07-08_09:25:06 INFO [ Battle StandBy ] SetState_End()
2025-07-08_09:25:06 INFO [ Battle StandBy ] SetState_None()
2025-07-08_09:25:06 INFO [ Battle Maya ] SetState_StandBy_1()
2025-07-08_09:25:06 INFO SetState_BattleOfMaya()
2025-07-08_09:27:05 INFO [ Battle Maya ] SetState_Notify_1()
2025-07-08_09:27:05 INFO [ Battle Maya ] Failed. No users at state 2
2025-07-08_09:27:05 INFO [ Battle Maya ] SetState_End()
2025-07-08_09:27:07 INFO [ Battle Maya ] SetState_EndCycle()
2025-07-08_09:27:07 INFO [ Battle Maya ] SetState_None()
2025-07-08_09:27:07 INFO SetState_End()
2025-07-08_09:27:07 INFO SetState_None()
2025-07-08_09:27:07 INFO [ Battle StandBy ] SetState_Start()
2025-07-08_09:27:07 INFO SetState_BattleStandBy()
2025-07-08_09:46:06 INFO [ Battle StandBy ] SetState_Notify()
2025-07-08_09:47:05 INFO [ Battle StandBy ] SetState_End()
2025-07-08_09:47:05 INFO [ Battle StandBy ] SetState_None()
2025-07-08_09:47:05 INFO [ Battle Maya ] SetState_StandBy_1()
2025-07-08_09:47:05 INFO SetState_BattleOfMaya()
2025-07-08_09:49:04 INFO [ Battle Maya ] SetState_Notify_1()
2025-07-08_09:49:04 INFO [ Battle Maya ] Failed. No users at state 2
2025-07-08_09:49:04 INFO [ Battle Maya ] SetState_End()
2025-07-08_09:49:06 INFO [ Battle Maya ] SetState_EndCycle()
2025-07-08_09:49:06 INFO [ Battle Maya ] SetState_None()
2025-07-08_09:49:06 INFO SetState_End()
2025-07-08_09:49:06 INFO SetState_None()
2025-07-08_09:49:06 INFO [ Battle StandBy ] SetState_Start()
2025-07-08_09:49:06 INFO SetState_BattleStandBy()
2025-07-08_10:08:05 INFO [ Battle StandBy ] SetState_Notify()
2025-07-08_10:09:04 INFO [ Battle StandBy ] SetState_End()
2025-07-08_10:09:04 INFO [ Battle StandBy ] SetState_None()
2025-07-08_10:09:04 INFO [ Battle Maya ] SetState_StandBy_1()
2025-07-08_10:09:04 INFO SetState_BattleOfMaya()
2025-07-08_10:11:03 INFO [ Battle Maya ] SetState_Notify_1()
2025-07-08_10:11:03 INFO [ Battle Maya ] Failed. No users at state 2
2025-07-08_10:11:03 INFO [ Battle Maya ] SetState_End()
2025-07-08_10:11:05 INFO [ Battle Maya ] SetState_EndCycle()
2025-07-08_10:11:06 INFO [ Battle Maya ] SetState_None()
2025-07-08_10:11:06 INFO SetState_End()
2025-07-08_10:11:06 INFO SetState_None()
2025-07-08_10:11:06 INFO [ Battle StandBy ] SetState_Start()
2025-07-08_10:11:06 INFO SetState_BattleStandBy()
2025-07-08_10:30:05 INFO [ Battle StandBy ] SetState_Notify()
2025-07-08_10:31:04 INFO [ Battle StandBy ] SetState_End()
2025-07-08_10:31:04 INFO [ Battle StandBy ] SetState_None()
2025-07-08_10:31:04 INFO [ Battle Maya ] SetState_StandBy_1()
2025-07-08_10:31:04 INFO SetState_BattleOfMaya()
2025-07-08_10:33:03 INFO [ Battle Maya ] SetState_Notify_1()
2025-07-08_10:33:03 INFO [ Battle Maya ] Failed. No users at state 2
2025-07-08_10:33:03 INFO [ Battle Maya ] SetState_End()
2025-07-08_10:33:05 INFO [ Battle Maya ] SetState_EndCycle()
2025-07-08_10:33:05 INFO [ Battle Maya ] SetState_None()
2025-07-08_10:33:05 INFO SetState_End()
2025-07-08_10:33:05 INFO SetState_None()
2025-07-08_10:33:05 INFO [ Battle StandBy ] SetState_Start()
2025-07-08_10:33:05 INFO SetState_BattleStandBy()
2025-07-08_10:52:04 INFO [ Battle StandBy ] SetState_Notify()
2025-07-08_10:53:03 INFO [ Battle StandBy ] SetState_End()
2025-07-08_10:53:03 INFO [ Battle StandBy ] SetState_None()
2025-07-08_10:53:03 INFO [ Battle Maya ] SetState_StandBy_1()
2025-07-08_10:53:03 INFO SetState_BattleOfMaya()
2025-07-08_10:55:02 INFO [ Battle Maya ] SetState_Notify_1()
2025-07-08_10:55:02 INFO [ Battle Maya ] Failed. No users at state 2
2025-07-08_10:55:02 INFO [ Battle Maya ] SetState_End()
2025-07-08_10:55:04 INFO [ Battle Maya ] SetState_EndCycle()
2025-07-08_10:55:04 INFO [ Battle Maya ] SetState_None()
2025-07-08_10:55:04 INFO SetState_End()
2025-07-08_10:55:04 INFO SetState_None()
2025-07-08_10:55:04 INFO [ Battle StandBy ] SetState_Start()
2025-07-08_10:55:04 INFO SetState_BattleStandBy()
2025-07-08_11:14:03 INFO [ Battle StandBy ] SetState_Notify()
2025-07-08_11:15:02 INFO [ Battle StandBy ] SetState_End()
2025-07-08_11:15:02 INFO [ Battle StandBy ] SetState_None()
2025-07-08_11:15:02 INFO [ Battle Maya ] SetState_StandBy_1()
2025-07-08_11:15:02 INFO SetState_BattleOfMaya()
2025-07-08_11:17:01 INFO [ Battle Maya ] SetState_Notify_1()
2025-07-08_11:17:01 INFO [ Battle Maya ] Failed. No users at state 2
2025-07-08_11:17:01 INFO [ Battle Maya ] SetState_End()
2025-07-08_11:17:03 INFO [ Battle Maya ] SetState_EndCycle()
2025-07-08_11:17:03 INFO [ Battle Maya ] SetState_None()
2025-07-08_11:17:03 INFO SetState_End()
2025-07-08_11:17:03 INFO SetState_None()
2025-07-08_11:17:03 INFO [ Battle StandBy ] SetState_Start()
2025-07-08_11:17:03 INFO SetState_BattleStandBy()
2025-07-08_11:36:02 INFO [ Battle StandBy ] SetState_Notify()
2025-07-08_11:37:01 INFO [ Battle StandBy ] SetState_End()
2025-07-08_11:37:02 INFO [ Battle StandBy ] SetState_None()
2025-07-08_11:37:02 INFO [ Battle Maya ] SetState_StandBy_1()
2025-07-08_11:37:02 INFO SetState_BattleOfMaya()
2025-07-08_11:39:01 INFO [ Battle Maya ] SetState_Notify_1()
2025-07-08_11:39:01 INFO [ Battle Maya ] Failed. No users at state 2
2025-07-08_11:39:01 INFO [ Battle Maya ] SetState_End()
2025-07-08_11:39:03 INFO [ Battle Maya ] SetState_EndCycle()
2025-07-08_11:39:03 INFO [ Battle Maya ] SetState_None()
2025-07-08_11:39:03 INFO SetState_End()
2025-07-08_11:39:03 INFO SetState_None()
2025-07-08_11:39:03 INFO [ Battle StandBy ] SetState_Start()
2025-07-08_11:39:03 INFO SetState_BattleStandBy()
2025-07-08_11:58:02 INFO [ Battle StandBy ] SetState_Notify()
2025-07-08_11:59:01 INFO [ Battle StandBy ] SetState_End()
2025-07-08_11:59:01 INFO [ Battle StandBy ] SetState_None()
2025-07-08_11:59:01 INFO [ Battle Maya ] SetState_StandBy_1()
2025-07-08_11:59:01 INFO SetState_BattleOfMaya()
2025-07-08_12:01:00 INFO [ Battle Maya ] SetState_Notify_1()
2025-07-08_12:01:00 INFO [ Battle Maya ] Failed. No users at state 2
2025-07-08_12:01:00 INFO [ Battle Maya ] SetState_End()
2025-07-08_12:01:02 INFO [ Battle Maya ] SetState_EndCycle()
2025-07-08_12:01:02 INFO [ Battle Maya ] SetState_None()
2025-07-08_12:01:02 INFO SetState_End()
2025-07-08_12:01:02 INFO SetState_None()
2025-07-08_12:01:02 INFO [ Battle StandBy ] SetState_Start()
2025-07-08_12:01:02 INFO SetState_BattleStandBy()
2025-07-08_12:20:01 INFO [ Battle StandBy ] SetState_Notify()
2025-07-08_12:21:00 INFO [ Battle StandBy ] SetState_End()
2025-07-08_12:21:00 INFO [ Battle StandBy ] SetState_None()
2025-07-08_12:21:00 INFO [ Battle Maya ] SetState_StandBy_1()
2025-07-08_12:21:00 INFO SetState_BattleOfMaya()
2025-07-08_12:22:59 INFO [ Battle Maya ] SetState_Notify_1()
2025-07-08_12:22:59 INFO [ Battle Maya ] Failed. No users at state 2
2025-07-08_12:22:59 INFO [ Battle Maya ] SetState_End()
2025-07-08_12:23:01 INFO [ Battle Maya ] SetState_EndCycle()
2025-07-08_12:23:01 INFO [ Battle Maya ] SetState_None()
2025-07-08_12:23:01 INFO SetState_End()
2025-07-08_12:23:01 INFO SetState_None()
2025-07-08_12:23:01 INFO [ Battle StandBy ] SetState_Start()
2025-07-08_12:23:01 INFO SetState_BattleStandBy()
2025-07-08_12:42:00 INFO [ Battle StandBy ] SetState_Notify()
2025-07-08_12:42:59 INFO [ Battle StandBy ] SetState_End()
2025-07-08_12:43:00 INFO [ Battle StandBy ] SetState_None()
2025-07-08_12:43:00 INFO [ Battle Maya ] SetState_StandBy_1()
2025-07-08_12:43:00 INFO SetState_BattleOfMaya()
2025-07-08_12:44:59 INFO [ Battle Maya ] SetState_Notify_1()
2025-07-08_12:44:59 INFO [ Battle Maya ] Failed. No users at state 2
2025-07-08_12:44:59 INFO [ Battle Maya ] SetState_End()
2025-07-08_12:45:01 INFO [ Battle Maya ] SetState_EndCycle()
2025-07-08_12:45:01 INFO [ Battle Maya ] SetState_None()
2025-07-08_12:45:01 INFO SetState_End()
2025-07-08_12:45:01 INFO SetState_None()
2025-07-08_12:45:01 INFO [ Battle StandBy ] SetState_Start()
2025-07-08_12:45:01 INFO SetState_BattleStandBy()
2025-07-08_13:04:00 INFO [ Battle StandBy ] SetState_Notify()
2025-07-08_13:04:59 INFO [ Battle StandBy ] SetState_End()
2025-07-08_13:04:59 INFO [ Battle StandBy ] SetState_None()
2025-07-08_13:04:59 INFO [ Battle Maya ] SetState_StandBy_1()
2025-07-08_13:04:59 INFO SetState_BattleOfMaya()
2025-07-08_13:06:58 INFO [ Battle Maya ] SetState_Notify_1()
2025-07-08_13:06:58 INFO [ Battle Maya ] Failed. No users at state 2
2025-07-08_13:06:58 INFO [ Battle Maya ] SetState_End()
2025-07-08_13:07:00 INFO [ Battle Maya ] SetState_EndCycle()
2025-07-08_13:07:00 INFO [ Battle Maya ] SetState_None()
2025-07-08_13:07:00 INFO SetState_End()
2025-07-08_13:07:00 INFO SetState_None()
2025-07-08_13:07:00 INFO [ Battle StandBy ] SetState_Start()
2025-07-08_13:07:00 INFO SetState_BattleStandBy()
2025-07-08_13:25:59 INFO [ Battle StandBy ] SetState_Notify()
2025-07-08_13:26:58 INFO [ Battle StandBy ] SetState_End()
2025-07-08_13:26:58 INFO [ Battle StandBy ] SetState_None()
2025-07-08_13:26:58 INFO [ Battle Maya ] SetState_StandBy_1()
2025-07-08_13:26:58 INFO SetState_BattleOfMaya()
2025-07-08_13:28:57 INFO [ Battle Maya ] SetState_Notify_1()
2025-07-08_13:28:57 INFO [ Battle Maya ] Failed. No users at state 2
2025-07-08_13:28:57 INFO [ Battle Maya ] SetState_End()
2025-07-08_13:28:59 INFO [ Battle Maya ] SetState_EndCycle()
2025-07-08_13:28:59 INFO [ Battle Maya ] SetState_None()
2025-07-08_13:28:59 INFO SetState_End()
2025-07-08_13:28:59 INFO SetState_None()
2025-07-08_13:28:59 INFO [ Battle StandBy ] SetState_Start()
2025-07-08_13:28:59 INFO SetState_BattleStandBy()
2025-07-08_13:47:58 INFO [ Battle StandBy ] SetState_Notify()
2025-07-08_13:48:57 INFO [ Battle StandBy ] SetState_End()
2025-07-08_13:48:57 INFO [ Battle StandBy ] SetState_None()
2025-07-08_13:48:57 INFO [ Battle Maya ] SetState_StandBy_1()
2025-07-08_13:48:57 INFO SetState_BattleOfMaya()
2025-07-08_13:50:56 INFO [ Battle Maya ] SetState_Notify_1()
2025-07-08_13:50:56 INFO [ Battle Maya ] Failed. No users at state 2
2025-07-08_13:50:56 INFO [ Battle Maya ] SetState_End()
2025-07-08_13:50:58 INFO [ Battle Maya ] SetState_EndCycle()
2025-07-08_13:50:59 INFO [ Battle Maya ] SetState_None()
2025-07-08_13:50:59 INFO SetState_End()
2025-07-08_13:50:59 INFO SetState_None()
2025-07-08_13:50:59 INFO [ Battle StandBy ] SetState_Start()
2025-07-08_13:50:59 INFO SetState_BattleStandBy()
2025-07-08_14:09:58 INFO [ Battle StandBy ] SetState_Notify()
2025-07-08_14:10:57 INFO [ Battle StandBy ] SetState_End()
2025-07-08_14:10:57 INFO [ Battle StandBy ] SetState_None()
2025-07-08_14:10:57 INFO [ Battle Maya ] SetState_StandBy_1()
2025-07-08_14:10:57 INFO SetState_BattleOfMaya()
2025-07-08_14:12:56 INFO [ Battle Maya ] SetState_Notify_1()
2025-07-08_14:12:56 INFO [ Battle Maya ] Failed. No users at state 2
2025-07-08_14:12:56 INFO [ Battle Maya ] SetState_End()
2025-07-08_14:12:58 INFO [ Battle Maya ] SetState_EndCycle()
2025-07-08_14:12:58 INFO [ Battle Maya ] SetState_None()
2025-07-08_14:12:58 INFO SetState_End()
2025-07-08_14:12:58 INFO SetState_None()
2025-07-08_14:12:58 INFO [ Battle StandBy ] SetState_Start()
2025-07-08_14:12:58 INFO SetState_BattleStandBy()
2025-07-08_14:31:57 INFO [ Battle StandBy ] SetState_Notify()
2025-07-08_14:32:56 INFO [ Battle StandBy ] SetState_End()
2025-07-08_14:32:56 INFO [ Battle StandBy ] SetState_None()
2025-07-08_14:32:56 INFO [ Battle Maya ] SetState_StandBy_1()
2025-07-08_14:32:56 INFO SetState_BattleOfMaya()
2025-07-08_14:34:55 INFO [ Battle Maya ] SetState_Notify_1()
2025-07-08_14:34:55 INFO [ Battle Maya ] Failed. No users at state 2
2025-07-08_14:34:55 INFO [ Battle Maya ] SetState_End()
2025-07-08_14:34:57 INFO [ Battle Maya ] SetState_EndCycle()
2025-07-08_14:34:57 INFO [ Battle Maya ] SetState_None()
2025-07-08_14:34:57 INFO SetState_End()
2025-07-08_14:34:57 INFO SetState_None()
2025-07-08_14:34:57 INFO [ Battle StandBy ] SetState_Start()
2025-07-08_14:34:57 INFO SetState_BattleStandBy()
2025-07-08_14:53:56 INFO [ Battle StandBy ] SetState_Notify()
2025-07-08_14:54:55 INFO [ Battle StandBy ] SetState_End()
2025-07-08_14:54:55 INFO [ Battle StandBy ] SetState_None()
2025-07-08_14:54:55 INFO [ Battle Maya ] SetState_StandBy_1()
2025-07-08_14:54:55 INFO SetState_BattleOfMaya()
2025-07-08_14:56:54 INFO [ Battle Maya ] SetState_Notify_1()
2025-07-08_14:56:54 INFO [ Battle Maya ] Failed. No users at state 2
2025-07-08_14:56:54 INFO [ Battle Maya ] SetState_End()
2025-07-08_14:56:56 INFO [ Battle Maya ] SetState_EndCycle()
2025-07-08_14:56:56 INFO [ Battle Maya ] SetState_None()
2025-07-08_14:56:56 INFO SetState_End()
2025-07-08_14:56:56 INFO SetState_None()
2025-07-08_14:56:56 INFO [ Battle StandBy ] SetState_Start()
2025-07-08_14:56:56 INFO SetState_BattleStandBy()
2025-07-08_15:15:55 INFO [ Battle StandBy ] SetState_Notify()
2025-07-08_15:16:55 INFO [ Battle StandBy ] SetState_End()
2025-07-08_15:16:55 INFO [ Battle StandBy ] SetState_None()
2025-07-08_15:16:55 INFO [ Battle Maya ] SetState_StandBy_1()
2025-07-08_15:16:55 INFO SetState_BattleOfMaya()
2025-07-08_15:18:54 INFO [ Battle Maya ] SetState_Notify_1()
2025-07-08_15:18:54 INFO [ Battle Maya ] Failed. No users at state 2
2025-07-08_15:18:54 INFO [ Battle Maya ] SetState_End()
2025-07-08_15:18:56 INFO [ Battle Maya ] SetState_EndCycle()
2025-07-08_15:18:56 INFO [ Battle Maya ] SetState_None()
2025-07-08_15:18:56 INFO SetState_End()
2025-07-08_15:18:56 INFO SetState_None()
2025-07-08_15:18:56 INFO [ Battle StandBy ] SetState_Start()
2025-07-08_15:18:56 INFO SetState_BattleStandBy()
2025-07-08_15:37:55 INFO [ Battle StandBy ] SetState_Notify()
2025-07-08_15:38:54 INFO [ Battle StandBy ] SetState_End()
2025-07-08_15:38:54 INFO [ Battle StandBy ] SetState_None()
2025-07-08_15:38:54 INFO [ Battle Maya ] SetState_StandBy_1()
2025-07-08_15:38:54 INFO SetState_BattleOfMaya()
2025-07-08_15:40:53 INFO [ Battle Maya ] SetState_Notify_1()
2025-07-08_15:40:53 INFO [ Battle Maya ] Failed. No users at state 2
2025-07-08_15:40:53 INFO [ Battle Maya ] SetState_End()
2025-07-08_15:40:55 INFO [ Battle Maya ] SetState_EndCycle()
2025-07-08_15:40:55 INFO [ Battle Maya ] SetState_None()
2025-07-08_15:40:55 INFO SetState_End()
2025-07-08_15:40:55 INFO SetState_None()
2025-07-08_15:40:55 INFO [ Battle StandBy ] SetState_Start()
2025-07-08_15:40:55 INFO SetState_BattleStandBy()
2025-07-08_15:59:54 INFO [ Battle StandBy ] SetState_Notify()
2025-07-08_16:00:53 INFO [ Battle StandBy ] SetState_End()
2025-07-08_16:00:53 INFO [ Battle StandBy ] SetState_None()
2025-07-08_16:00:53 INFO [ Battle Maya ] SetState_StandBy_1()
2025-07-08_16:00:53 INFO SetState_BattleOfMaya()
2025-07-08_16:02:52 INFO [ Battle Maya ] SetState_Notify_1()
2025-07-08_16:02:52 INFO [ Battle Maya ] Failed. No users at state 2
2025-07-08_16:02:52 INFO [ Battle Maya ] SetState_End()
2025-07-08_16:02:54 INFO [ Battle Maya ] SetState_EndCycle()
2025-07-08_16:02:54 INFO [ Battle Maya ] SetState_None()
2025-07-08_16:02:54 INFO SetState_End()
2025-07-08_16:02:54 INFO SetState_None()
2025-07-08_16:02:54 INFO [ Battle StandBy ] SetState_Start()
2025-07-08_16:02:54 INFO SetState_BattleStandBy()
2025-07-08_16:21:53 INFO [ Battle StandBy ] SetState_Notify()
2025-07-08_16:22:52 INFO [ Battle StandBy ] SetState_End()
2025-07-08_16:22:52 INFO [ Battle StandBy ] SetState_None()
2025-07-08_16:22:52 INFO [ Battle Maya ] SetState_StandBy_1()
2025-07-08_16:22:52 INFO SetState_BattleOfMaya()
2025-07-08_16:24:51 INFO [ Battle Maya ] SetState_Notify_1()
2025-07-08_16:24:51 INFO [ Battle Maya ] Failed. No users at state 2
2025-07-08_16:24:51 INFO [ Battle Maya ] SetState_End()
2025-07-08_16:24:54 INFO [ Battle Maya ] SetState_EndCycle()
2025-07-08_16:24:54 INFO [ Battle Maya ] SetState_None()
2025-07-08_16:24:54 INFO SetState_End()
2025-07-08_16:24:54 INFO SetState_None()
2025-07-08_16:24:54 INFO [ Battle StandBy ] SetState_Start()
2025-07-08_16:24:54 INFO SetState_BattleStandBy()
2025-07-08_16:43:53 INFO [ Battle StandBy ] SetState_Notify()
2025-07-08_16:44:52 INFO [ Battle StandBy ] SetState_End()
2025-07-08_16:44:52 INFO [ Battle StandBy ] SetState_None()
2025-07-08_16:44:52 INFO [ Battle Maya ] SetState_StandBy_1()
2025-07-08_16:44:52 INFO SetState_BattleOfMaya()
2025-07-08_16:46:51 INFO [ Battle Maya ] SetState_Notify_1()
2025-07-08_16:46:51 INFO [ Battle Maya ] Failed. No users at state 2
2025-07-08_16:46:51 INFO [ Battle Maya ] SetState_End()
2025-07-08_16:46:53 INFO [ Battle Maya ] SetState_EndCycle()
2025-07-08_16:46:53 INFO [ Battle Maya ] SetState_None()
2025-07-08_16:46:53 INFO SetState_End()
2025-07-08_16:46:53 INFO SetState_None()
2025-07-08_16:46:53 INFO [ Battle StandBy ] SetState_Start()
2025-07-08_16:46:53 INFO SetState_BattleStandBy()
2025-07-08_17:05:52 INFO [ Battle StandBy ] SetState_Notify()
2025-07-08_17:06:51 INFO [ Battle StandBy ] SetState_End()
2025-07-08_17:06:51 INFO [ Battle StandBy ] SetState_None()
2025-07-08_17:06:51 INFO [ Battle Maya ] SetState_StandBy_1()
2025-07-08_17:06:51 INFO SetState_BattleOfMaya()
2025-07-08_17:08:50 INFO [ Battle Maya ] SetState_Notify_1()
2025-07-08_17:08:50 INFO [ Battle Maya ] Failed. No users at state 2
2025-07-08_17:08:50 INFO [ Battle Maya ] SetState_End()
2025-07-08_17:08:52 INFO [ Battle Maya ] SetState_EndCycle()
2025-07-08_17:08:52 INFO [ Battle Maya ] SetState_None()
2025-07-08_17:08:52 INFO SetState_End()
2025-07-08_17:08:52 INFO SetState_None()
2025-07-08_17:08:52 INFO [ Battle StandBy ] SetState_Start()
2025-07-08_17:08:52 INFO SetState_BattleStandBy()
2025-07-08_17:27:51 INFO [ Battle StandBy ] SetState_Notify()
2025-07-08_17:28:50 INFO [ Battle StandBy ] SetState_End()
2025-07-08_17:28:50 INFO [ Battle StandBy ] SetState_None()
2025-07-08_17:28:50 INFO [ Battle Maya ] SetState_StandBy_1()
2025-07-08_17:28:50 INFO SetState_BattleOfMaya()
2025-07-08_17:30:49 INFO [ Battle Maya ] SetState_Notify_1()
2025-07-08_17:30:49 INFO [ Battle Maya ] Failed. No users at state 2
2025-07-08_17:30:49 INFO [ Battle Maya ] SetState_End()
2025-07-08_17:30:52 INFO [ Battle Maya ] SetState_EndCycle()
2025-07-08_17:30:52 INFO [ Battle Maya ] SetState_None()
2025-07-08_17:30:52 INFO SetState_End()
2025-07-08_17:30:52 INFO SetState_None()
2025-07-08_17:30:52 INFO [ Battle StandBy ] SetState_Start()
2025-07-08_17:30:52 INFO SetState_BattleStandBy()
2025-07-08_17:49:51 INFO [ Battle StandBy ] SetState_Notify()
2025-07-08_17:50:50 INFO [ Battle StandBy ] SetState_End()
2025-07-08_17:50:50 INFO [ Battle StandBy ] SetState_None()
2025-07-08_17:50:50 INFO [ Battle Maya ] SetState_StandBy_1()
2025-07-08_17:50:50 INFO SetState_BattleOfMaya()
2025-07-08_17:52:49 INFO [ Battle Maya ] SetState_Notify_1()
2025-07-08_17:52:49 INFO [ Battle Maya ] Failed. No users at state 2
2025-07-08_17:52:49 INFO [ Battle Maya ] SetState_End()
2025-07-08_17:52:51 INFO [ Battle Maya ] SetState_EndCycle()
2025-07-08_17:52:51 INFO [ Battle Maya ] SetState_None()
2025-07-08_17:52:51 INFO SetState_End()
2025-07-08_17:52:51 INFO SetState_None()
2025-07-08_17:52:51 INFO [ Battle StandBy ] SetState_Start()
2025-07-08_17:52:51 INFO SetState_BattleStandBy()
2025-07-08_18:11:50 INFO [ Battle StandBy ] SetState_Notify()
2025-07-08_18:12:49 INFO [ Battle StandBy ] SetState_End()
2025-07-08_18:12:49 INFO [ Battle StandBy ] SetState_None()
2025-07-08_18:12:49 INFO [ Battle Maya ] SetState_StandBy_1()
2025-07-08_18:12:49 INFO SetState_BattleOfMaya()
2025-07-08_18:14:48 INFO [ Battle Maya ] SetState_Notify_1()
2025-07-08_18:14:48 INFO [ Battle Maya ] Failed. No users at state 2
2025-07-08_18:14:48 INFO [ Battle Maya ] SetState_End()
2025-07-08_18:14:50 INFO [ Battle Maya ] SetState_EndCycle()
2025-07-08_18:14:50 INFO [ Battle Maya ] SetState_None()
2025-07-08_18:14:50 INFO SetState_End()
2025-07-08_18:14:50 INFO SetState_None()
2025-07-08_18:14:50 INFO [ Battle StandBy ] SetState_Start()
2025-07-08_18:14:50 INFO SetState_BattleStandBy()
2025-07-08_18:33:49 INFO [ Battle StandBy ] SetState_Notify()
2025-07-08_18:34:48 INFO [ Battle StandBy ] SetState_End()
2025-07-08_18:34:48 INFO [ Battle StandBy ] SetState_None()
2025-07-08_18:34:48 INFO [ Battle Maya ] SetState_StandBy_1()
2025-07-08_18:34:48 INFO SetState_BattleOfMaya()
2025-07-08_18:36:47 INFO [ Battle Maya ] SetState_Notify_1()
2025-07-08_18:36:47 INFO [ Battle Maya ] Failed. No users at state 2
2025-07-08_18:36:47 INFO [ Battle Maya ] SetState_End()
2025-07-08_18:36:49 INFO [ Battle Maya ] SetState_EndCycle()
2025-07-08_18:36:50 INFO [ Battle Maya ] SetState_None()
2025-07-08_18:36:50 INFO SetState_End()
2025-07-08_18:36:50 INFO SetState_None()
2025-07-08_18:36:50 INFO [ Battle StandBy ] SetState_Start()
2025-07-08_18:36:50 INFO SetState_BattleStandBy()
2025-07-08_18:55:49 INFO [ Battle StandBy ] SetState_Notify()
2025-07-08_18:56:48 INFO [ Battle StandBy ] SetState_End()
2025-07-08_18:56:48 INFO [ Battle StandBy ] SetState_None()
2025-07-08_18:56:48 INFO [ Battle Maya ] SetState_StandBy_1()
2025-07-08_18:56:48 INFO SetState_BattleOfMaya()
2025-07-08_18:58:47 INFO [ Battle Maya ] SetState_Notify_1()
2025-07-08_18:58:47 INFO [ Battle Maya ] Failed. No users at state 2
2025-07-08_18:58:47 INFO [ Battle Maya ] SetState_End()
2025-07-08_18:58:49 INFO [ Battle Maya ] SetState_EndCycle()
2025-07-08_18:58:49 INFO [ Battle Maya ] SetState_None()
2025-07-08_18:58:49 INFO SetState_End()
2025-07-08_18:58:49 INFO SetState_None()
2025-07-08_18:58:49 INFO [ Battle StandBy ] SetState_Start()
2025-07-08_18:58:49 INFO SetState_BattleStandBy()
2025-07-08_19:17:48 INFO [ Battle StandBy ] SetState_Notify()
2025-07-08_19:18:47 INFO [ Battle StandBy ] SetState_End()
2025-07-08_19:18:47 INFO [ Battle StandBy ] SetState_None()
2025-07-08_19:18:47 INFO [ Battle Maya ] SetState_StandBy_1()
2025-07-08_19:18:47 INFO SetState_BattleOfMaya()
2025-07-08_19:20:46 INFO [ Battle Maya ] SetState_Notify_1()
2025-07-08_19:20:46 INFO [ Battle Maya ] Failed. No users at state 2
2025-07-08_19:20:46 INFO [ Battle Maya ] SetState_End()
2025-07-08_19:20:48 INFO [ Battle Maya ] SetState_EndCycle()
2025-07-08_19:20:48 INFO [ Battle Maya ] SetState_None()
2025-07-08_19:20:48 INFO SetState_End()
2025-07-08_19:20:48 INFO SetState_None()
2025-07-08_19:20:48 INFO [ Battle StandBy ] SetState_Start()
2025-07-08_19:20:48 INFO SetState_BattleStandBy()
2025-07-08_19:39:47 INFO [ Battle StandBy ] SetState_Notify()
2025-07-08_19:40:46 INFO [ Battle StandBy ] SetState_End()
2025-07-08_19:40:46 INFO [ Battle StandBy ] SetState_None()
2025-07-08_19:40:46 INFO [ Battle Maya ] SetState_StandBy_1()
2025-07-08_19:40:46 INFO SetState_BattleOfMaya()
2025-07-08_19:42:45 INFO [ Battle Maya ] SetState_Notify_1()
2025-07-08_19:42:45 INFO [ Battle Maya ] Failed. No users at state 2
2025-07-08_19:42:45 INFO [ Battle Maya ] SetState_End()
2025-07-08_19:42:47 INFO [ Battle Maya ] SetState_EndCycle()
2025-07-08_19:42:47 INFO [ Battle Maya ] SetState_None()
2025-07-08_19:42:47 INFO SetState_End()
2025-07-08_19:42:48 INFO SetState_None()
2025-07-08_19:42:48 INFO [ Battle StandBy ] SetState_Start()
2025-07-08_19:42:48 INFO SetState_BattleStandBy()
2025-07-08_20:01:47 INFO [ Battle StandBy ] SetState_Notify()
2025-07-08_20:02:46 INFO [ Battle StandBy ] SetState_End()
2025-07-08_20:02:46 INFO [ Battle StandBy ] SetState_None()
2025-07-08_20:02:46 INFO [ Battle Maya ] SetState_StandBy_1()
2025-07-08_20:02:46 INFO SetState_BattleOfMaya()
2025-07-08_20:04:45 INFO [ Battle Maya ] SetState_Notify_1()
2025-07-08_20:04:45 INFO [ Battle Maya ] Failed. No users at state 2
2025-07-08_20:04:45 INFO [ Battle Maya ] SetState_End()
2025-07-08_20:04:47 INFO [ Battle Maya ] SetState_EndCycle()
2025-07-08_20:04:47 INFO [ Battle Maya ] SetState_None()
2025-07-08_20:04:47 INFO SetState_End()
2025-07-08_20:04:47 INFO SetState_None()
2025-07-08_20:04:47 INFO [ Battle StandBy ] SetState_Start()
2025-07-08_20:04:47 INFO SetState_BattleStandBy()
2025-07-08_20:23:46 INFO [ Battle StandBy ] SetState_Notify()
2025-07-08_20:24:45 INFO [ Battle StandBy ] SetState_End()
2025-07-08_20:24:45 INFO [ Battle StandBy ] SetState_None()
2025-07-08_20:24:45 INFO [ Battle Maya ] SetState_StandBy_1()
2025-07-08_20:24:45 INFO SetState_BattleOfMaya()
2025-07-08_20:26:44 INFO [ Battle Maya ] SetState_Notify_1()
2025-07-08_20:26:44 INFO [ Battle Maya ] Failed. No users at state 2
2025-07-08_20:26:44 INFO [ Battle Maya ] SetState_End()
2025-07-08_20:26:46 INFO [ Battle Maya ] SetState_EndCycle()
2025-07-08_20:26:46 INFO [ Battle Maya ] SetState_None()
2025-07-08_20:26:46 INFO SetState_End()
2025-07-08_20:26:46 INFO SetState_None()
2025-07-08_20:26:46 INFO [ Battle StandBy ] SetState_Start()
2025-07-08_20:26:46 INFO SetState_BattleStandBy()
2025-07-08_20:45:45 INFO [ Battle StandBy ] SetState_Notify()
2025-07-08_20:46:44 INFO [ Battle StandBy ] SetState_End()
2025-07-08_20:46:44 INFO [ Battle StandBy ] SetState_None()
2025-07-08_20:46:44 INFO [ Battle Maya ] SetState_StandBy_1()
2025-07-08_20:46:44 INFO SetState_BattleOfMaya()
2025-07-08_20:48:43 INFO [ Battle Maya ] SetState_Notify_1()
2025-07-08_20:48:43 INFO [ Battle Maya ] Failed. No users at state 2
2025-07-08_20:48:43 INFO [ Battle Maya ] SetState_End()
2025-07-08_20:48:45 INFO [ Battle Maya ] SetState_EndCycle()
2025-07-08_20:48:45 INFO [ Battle Maya ] SetState_None()
2025-07-08_20:48:45 INFO SetState_End()
2025-07-08_20:48:45 INFO SetState_None()
2025-07-08_20:48:45 INFO [ Battle StandBy ] SetState_Start()
2025-07-08_20:48:45 INFO SetState_BattleStandBy()
2025-07-08_21:07:45 INFO [ Battle StandBy ] SetState_Notify()
2025-07-08_21:08:44 INFO [ Battle StandBy ] SetState_End()
2025-07-08_21:08:44 INFO [ Battle StandBy ] SetState_None()
2025-07-08_21:08:44 INFO [ Battle Maya ] SetState_StandBy_1()
2025-07-08_21:08:44 INFO SetState_BattleOfMaya()
2025-07-08_21:10:43 INFO [ Battle Maya ] SetState_Notify_1()
2025-07-08_21:10:43 INFO [ Battle Maya ] Failed. No users at state 2
2025-07-08_21:10:43 INFO [ Battle Maya ] SetState_End()
2025-07-08_21:10:45 INFO [ Battle Maya ] SetState_EndCycle()
2025-07-08_21:10:45 INFO [ Battle Maya ] SetState_None()
2025-07-08_21:10:45 INFO SetState_End()
2025-07-08_21:10:45 INFO SetState_None()
2025-07-08_21:10:45 INFO [ Battle StandBy ] SetState_Start()
2025-07-08_21:10:45 INFO SetState_BattleStandBy()
2025-07-08_21:29:44 INFO [ Battle StandBy ] SetState_Notify()
2025-07-08_21:30:43 INFO [ Battle StandBy ] SetState_End()
2025-07-08_21:30:43 INFO [ Battle StandBy ] SetState_None()
2025-07-08_21:30:43 INFO [ Battle Maya ] SetState_StandBy_1()
2025-07-08_21:30:43 INFO SetState_BattleOfMaya()
2025-07-08_21:32:42 INFO [ Battle Maya ] SetState_Notify_1()
2025-07-08_21:32:42 INFO [ Battle Maya ] Failed. No users at state 2
2025-07-08_21:32:42 INFO [ Battle Maya ] SetState_End()
2025-07-08_21:32:44 INFO [ Battle Maya ] SetState_EndCycle()
2025-07-08_21:32:44 INFO [ Battle Maya ] SetState_None()
2025-07-08_21:32:44 INFO SetState_End()
2025-07-08_21:32:44 INFO SetState_None()
2025-07-08_21:32:44 INFO [ Battle StandBy ] SetState_Start()
2025-07-08_21:32:44 INFO SetState_BattleStandBy()
2025-07-08_21:51:43 INFO [ Battle StandBy ] SetState_Notify()
2025-07-08_21:52:42 INFO [ Battle StandBy ] SetState_End()
2025-07-08_21:52:42 INFO [ Battle StandBy ] SetState_None()
2025-07-08_21:52:42 INFO [ Battle Maya ] SetState_StandBy_1()
2025-07-08_21:52:42 INFO SetState_BattleOfMaya()
2025-07-08_21:54:41 INFO [ Battle Maya ] SetState_Notify_1()
2025-07-08_21:54:41 INFO [ Battle Maya ] Failed. No users at state 2
2025-07-08_21:54:41 INFO [ Battle Maya ] SetState_End()
2025-07-08_21:54:43 INFO [ Battle Maya ] SetState_EndCycle()
2025-07-08_21:54:43 INFO [ Battle Maya ] SetState_None()
2025-07-08_21:54:43 INFO SetState_End()
2025-07-08_21:54:43 INFO SetState_None()
2025-07-08_21:54:43 INFO [ Battle StandBy ] SetState_Start()
2025-07-08_21:54:43 INFO SetState_BattleStandBy()
2025-07-08_22:13:42 INFO [ Battle StandBy ] SetState_Notify()
2025-07-08_22:14:41 INFO [ Battle StandBy ] SetState_End()
2025-07-08_22:14:42 INFO [ Battle StandBy ] SetState_None()
2025-07-08_22:14:42 INFO [ Battle Maya ] SetState_StandBy_1()
2025-07-08_22:14:42 INFO SetState_BattleOfMaya()
2025-07-08_22:16:41 INFO [ Battle Maya ] SetState_Notify_1()
2025-07-08_22:16:41 INFO [ Battle Maya ] Failed. No users at state 2
2025-07-08_22:16:41 INFO [ Battle Maya ] SetState_End()
2025-07-08_22:16:43 INFO [ Battle Maya ] SetState_EndCycle()
2025-07-08_22:16:43 INFO [ Battle Maya ] SetState_None()
2025-07-08_22:16:43 INFO SetState_End()
2025-07-08_22:16:43 INFO SetState_None()
2025-07-08_22:16:43 INFO [ Battle StandBy ] SetState_Start()
2025-07-08_22:16:43 INFO SetState_BattleStandBy()
2025-07-08_22:35:42 INFO [ Battle StandBy ] SetState_Notify()
2025-07-08_22:36:41 INFO [ Battle StandBy ] SetState_End()
2025-07-08_22:36:41 INFO [ Battle StandBy ] SetState_None()
2025-07-08_22:36:41 INFO [ Battle Maya ] SetState_StandBy_1()
2025-07-08_22:36:41 INFO SetState_BattleOfMaya()
2025-07-08_22:38:40 INFO [ Battle Maya ] SetState_Notify_1()
2025-07-08_22:38:40 INFO [ Battle Maya ] Failed. No users at state 2
2025-07-08_22:38:40 INFO [ Battle Maya ] SetState_End()
2025-07-08_22:38:42 INFO [ Battle Maya ] SetState_EndCycle()
2025-07-08_22:38:42 INFO [ Battle Maya ] SetState_None()
2025-07-08_22:38:42 INFO SetState_End()
2025-07-08_22:38:42 INFO SetState_None()
2025-07-08_22:38:42 INFO [ Battle StandBy ] SetState_Start()
2025-07-08_22:38:42 INFO SetState_BattleStandBy()
2025-07-08_22:57:41 INFO [ Battle StandBy ] SetState_Notify()
2025-07-08_22:58:40 INFO [ Battle StandBy ] SetState_End()
2025-07-08_22:58:40 INFO [ Battle StandBy ] SetState_None()
2025-07-08_22:58:40 INFO [ Battle Maya ] SetState_StandBy_1()
2025-07-08_22:58:40 INFO SetState_BattleOfMaya()
2025-07-08_23:00:39 INFO [ Battle Maya ] SetState_Notify_1()
2025-07-08_23:00:39 INFO [ Battle Maya ] Failed. No users at state 2
2025-07-08_23:00:39 INFO [ Battle Maya ] SetState_End()
2025-07-08_23:00:41 INFO [ Battle Maya ] SetState_EndCycle()
2025-07-08_23:00:41 INFO [ Battle Maya ] SetState_None()
2025-07-08_23:00:41 INFO SetState_End()
2025-07-08_23:00:41 INFO SetState_None()
2025-07-08_23:00:41 INFO [ Battle StandBy ] SetState_Start()
2025-07-08_23:00:41 INFO SetState_BattleStandBy()
2025-07-08_23:19:40 INFO [ Battle StandBy ] SetState_Notify()
2025-07-08_23:20:39 INFO [ Battle StandBy ] SetState_End()
2025-07-08_23:20:40 INFO [ Battle StandBy ] SetState_None()
2025-07-08_23:20:40 INFO [ Battle Maya ] SetState_StandBy_1()
2025-07-08_23:20:40 INFO SetState_BattleOfMaya()
2025-07-08_23:22:39 INFO [ Battle Maya ] SetState_Notify_1()
2025-07-08_23:22:39 INFO [ Battle Maya ] Failed. No users at state 2
2025-07-08_23:22:39 INFO [ Battle Maya ] SetState_End()
2025-07-08_23:22:41 INFO [ Battle Maya ] SetState_EndCycle()
2025-07-08_23:22:41 INFO [ Battle Maya ] SetState_None()
2025-07-08_23:22:41 INFO SetState_End()
2025-07-08_23:22:41 INFO SetState_None()
2025-07-08_23:22:41 INFO [ Battle StandBy ] SetState_Start()
2025-07-08_23:22:41 INFO SetState_BattleStandBy()
2025-07-08_23:41:40 INFO [ Battle StandBy ] SetState_Notify()
2025-07-08_23:42:39 INFO [ Battle StandBy ] SetState_End()
2025-07-08_23:42:39 INFO [ Battle StandBy ] SetState_None()
2025-07-08_23:42:39 INFO [ Battle Maya ] SetState_StandBy_1()
2025-07-08_23:42:39 INFO SetState_BattleOfMaya()
2025-07-08_23:44:38 INFO [ Battle Maya ] SetState_Notify_1()
2025-07-08_23:44:38 INFO [ Battle Maya ] Failed. No users at state 2
2025-07-08_23:44:38 INFO [ Battle Maya ] SetState_End()
2025-07-08_23:44:40 INFO [ Battle Maya ] SetState_EndCycle()
2025-07-08_23:44:40 INFO [ Battle Maya ] SetState_None()
2025-07-08_23:44:40 INFO SetState_End()
2025-07-08_23:44:40 INFO SetState_None()
2025-07-08_23:44:40 INFO [ Battle StandBy ] SetState_Start()
2025-07-08_23:44:40 INFO SetState_BattleStandBy()
