2025-07-09_00:03:39 INFO [ Battle StandBy ] SetState_Notify()
2025-07-09_00:04:38 INFO [ Battle StandBy ] SetState_End()
2025-07-09_00:04:38 INFO [ Battle StandBy ] SetState_None()
2025-07-09_00:04:38 INFO [ Battle Maya ] SetState_StandBy_1()
2025-07-09_00:04:38 INFO SetState_BattleOfMaya()
2025-07-09_00:06:37 INFO [ Battle Maya ] SetState_Notify_1()
2025-07-09_00:06:37 INFO [ Battle Maya ] Failed. No users at state 2
2025-07-09_00:06:37 INFO [ Battle Maya ] SetState_End()
2025-07-09_00:06:39 INFO [ Battle Maya ] SetState_EndCycle()
2025-07-09_00:06:39 INFO [ Battle Maya ] SetState_None()
2025-07-09_00:06:39 INFO SetState_End()
2025-07-09_00:06:39 INFO SetState_None()
2025-07-09_00:06:39 INFO [ Battle StandBy ] SetState_Start()
2025-07-09_00:06:39 INFO SetState_BattleStandBy()
2025-07-09_00:25:40 INFO [ Battle StandBy ] SetState_Notify()
2025-07-09_00:26:39 INFO [ Battle StandBy ] SetState_End()
2025-07-09_00:26:39 INFO [ Battle StandBy ] SetState_None()
2025-07-09_00:26:39 INFO [ Battle Maya ] SetState_StandBy_1()
2025-07-09_00:26:39 INFO SetState_BattleOfMaya()
2025-07-09_00:28:38 INFO [ Battle Maya ] SetState_Notify_1()
2025-07-09_00:28:38 INFO [ Battle Maya ] Failed. No users at state 2
2025-07-09_00:28:38 INFO [ Battle Maya ] SetState_End()
2025-07-09_00:28:40 INFO [ Battle Maya ] SetState_EndCycle()
2025-07-09_00:28:40 INFO [ Battle Maya ] SetState_None()
2025-07-09_00:28:40 INFO SetState_End()
2025-07-09_00:28:40 INFO SetState_None()
2025-07-09_00:28:40 INFO [ Battle StandBy ] SetState_Start()
2025-07-09_00:28:40 INFO SetState_BattleStandBy()
