2025-07-10_00:10:51 INFO [ Battle StandBy ] SetState_Notify()
2025-07-10_00:11:50 INFO [ Battle StandBy ] SetState_End()
2025-07-10_00:11:51 INFO [ Battle StandBy ] SetState_None()
2025-07-10_00:11:51 INFO [ Battle Maya ] SetState_StandBy_1()
2025-07-10_00:11:51 INFO SetState_BattleOfMaya()
2025-07-10_00:13:50 INFO [ Battle Maya ] SetState_Notify_1()
2025-07-10_00:13:50 INFO [ Battle Maya ] Failed. No users at state 2
2025-07-10_00:13:50 INFO [ Battle Maya ] SetState_End()
2025-07-10_00:13:52 INFO [ Battle Maya ] SetState_EndCycle()
2025-07-10_00:13:52 INFO [ Battle Maya ] SetState_None()
2025-07-10_00:13:52 INFO SetState_End()
2025-07-10_00:13:52 INFO SetState_None()
2025-07-10_00:13:52 INFO [ Battle StandBy ] SetState_Start()
2025-07-10_00:13:52 INFO SetState_BattleStandBy()
2025-07-10_00:32:51 INFO [ Battle StandBy ] SetState_Notify()
2025-07-10_00:33:50 INFO [ Battle StandBy ] SetState_End()
2025-07-10_00:33:50 INFO [ Battle StandBy ] SetState_None()
2025-07-10_00:33:50 INFO [ Battle Maya ] SetState_StandBy_1()
2025-07-10_00:33:50 INFO SetState_BattleOfMaya()
2025-07-10_00:35:49 INFO [ Battle Maya ] SetState_Notify_1()
2025-07-10_00:35:49 INFO [ Battle Maya ] Failed. No users at state 2
2025-07-10_00:35:49 INFO [ Battle Maya ] SetState_End()
2025-07-10_00:35:51 INFO [ Battle Maya ] SetState_EndCycle()
2025-07-10_00:35:51 INFO [ Battle Maya ] SetState_None()
2025-07-10_00:35:51 INFO SetState_End()
2025-07-10_00:35:51 INFO SetState_None()
2025-07-10_00:35:51 INFO [ Battle StandBy ] SetState_Start()
2025-07-10_00:35:51 INFO SetState_BattleStandBy()
2025-07-10_00:54:53 INFO [ Battle StandBy ] SetState_Notify()
2025-07-10_00:55:52 INFO [ Battle StandBy ] SetState_End()
2025-07-10_00:55:52 INFO [ Battle StandBy ] SetState_None()
2025-07-10_00:55:52 INFO [ Battle Maya ] SetState_StandBy_1()
2025-07-10_00:55:52 INFO SetState_BattleOfMaya()
2025-07-10_00:57:51 INFO [ Battle Maya ] SetState_Notify_1()
2025-07-10_00:57:51 INFO [ Battle Maya ] Failed. No users at state 2
2025-07-10_00:57:51 INFO [ Battle Maya ] SetState_End()
2025-07-10_00:57:53 INFO [ Battle Maya ] SetState_EndCycle()
2025-07-10_00:57:53 INFO [ Battle Maya ] SetState_None()
2025-07-10_00:57:53 INFO SetState_End()
2025-07-10_00:57:53 INFO SetState_None()
2025-07-10_00:57:53 INFO [ Battle StandBy ] SetState_Start()
2025-07-10_00:57:53 INFO SetState_BattleStandBy()
2025-07-10_01:16:52 INFO [ Battle StandBy ] SetState_Notify()
2025-07-10_01:17:51 INFO [ Battle StandBy ] SetState_End()
2025-07-10_01:17:52 INFO [ Battle StandBy ] SetState_None()
2025-07-10_01:17:52 INFO [ Battle Maya ] SetState_StandBy_1()
2025-07-10_01:17:52 INFO SetState_BattleOfMaya()
2025-07-10_01:19:51 INFO [ Battle Maya ] SetState_Notify_1()
2025-07-10_01:19:51 INFO [ Battle Maya ] Failed. No users at state 2
2025-07-10_01:19:51 INFO [ Battle Maya ] SetState_End()
2025-07-10_01:19:53 INFO [ Battle Maya ] SetState_EndCycle()
2025-07-10_01:19:53 INFO [ Battle Maya ] SetState_None()
2025-07-10_01:19:53 INFO SetState_End()
2025-07-10_01:19:53 INFO SetState_None()
2025-07-10_01:19:53 INFO [ Battle StandBy ] SetState_Start()
2025-07-10_01:19:53 INFO SetState_BattleStandBy()
2025-07-10_01:38:52 INFO [ Battle StandBy ] SetState_Notify()
2025-07-10_01:39:51 INFO [ Battle StandBy ] SetState_End()
2025-07-10_01:39:51 INFO [ Battle StandBy ] SetState_None()
2025-07-10_01:39:51 INFO [ Battle Maya ] SetState_StandBy_1()
2025-07-10_01:39:51 INFO SetState_BattleOfMaya()
2025-07-10_01:41:50 INFO [ Battle Maya ] SetState_Notify_1()
2025-07-10_01:41:50 INFO [ Battle Maya ] Failed. No users at state 2
2025-07-10_01:41:50 INFO [ Battle Maya ] SetState_End()
2025-07-10_01:41:52 INFO [ Battle Maya ] SetState_EndCycle()
2025-07-10_01:41:52 INFO [ Battle Maya ] SetState_None()
2025-07-10_01:41:52 INFO SetState_End()
2025-07-10_01:41:52 INFO SetState_None()
2025-07-10_01:41:52 INFO [ Battle StandBy ] SetState_Start()
2025-07-10_01:41:52 INFO SetState_BattleStandBy()
2025-07-10_02:00:51 INFO [ Battle StandBy ] SetState_Notify()
2025-07-10_02:01:50 INFO [ Battle StandBy ] SetState_End()
2025-07-10_02:01:50 INFO [ Battle StandBy ] SetState_None()
2025-07-10_02:01:50 INFO [ Battle Maya ] SetState_StandBy_1()
2025-07-10_02:01:50 INFO SetState_BattleOfMaya()
2025-07-10_02:03:49 INFO [ Battle Maya ] SetState_Notify_1()
2025-07-10_02:03:49 INFO [ Battle Maya ] Failed. No users at state 2
2025-07-10_02:03:49 INFO [ Battle Maya ] SetState_End()
2025-07-10_02:03:51 INFO [ Battle Maya ] SetState_EndCycle()
2025-07-10_02:03:51 INFO [ Battle Maya ] SetState_None()
2025-07-10_02:03:51 INFO SetState_End()
2025-07-10_02:03:51 INFO SetState_None()
2025-07-10_02:03:51 INFO [ Battle StandBy ] SetState_Start()
2025-07-10_02:03:51 INFO SetState_BattleStandBy()
2025-07-10_02:22:50 INFO [ Battle StandBy ] SetState_Notify()
2025-07-10_02:23:49 INFO [ Battle StandBy ] SetState_End()
2025-07-10_02:23:49 INFO [ Battle StandBy ] SetState_None()
2025-07-10_02:23:49 INFO [ Battle Maya ] SetState_StandBy_1()
2025-07-10_02:23:49 INFO SetState_BattleOfMaya()
2025-07-10_02:25:48 INFO [ Battle Maya ] SetState_Notify_1()
2025-07-10_02:25:48 INFO [ Battle Maya ] Failed. No users at state 2
2025-07-10_02:25:48 INFO [ Battle Maya ] SetState_End()
2025-07-10_02:25:51 INFO [ Battle Maya ] SetState_EndCycle()
2025-07-10_02:25:51 INFO [ Battle Maya ] SetState_None()
2025-07-10_02:25:51 INFO SetState_End()
2025-07-10_02:25:51 INFO SetState_None()
2025-07-10_02:25:51 INFO [ Battle StandBy ] SetState_Start()
2025-07-10_02:25:51 INFO SetState_BattleStandBy()
2025-07-10_02:44:50 INFO [ Battle StandBy ] SetState_Notify()
2025-07-10_02:45:49 INFO [ Battle StandBy ] SetState_End()
2025-07-10_02:45:49 INFO [ Battle StandBy ] SetState_None()
2025-07-10_02:45:49 INFO [ Battle Maya ] SetState_StandBy_1()
2025-07-10_02:45:49 INFO SetState_BattleOfMaya()
2025-07-10_02:47:48 INFO [ Battle Maya ] SetState_Notify_1()
2025-07-10_02:47:48 INFO [ Battle Maya ] Failed. No users at state 2
2025-07-10_02:47:48 INFO [ Battle Maya ] SetState_End()
2025-07-10_02:47:50 INFO [ Battle Maya ] SetState_EndCycle()
2025-07-10_02:47:50 INFO [ Battle Maya ] SetState_None()
2025-07-10_02:47:50 INFO SetState_End()
2025-07-10_02:47:50 INFO SetState_None()
2025-07-10_02:47:50 INFO [ Battle StandBy ] SetState_Start()
2025-07-10_02:47:50 INFO SetState_BattleStandBy()
2025-07-10_03:06:49 INFO [ Battle StandBy ] SetState_Notify()
2025-07-10_03:07:48 INFO [ Battle StandBy ] SetState_End()
2025-07-10_03:07:48 INFO [ Battle StandBy ] SetState_None()
2025-07-10_03:07:48 INFO [ Battle Maya ] SetState_StandBy_1()
2025-07-10_03:07:48 INFO SetState_BattleOfMaya()
2025-07-10_03:09:47 INFO [ Battle Maya ] SetState_Notify_1()
2025-07-10_03:09:47 INFO [ Battle Maya ] Failed. No users at state 2
2025-07-10_03:09:47 INFO [ Battle Maya ] SetState_End()
2025-07-10_03:09:49 INFO [ Battle Maya ] SetState_EndCycle()
2025-07-10_03:09:49 INFO [ Battle Maya ] SetState_None()
2025-07-10_03:09:49 INFO SetState_End()
2025-07-10_03:09:49 INFO SetState_None()
2025-07-10_03:09:49 INFO [ Battle StandBy ] SetState_Start()
2025-07-10_03:09:49 INFO SetState_BattleStandBy()
2025-07-10_03:28:48 INFO [ Battle StandBy ] SetState_Notify()
2025-07-10_03:29:47 INFO [ Battle StandBy ] SetState_End()
2025-07-10_03:29:47 INFO [ Battle StandBy ] SetState_None()
2025-07-10_03:29:47 INFO [ Battle Maya ] SetState_StandBy_1()
2025-07-10_03:29:47 INFO SetState_BattleOfMaya()
2025-07-10_03:31:46 INFO [ Battle Maya ] SetState_Notify_1()
2025-07-10_03:31:46 INFO [ Battle Maya ] Failed. No users at state 2
2025-07-10_03:31:46 INFO [ Battle Maya ] SetState_End()
2025-07-10_03:31:48 INFO [ Battle Maya ] SetState_EndCycle()
2025-07-10_03:31:48 INFO [ Battle Maya ] SetState_None()
2025-07-10_03:31:48 INFO SetState_End()
2025-07-10_03:31:48 INFO SetState_None()
2025-07-10_03:31:48 INFO [ Battle StandBy ] SetState_Start()
2025-07-10_03:31:48 INFO SetState_BattleStandBy()
2025-07-10_03:50:48 INFO [ Battle StandBy ] SetState_Notify()
2025-07-10_03:51:47 INFO [ Battle StandBy ] SetState_End()
2025-07-10_03:51:47 INFO [ Battle StandBy ] SetState_None()
2025-07-10_03:51:47 INFO [ Battle Maya ] SetState_StandBy_1()
2025-07-10_03:51:47 INFO SetState_BattleOfMaya()
2025-07-10_03:53:46 INFO [ Battle Maya ] SetState_Notify_1()
2025-07-10_03:53:46 INFO [ Battle Maya ] Failed. No users at state 2
2025-07-10_03:53:46 INFO [ Battle Maya ] SetState_End()
2025-07-10_03:53:48 INFO [ Battle Maya ] SetState_EndCycle()
2025-07-10_03:53:48 INFO [ Battle Maya ] SetState_None()
2025-07-10_03:53:48 INFO SetState_End()
2025-07-10_03:53:48 INFO SetState_None()
2025-07-10_03:53:48 INFO [ Battle StandBy ] SetState_Start()
2025-07-10_03:53:48 INFO SetState_BattleStandBy()
2025-07-10_04:12:47 INFO [ Battle StandBy ] SetState_Notify()
2025-07-10_04:13:46 INFO [ Battle StandBy ] SetState_End()
2025-07-10_04:13:46 INFO [ Battle StandBy ] SetState_None()
2025-07-10_04:13:46 INFO [ Battle Maya ] SetState_StandBy_1()
2025-07-10_04:13:46 INFO SetState_BattleOfMaya()
2025-07-10_04:15:45 INFO [ Battle Maya ] SetState_Notify_1()
2025-07-10_04:15:45 INFO [ Battle Maya ] Failed. No users at state 2
2025-07-10_04:15:45 INFO [ Battle Maya ] SetState_End()
2025-07-10_04:15:47 INFO [ Battle Maya ] SetState_EndCycle()
2025-07-10_04:15:47 INFO [ Battle Maya ] SetState_None()
2025-07-10_04:15:47 INFO SetState_End()
2025-07-10_04:15:47 INFO SetState_None()
2025-07-10_04:15:47 INFO [ Battle StandBy ] SetState_Start()
2025-07-10_04:15:47 INFO SetState_BattleStandBy()
2025-07-10_04:34:46 INFO [ Battle StandBy ] SetState_Notify()
2025-07-10_04:35:45 INFO [ Battle StandBy ] SetState_End()
2025-07-10_04:35:45 INFO [ Battle StandBy ] SetState_None()
2025-07-10_04:35:45 INFO [ Battle Maya ] SetState_StandBy_1()
2025-07-10_04:35:45 INFO SetState_BattleOfMaya()
2025-07-10_04:37:44 INFO [ Battle Maya ] SetState_Notify_1()
2025-07-10_04:37:44 INFO [ Battle Maya ] Failed. No users at state 2
2025-07-10_04:37:44 INFO [ Battle Maya ] SetState_End()
2025-07-10_04:37:46 INFO [ Battle Maya ] SetState_EndCycle()
2025-07-10_04:37:46 INFO [ Battle Maya ] SetState_None()
2025-07-10_04:37:46 INFO SetState_End()
2025-07-10_04:37:46 INFO SetState_None()
2025-07-10_04:37:46 INFO [ Battle StandBy ] SetState_Start()
2025-07-10_04:37:46 INFO SetState_BattleStandBy()
2025-07-10_04:56:46 INFO [ Battle StandBy ] SetState_Notify()
2025-07-10_04:57:45 INFO [ Battle StandBy ] SetState_End()
2025-07-10_04:57:45 INFO [ Battle StandBy ] SetState_None()
2025-07-10_04:57:45 INFO [ Battle Maya ] SetState_StandBy_1()
2025-07-10_04:57:45 INFO SetState_BattleOfMaya()
2025-07-10_04:59:44 INFO [ Battle Maya ] SetState_Notify_1()
2025-07-10_04:59:44 INFO [ Battle Maya ] Failed. No users at state 2
2025-07-10_04:59:44 INFO [ Battle Maya ] SetState_End()
2025-07-10_04:59:46 INFO [ Battle Maya ] SetState_EndCycle()
2025-07-10_04:59:46 INFO [ Battle Maya ] SetState_None()
2025-07-10_04:59:46 INFO SetState_End()
2025-07-10_04:59:46 INFO SetState_None()
2025-07-10_04:59:46 INFO [ Battle StandBy ] SetState_Start()
2025-07-10_04:59:46 INFO SetState_BattleStandBy()
2025-07-10_05:18:45 INFO [ Battle StandBy ] SetState_Notify()
2025-07-10_05:19:44 INFO [ Battle StandBy ] SetState_End()
2025-07-10_05:19:44 INFO [ Battle StandBy ] SetState_None()
2025-07-10_05:19:44 INFO [ Battle Maya ] SetState_StandBy_1()
2025-07-10_05:19:44 INFO SetState_BattleOfMaya()
2025-07-10_05:21:43 INFO [ Battle Maya ] SetState_Notify_1()
2025-07-10_05:21:43 INFO [ Battle Maya ] Failed. No users at state 2
2025-07-10_05:21:43 INFO [ Battle Maya ] SetState_End()
2025-07-10_05:21:45 INFO [ Battle Maya ] SetState_EndCycle()
2025-07-10_05:21:45 INFO [ Battle Maya ] SetState_None()
2025-07-10_05:21:45 INFO SetState_End()
2025-07-10_05:21:45 INFO SetState_None()
2025-07-10_05:21:45 INFO [ Battle StandBy ] SetState_Start()
2025-07-10_05:21:45 INFO SetState_BattleStandBy()
2025-07-10_05:40:44 INFO [ Battle StandBy ] SetState_Notify()
2025-07-10_05:41:43 INFO [ Battle StandBy ] SetState_End()
2025-07-10_05:41:43 INFO [ Battle StandBy ] SetState_None()
2025-07-10_05:41:43 INFO [ Battle Maya ] SetState_StandBy_1()
2025-07-10_05:41:43 INFO SetState_BattleOfMaya()
2025-07-10_05:43:42 INFO [ Battle Maya ] SetState_Notify_1()
2025-07-10_05:43:42 INFO [ Battle Maya ] Failed. No users at state 2
2025-07-10_05:43:42 INFO [ Battle Maya ] SetState_End()
2025-07-10_05:43:44 INFO [ Battle Maya ] SetState_EndCycle()
2025-07-10_05:43:44 INFO [ Battle Maya ] SetState_None()
2025-07-10_05:43:44 INFO SetState_End()
2025-07-10_05:43:44 INFO SetState_None()
2025-07-10_05:43:44 INFO [ Battle StandBy ] SetState_Start()
2025-07-10_05:43:44 INFO SetState_BattleStandBy()
2025-07-10_06:02:44 INFO [ Battle StandBy ] SetState_Notify()
2025-07-10_06:03:43 INFO [ Battle StandBy ] SetState_End()
2025-07-10_06:03:43 INFO [ Battle StandBy ] SetState_None()
2025-07-10_06:03:43 INFO [ Battle Maya ] SetState_StandBy_1()
2025-07-10_06:03:43 INFO SetState_BattleOfMaya()
2025-07-10_06:05:42 INFO [ Battle Maya ] SetState_Notify_1()
2025-07-10_06:05:42 INFO [ Battle Maya ] Failed. No users at state 2
2025-07-10_06:05:42 INFO [ Battle Maya ] SetState_End()
2025-07-10_06:05:44 INFO [ Battle Maya ] SetState_EndCycle()
2025-07-10_06:05:44 INFO [ Battle Maya ] SetState_None()
2025-07-10_06:05:44 INFO SetState_End()
2025-07-10_06:05:44 INFO SetState_None()
2025-07-10_06:05:44 INFO [ Battle StandBy ] SetState_Start()
2025-07-10_06:05:44 INFO SetState_BattleStandBy()
2025-07-10_06:24:43 INFO [ Battle StandBy ] SetState_Notify()
2025-07-10_06:25:42 INFO [ Battle StandBy ] SetState_End()
2025-07-10_06:25:42 INFO [ Battle StandBy ] SetState_None()
2025-07-10_06:25:42 INFO [ Battle Maya ] SetState_StandBy_1()
2025-07-10_06:25:42 INFO SetState_BattleOfMaya()
2025-07-10_06:27:41 INFO [ Battle Maya ] SetState_Notify_1()
2025-07-10_06:27:41 INFO [ Battle Maya ] Failed. No users at state 2
2025-07-10_06:27:41 INFO [ Battle Maya ] SetState_End()
2025-07-10_06:27:43 INFO [ Battle Maya ] SetState_EndCycle()
2025-07-10_06:27:43 INFO [ Battle Maya ] SetState_None()
2025-07-10_06:27:43 INFO SetState_End()
2025-07-10_06:27:43 INFO SetState_None()
2025-07-10_06:27:43 INFO [ Battle StandBy ] SetState_Start()
2025-07-10_06:27:43 INFO SetState_BattleStandBy()
2025-07-10_06:46:42 INFO [ Battle StandBy ] SetState_Notify()
2025-07-10_06:47:41 INFO [ Battle StandBy ] SetState_End()
2025-07-10_06:47:41 INFO [ Battle StandBy ] SetState_None()
2025-07-10_06:47:41 INFO [ Battle Maya ] SetState_StandBy_1()
2025-07-10_06:47:41 INFO SetState_BattleOfMaya()
2025-07-10_06:49:40 INFO [ Battle Maya ] SetState_Notify_1()
2025-07-10_06:49:40 INFO [ Battle Maya ] Failed. No users at state 2
2025-07-10_06:49:40 INFO [ Battle Maya ] SetState_End()
2025-07-10_06:49:42 INFO [ Battle Maya ] SetState_EndCycle()
2025-07-10_06:49:42 INFO [ Battle Maya ] SetState_None()
2025-07-10_06:49:42 INFO SetState_End()
2025-07-10_06:49:42 INFO SetState_None()
2025-07-10_06:49:42 INFO [ Battle StandBy ] SetState_Start()
2025-07-10_06:49:42 INFO SetState_BattleStandBy()
2025-07-10_07:08:41 INFO [ Battle StandBy ] SetState_Notify()
2025-07-10_07:09:40 INFO [ Battle StandBy ] SetState_End()
2025-07-10_07:09:41 INFO [ Battle StandBy ] SetState_None()
2025-07-10_07:09:41 INFO [ Battle Maya ] SetState_StandBy_1()
2025-07-10_07:09:41 INFO SetState_BattleOfMaya()
2025-07-10_07:11:40 INFO [ Battle Maya ] SetState_Notify_1()
2025-07-10_07:11:40 INFO [ Battle Maya ] Failed. No users at state 2
2025-07-10_07:11:40 INFO [ Battle Maya ] SetState_End()
2025-07-10_07:11:42 INFO [ Battle Maya ] SetState_EndCycle()
2025-07-10_07:11:42 INFO [ Battle Maya ] SetState_None()
2025-07-10_07:11:42 INFO SetState_End()
2025-07-10_07:11:42 INFO SetState_None()
2025-07-10_07:11:42 INFO [ Battle StandBy ] SetState_Start()
2025-07-10_07:11:42 INFO SetState_BattleStandBy()
2025-07-10_07:30:41 INFO [ Battle StandBy ] SetState_Notify()
2025-07-10_07:31:40 INFO [ Battle StandBy ] SetState_End()
2025-07-10_07:31:40 INFO [ Battle StandBy ] SetState_None()
2025-07-10_07:31:40 INFO [ Battle Maya ] SetState_StandBy_1()
2025-07-10_07:31:40 INFO SetState_BattleOfMaya()
2025-07-10_07:33:39 INFO [ Battle Maya ] SetState_Notify_1()
2025-07-10_07:33:39 INFO [ Battle Maya ] Failed. No users at state 2
2025-07-10_07:33:39 INFO [ Battle Maya ] SetState_End()
2025-07-10_07:33:41 INFO [ Battle Maya ] SetState_EndCycle()
2025-07-10_07:33:41 INFO [ Battle Maya ] SetState_None()
2025-07-10_07:33:41 INFO SetState_End()
2025-07-10_07:33:41 INFO SetState_None()
2025-07-10_07:33:41 INFO [ Battle StandBy ] SetState_Start()
2025-07-10_07:33:41 INFO SetState_BattleStandBy()
2025-07-10_07:52:40 INFO [ Battle StandBy ] SetState_Notify()
2025-07-10_07:53:39 INFO [ Battle StandBy ] SetState_End()
2025-07-10_07:53:39 INFO [ Battle StandBy ] SetState_None()
2025-07-10_07:53:39 INFO [ Battle Maya ] SetState_StandBy_1()
2025-07-10_07:53:39 INFO SetState_BattleOfMaya()
2025-07-10_07:55:38 INFO [ Battle Maya ] SetState_Notify_1()
2025-07-10_07:55:38 INFO [ Battle Maya ] Failed. No users at state 2
2025-07-10_07:55:38 INFO [ Battle Maya ] SetState_End()
2025-07-10_07:55:40 INFO [ Battle Maya ] SetState_EndCycle()
2025-07-10_07:55:40 INFO [ Battle Maya ] SetState_None()
2025-07-10_07:55:40 INFO SetState_End()
2025-07-10_07:55:40 INFO SetState_None()
2025-07-10_07:55:40 INFO [ Battle StandBy ] SetState_Start()
2025-07-10_07:55:40 INFO SetState_BattleStandBy()
2025-07-10_08:14:39 INFO [ Battle StandBy ] SetState_Notify()
2025-07-10_08:15:38 INFO [ Battle StandBy ] SetState_End()
2025-07-10_08:15:39 INFO [ Battle StandBy ] SetState_None()
2025-07-10_08:15:39 INFO [ Battle Maya ] SetState_StandBy_1()
2025-07-10_08:15:39 INFO SetState_BattleOfMaya()
2025-07-10_08:17:38 INFO [ Battle Maya ] SetState_Notify_1()
2025-07-10_08:17:38 INFO [ Battle Maya ] Failed. No users at state 2
2025-07-10_08:17:38 INFO [ Battle Maya ] SetState_End()
2025-07-10_08:17:40 INFO [ Battle Maya ] SetState_EndCycle()
2025-07-10_08:17:40 INFO [ Battle Maya ] SetState_None()
2025-07-10_08:17:40 INFO SetState_End()
2025-07-10_08:17:40 INFO SetState_None()
2025-07-10_08:17:40 INFO [ Battle StandBy ] SetState_Start()
2025-07-10_08:17:40 INFO SetState_BattleStandBy()
2025-07-10_08:36:39 INFO [ Battle StandBy ] SetState_Notify()
2025-07-10_08:37:38 INFO [ Battle StandBy ] SetState_End()
2025-07-10_08:37:38 INFO [ Battle StandBy ] SetState_None()
2025-07-10_08:37:38 INFO [ Battle Maya ] SetState_StandBy_1()
2025-07-10_08:37:38 INFO SetState_BattleOfMaya()
2025-07-10_08:39:37 INFO [ Battle Maya ] SetState_Notify_1()
2025-07-10_08:39:37 INFO [ Battle Maya ] Failed. No users at state 2
2025-07-10_08:39:37 INFO [ Battle Maya ] SetState_End()
2025-07-10_08:39:39 INFO [ Battle Maya ] SetState_EndCycle()
2025-07-10_08:39:39 INFO [ Battle Maya ] SetState_None()
2025-07-10_08:39:39 INFO SetState_End()
2025-07-10_08:39:39 INFO SetState_None()
2025-07-10_08:39:39 INFO [ Battle StandBy ] SetState_Start()
2025-07-10_08:39:39 INFO SetState_BattleStandBy()
2025-07-10_08:58:38 INFO [ Battle StandBy ] SetState_Notify()
2025-07-10_08:59:37 INFO [ Battle StandBy ] SetState_End()
2025-07-10_08:59:37 INFO [ Battle StandBy ] SetState_None()
2025-07-10_08:59:37 INFO [ Battle Maya ] SetState_StandBy_1()
2025-07-10_08:59:37 INFO SetState_BattleOfMaya()
2025-07-10_09:01:36 INFO [ Battle Maya ] SetState_Notify_1()
2025-07-10_09:01:36 INFO [ Battle Maya ] Failed. No users at state 2
2025-07-10_09:01:36 INFO [ Battle Maya ] SetState_End()
2025-07-10_09:01:38 INFO [ Battle Maya ] SetState_EndCycle()
2025-07-10_09:01:38 INFO [ Battle Maya ] SetState_None()
2025-07-10_09:01:38 INFO SetState_End()
2025-07-10_09:01:38 INFO SetState_None()
2025-07-10_09:01:38 INFO [ Battle StandBy ] SetState_Start()
2025-07-10_09:01:38 INFO SetState_BattleStandBy()
2025-07-10_09:20:37 INFO [ Battle StandBy ] SetState_Notify()
2025-07-10_09:21:36 INFO [ Battle StandBy ] SetState_End()
2025-07-10_09:21:36 INFO [ Battle StandBy ] SetState_None()
2025-07-10_09:21:36 INFO [ Battle Maya ] SetState_StandBy_1()
2025-07-10_09:21:36 INFO SetState_BattleOfMaya()
2025-07-10_09:23:35 INFO [ Battle Maya ] SetState_Notify_1()
2025-07-10_09:23:35 INFO [ Battle Maya ] Failed. No users at state 2
2025-07-10_09:23:35 INFO [ Battle Maya ] SetState_End()
2025-07-10_09:23:37 INFO [ Battle Maya ] SetState_EndCycle()
2025-07-10_09:23:38 INFO [ Battle Maya ] SetState_None()
2025-07-10_09:23:38 INFO SetState_End()
2025-07-10_09:23:38 INFO SetState_None()
2025-07-10_09:23:38 INFO [ Battle StandBy ] SetState_Start()
2025-07-10_09:23:38 INFO SetState_BattleStandBy()
2025-07-10_09:42:37 INFO [ Battle StandBy ] SetState_Notify()
2025-07-10_09:43:36 INFO [ Battle StandBy ] SetState_End()
2025-07-10_09:43:36 INFO [ Battle StandBy ] SetState_None()
2025-07-10_09:43:36 INFO [ Battle Maya ] SetState_StandBy_1()
2025-07-10_09:43:36 INFO SetState_BattleOfMaya()
2025-07-10_09:45:35 INFO [ Battle Maya ] SetState_Notify_1()
2025-07-10_09:45:35 INFO [ Battle Maya ] Failed. No users at state 2
2025-07-10_09:45:35 INFO [ Battle Maya ] SetState_End()
2025-07-10_09:45:37 INFO [ Battle Maya ] SetState_EndCycle()
2025-07-10_09:45:37 INFO [ Battle Maya ] SetState_None()
2025-07-10_09:45:37 INFO SetState_End()
2025-07-10_09:45:37 INFO SetState_None()
2025-07-10_09:45:37 INFO [ Battle StandBy ] SetState_Start()
2025-07-10_09:45:37 INFO SetState_BattleStandBy()
2025-07-10_10:04:36 INFO [ Battle StandBy ] SetState_Notify()
2025-07-10_10:05:35 INFO [ Battle StandBy ] SetState_End()
2025-07-10_10:05:35 INFO [ Battle StandBy ] SetState_None()
2025-07-10_10:05:35 INFO [ Battle Maya ] SetState_StandBy_1()
2025-07-10_10:05:35 INFO SetState_BattleOfMaya()
2025-07-10_10:07:34 INFO [ Battle Maya ] SetState_Notify_1()
2025-07-10_10:07:34 INFO [ Battle Maya ] Failed. No users at state 2
2025-07-10_10:07:34 INFO [ Battle Maya ] SetState_End()
2025-07-10_10:07:36 INFO [ Battle Maya ] SetState_EndCycle()
2025-07-10_10:07:36 INFO [ Battle Maya ] SetState_None()
2025-07-10_10:07:36 INFO SetState_End()
2025-07-10_10:07:36 INFO SetState_None()
2025-07-10_10:07:36 INFO [ Battle StandBy ] SetState_Start()
2025-07-10_10:07:36 INFO SetState_BattleStandBy()
2025-07-10_10:26:35 INFO [ Battle StandBy ] SetState_Notify()
2025-07-10_10:27:34 INFO [ Battle StandBy ] SetState_End()
2025-07-10_10:27:34 INFO [ Battle StandBy ] SetState_None()
2025-07-10_10:27:34 INFO [ Battle Maya ] SetState_StandBy_1()
2025-07-10_10:27:34 INFO SetState_BattleOfMaya()
2025-07-10_10:29:33 INFO [ Battle Maya ] SetState_Notify_1()
2025-07-10_10:29:33 INFO [ Battle Maya ] Failed. No users at state 2
2025-07-10_10:29:33 INFO [ Battle Maya ] SetState_End()
2025-07-10_10:29:35 INFO [ Battle Maya ] SetState_EndCycle()
2025-07-10_10:29:36 INFO [ Battle Maya ] SetState_None()
2025-07-10_10:29:36 INFO SetState_End()
2025-07-10_10:29:36 INFO SetState_None()
2025-07-10_10:29:36 INFO [ Battle StandBy ] SetState_Start()
2025-07-10_10:29:36 INFO SetState_BattleStandBy()
2025-07-10_10:48:35 INFO [ Battle StandBy ] SetState_Notify()
2025-07-10_10:49:34 INFO [ Battle StandBy ] SetState_End()
2025-07-10_10:49:34 INFO [ Battle StandBy ] SetState_None()
2025-07-10_10:49:34 INFO [ Battle Maya ] SetState_StandBy_1()
2025-07-10_10:49:34 INFO SetState_BattleOfMaya()
2025-07-10_10:51:33 INFO [ Battle Maya ] SetState_Notify_1()
2025-07-10_10:51:33 INFO [ Battle Maya ] Failed. No users at state 2
2025-07-10_10:51:33 INFO [ Battle Maya ] SetState_End()
2025-07-10_10:51:35 INFO [ Battle Maya ] SetState_EndCycle()
2025-07-10_10:51:35 INFO [ Battle Maya ] SetState_None()
2025-07-10_10:51:35 INFO SetState_End()
2025-07-10_10:51:35 INFO SetState_None()
2025-07-10_10:51:35 INFO [ Battle StandBy ] SetState_Start()
2025-07-10_10:51:35 INFO SetState_BattleStandBy()
2025-07-10_11:10:34 INFO [ Battle StandBy ] SetState_Notify()
2025-07-10_11:11:33 INFO [ Battle StandBy ] SetState_End()
2025-07-10_11:11:33 INFO [ Battle StandBy ] SetState_None()
2025-07-10_11:11:33 INFO [ Battle Maya ] SetState_StandBy_1()
2025-07-10_11:11:33 INFO SetState_BattleOfMaya()
2025-07-10_11:13:32 INFO [ Battle Maya ] SetState_Notify_1()
2025-07-10_11:13:32 INFO [ Battle Maya ] Failed. No users at state 2
2025-07-10_11:13:32 INFO [ Battle Maya ] SetState_End()
2025-07-10_11:13:34 INFO [ Battle Maya ] SetState_EndCycle()
2025-07-10_11:13:34 INFO [ Battle Maya ] SetState_None()
2025-07-10_11:13:34 INFO SetState_End()
2025-07-10_11:13:34 INFO SetState_None()
2025-07-10_11:13:34 INFO [ Battle StandBy ] SetState_Start()
2025-07-10_11:13:34 INFO SetState_BattleStandBy()
2025-07-10_11:32:33 INFO [ Battle StandBy ] SetState_Notify()
2025-07-10_11:33:32 INFO [ Battle StandBy ] SetState_End()
2025-07-10_11:33:32 INFO [ Battle StandBy ] SetState_None()
2025-07-10_11:33:32 INFO [ Battle Maya ] SetState_StandBy_1()
2025-07-10_11:33:32 INFO SetState_BattleOfMaya()
2025-07-10_11:35:31 INFO [ Battle Maya ] SetState_Notify_1()
2025-07-10_11:35:31 INFO [ Battle Maya ] Failed. No users at state 2
2025-07-10_11:35:31 INFO [ Battle Maya ] SetState_End()
2025-07-10_11:35:33 INFO [ Battle Maya ] SetState_EndCycle()
2025-07-10_11:35:33 INFO [ Battle Maya ] SetState_None()
2025-07-10_11:35:33 INFO SetState_End()
2025-07-10_11:35:34 INFO SetState_None()
2025-07-10_11:35:34 INFO [ Battle StandBy ] SetState_Start()
2025-07-10_11:35:34 INFO SetState_BattleStandBy()
2025-07-10_11:54:33 INFO [ Battle StandBy ] SetState_Notify()
2025-07-10_11:55:32 INFO [ Battle StandBy ] SetState_End()
2025-07-10_11:55:32 INFO [ Battle StandBy ] SetState_None()
2025-07-10_11:55:32 INFO [ Battle Maya ] SetState_StandBy_1()
2025-07-10_11:55:32 INFO SetState_BattleOfMaya()
2025-07-10_11:57:31 INFO [ Battle Maya ] SetState_Notify_1()
2025-07-10_11:57:31 INFO [ Battle Maya ] Failed. No users at state 2
2025-07-10_11:57:31 INFO [ Battle Maya ] SetState_End()
2025-07-10_11:57:33 INFO [ Battle Maya ] SetState_EndCycle()
2025-07-10_11:57:33 INFO [ Battle Maya ] SetState_None()
2025-07-10_11:57:33 INFO SetState_End()
2025-07-10_11:57:33 INFO SetState_None()
2025-07-10_11:57:33 INFO [ Battle StandBy ] SetState_Start()
2025-07-10_11:57:33 INFO SetState_BattleStandBy()
2025-07-10_12:16:32 INFO [ Battle StandBy ] SetState_Notify()
2025-07-10_12:17:31 INFO [ Battle StandBy ] SetState_End()
2025-07-10_12:17:31 INFO [ Battle StandBy ] SetState_None()
2025-07-10_12:17:31 INFO [ Battle Maya ] SetState_StandBy_1()
2025-07-10_12:17:31 INFO SetState_BattleOfMaya()
2025-07-10_12:19:30 INFO [ Battle Maya ] SetState_Notify_1()
2025-07-10_12:19:30 INFO [ Battle Maya ] Failed. No users at state 2
2025-07-10_12:19:30 INFO [ Battle Maya ] SetState_End()
2025-07-10_12:19:32 INFO [ Battle Maya ] SetState_EndCycle()
2025-07-10_12:19:32 INFO [ Battle Maya ] SetState_None()
2025-07-10_12:19:32 INFO SetState_End()
2025-07-10_12:19:32 INFO SetState_None()
2025-07-10_12:19:32 INFO [ Battle StandBy ] SetState_Start()
2025-07-10_12:19:32 INFO SetState_BattleStandBy()
2025-07-10_12:38:31 INFO [ Battle StandBy ] SetState_Notify()
2025-07-10_12:39:30 INFO [ Battle StandBy ] SetState_End()
2025-07-10_12:39:30 INFO [ Battle StandBy ] SetState_None()
2025-07-10_12:39:30 INFO [ Battle Maya ] SetState_StandBy_1()
2025-07-10_12:39:30 INFO SetState_BattleOfMaya()
2025-07-10_12:41:29 INFO [ Battle Maya ] SetState_Notify_1()
2025-07-10_12:41:29 INFO [ Battle Maya ] Failed. No users at state 2
2025-07-10_12:41:29 INFO [ Battle Maya ] SetState_End()
2025-07-10_12:41:31 INFO [ Battle Maya ] SetState_EndCycle()
2025-07-10_12:41:31 INFO [ Battle Maya ] SetState_None()
2025-07-10_12:41:31 INFO SetState_End()
2025-07-10_12:41:31 INFO SetState_None()
2025-07-10_12:41:31 INFO [ Battle StandBy ] SetState_Start()
2025-07-10_12:41:31 INFO SetState_BattleStandBy()
2025-07-10_13:00:31 INFO [ Battle StandBy ] SetState_Notify()
2025-07-10_13:01:30 INFO [ Battle StandBy ] SetState_End()
2025-07-10_13:01:30 INFO [ Battle StandBy ] SetState_None()
2025-07-10_13:01:30 INFO [ Battle Maya ] SetState_StandBy_1()
2025-07-10_13:01:30 INFO SetState_BattleOfMaya()
2025-07-10_13:03:29 INFO [ Battle Maya ] SetState_Notify_1()
2025-07-10_13:03:29 INFO [ Battle Maya ] Failed. No users at state 2
2025-07-10_13:03:29 INFO [ Battle Maya ] SetState_End()
2025-07-10_13:03:31 INFO [ Battle Maya ] SetState_EndCycle()
2025-07-10_13:03:31 INFO [ Battle Maya ] SetState_None()
2025-07-10_13:03:31 INFO SetState_End()
2025-07-10_13:03:31 INFO SetState_None()
2025-07-10_13:03:31 INFO [ Battle StandBy ] SetState_Start()
2025-07-10_13:03:31 INFO SetState_BattleStandBy()
2025-07-10_13:22:30 INFO [ Battle StandBy ] SetState_Notify()
2025-07-10_13:23:29 INFO [ Battle StandBy ] SetState_End()
2025-07-10_13:23:29 INFO [ Battle StandBy ] SetState_None()
2025-07-10_13:23:29 INFO [ Battle Maya ] SetState_StandBy_1()
2025-07-10_13:23:29 INFO SetState_BattleOfMaya()
2025-07-10_13:25:28 INFO [ Battle Maya ] SetState_Notify_1()
2025-07-10_13:25:28 INFO [ Battle Maya ] Failed. No users at state 2
2025-07-10_13:25:28 INFO [ Battle Maya ] SetState_End()
2025-07-10_13:25:30 INFO [ Battle Maya ] SetState_EndCycle()
2025-07-10_13:25:30 INFO [ Battle Maya ] SetState_None()
2025-07-10_13:25:30 INFO SetState_End()
2025-07-10_13:25:30 INFO SetState_None()
2025-07-10_13:25:30 INFO [ Battle StandBy ] SetState_Start()
2025-07-10_13:25:30 INFO SetState_BattleStandBy()
2025-07-10_13:44:29 INFO [ Battle StandBy ] SetState_Notify()
2025-07-10_13:45:28 INFO [ Battle StandBy ] SetState_End()
2025-07-10_13:45:28 INFO [ Battle StandBy ] SetState_None()
2025-07-10_13:45:28 INFO [ Battle Maya ] SetState_StandBy_1()
2025-07-10_13:45:28 INFO SetState_BattleOfMaya()
2025-07-10_13:47:27 INFO [ Battle Maya ] SetState_Notify_1()
2025-07-10_13:47:27 INFO [ Battle Maya ] Failed. No users at state 2
2025-07-10_13:47:27 INFO [ Battle Maya ] SetState_End()
2025-07-10_13:47:29 INFO [ Battle Maya ] SetState_EndCycle()
2025-07-10_13:47:29 INFO [ Battle Maya ] SetState_None()
2025-07-10_13:47:29 INFO SetState_End()
2025-07-10_13:47:29 INFO SetState_None()
2025-07-10_13:47:29 INFO [ Battle StandBy ] SetState_Start()
2025-07-10_13:47:29 INFO SetState_BattleStandBy()
2025-07-10_14:06:28 INFO [ Battle StandBy ] SetState_Notify()
2025-07-10_14:07:28 INFO [ Battle StandBy ] SetState_End()
2025-07-10_14:07:28 INFO [ Battle StandBy ] SetState_None()
2025-07-10_14:07:28 INFO [ Battle Maya ] SetState_StandBy_1()
2025-07-10_14:07:28 INFO SetState_BattleOfMaya()
2025-07-10_14:09:27 INFO [ Battle Maya ] SetState_Notify_1()
2025-07-10_14:09:27 INFO [ Battle Maya ] Failed. No users at state 2
2025-07-10_14:09:27 INFO [ Battle Maya ] SetState_End()
2025-07-10_14:09:29 INFO [ Battle Maya ] SetState_EndCycle()
2025-07-10_14:09:29 INFO [ Battle Maya ] SetState_None()
2025-07-10_14:09:29 INFO SetState_End()
2025-07-10_14:09:29 INFO SetState_None()
2025-07-10_14:09:29 INFO [ Battle StandBy ] SetState_Start()
2025-07-10_14:09:29 INFO SetState_BattleStandBy()
2025-07-10_14:28:28 INFO [ Battle StandBy ] SetState_Notify()
2025-07-10_14:29:27 INFO [ Battle StandBy ] SetState_End()
2025-07-10_14:29:27 INFO [ Battle StandBy ] SetState_None()
2025-07-10_14:29:27 INFO [ Battle Maya ] SetState_StandBy_1()
2025-07-10_14:29:27 INFO SetState_BattleOfMaya()
2025-07-10_14:31:26 INFO [ Battle Maya ] SetState_Notify_1()
2025-07-10_14:31:26 INFO [ Battle Maya ] Failed. No users at state 2
2025-07-10_14:31:26 INFO [ Battle Maya ] SetState_End()
2025-07-10_14:31:28 INFO [ Battle Maya ] SetState_EndCycle()
2025-07-10_14:31:28 INFO [ Battle Maya ] SetState_None()
2025-07-10_14:31:28 INFO SetState_End()
2025-07-10_14:31:28 INFO SetState_None()
2025-07-10_14:31:28 INFO [ Battle StandBy ] SetState_Start()
2025-07-10_14:31:28 INFO SetState_BattleStandBy()
2025-07-10_14:50:27 INFO [ Battle StandBy ] SetState_Notify()
2025-07-10_14:51:26 INFO [ Battle StandBy ] SetState_End()
2025-07-10_14:51:26 INFO [ Battle StandBy ] SetState_None()
2025-07-10_14:51:26 INFO [ Battle Maya ] SetState_StandBy_1()
2025-07-10_14:51:26 INFO SetState_BattleOfMaya()
2025-07-10_14:53:25 INFO [ Battle Maya ] SetState_Notify_1()
2025-07-10_14:53:25 INFO [ Battle Maya ] Failed. No users at state 2
2025-07-10_14:53:25 INFO [ Battle Maya ] SetState_End()
2025-07-10_14:53:27 INFO [ Battle Maya ] SetState_EndCycle()
2025-07-10_14:53:27 INFO [ Battle Maya ] SetState_None()
2025-07-10_14:53:27 INFO SetState_End()
2025-07-10_14:53:27 INFO SetState_None()
2025-07-10_14:53:27 INFO [ Battle StandBy ] SetState_Start()
2025-07-10_14:53:27 INFO SetState_BattleStandBy()
2025-07-10_15:12:26 INFO [ Battle StandBy ] SetState_Notify()
2025-07-10_15:13:25 INFO [ Battle StandBy ] SetState_End()
2025-07-10_15:13:26 INFO [ Battle StandBy ] SetState_None()
2025-07-10_15:13:26 INFO [ Battle Maya ] SetState_StandBy_1()
2025-07-10_15:13:26 INFO SetState_BattleOfMaya()
2025-07-10_15:15:25 INFO [ Battle Maya ] SetState_Notify_1()
2025-07-10_15:15:25 INFO [ Battle Maya ] Failed. No users at state 2
2025-07-10_15:15:25 INFO [ Battle Maya ] SetState_End()
2025-07-10_15:15:27 INFO [ Battle Maya ] SetState_EndCycle()
2025-07-10_15:15:27 INFO [ Battle Maya ] SetState_None()
2025-07-10_15:15:27 INFO SetState_End()
2025-07-10_15:15:27 INFO SetState_None()
2025-07-10_15:15:27 INFO [ Battle StandBy ] SetState_Start()
2025-07-10_15:15:27 INFO SetState_BattleStandBy()
2025-07-10_15:34:26 INFO [ Battle StandBy ] SetState_Notify()
2025-07-10_15:35:25 INFO [ Battle StandBy ] SetState_End()
2025-07-10_15:35:25 INFO [ Battle StandBy ] SetState_None()
2025-07-10_15:35:25 INFO [ Battle Maya ] SetState_StandBy_1()
2025-07-10_15:35:25 INFO SetState_BattleOfMaya()
2025-07-10_15:37:24 INFO [ Battle Maya ] SetState_Notify_1()
2025-07-10_15:37:24 INFO [ Battle Maya ] Failed. No users at state 2
2025-07-10_15:37:24 INFO [ Battle Maya ] SetState_End()
2025-07-10_15:37:26 INFO [ Battle Maya ] SetState_EndCycle()
2025-07-10_15:37:26 INFO [ Battle Maya ] SetState_None()
2025-07-10_15:37:26 INFO SetState_End()
2025-07-10_15:37:26 INFO SetState_None()
2025-07-10_15:37:26 INFO [ Battle StandBy ] SetState_Start()
2025-07-10_15:37:26 INFO SetState_BattleStandBy()
2025-07-10_15:56:25 INFO [ Battle StandBy ] SetState_Notify()
2025-07-10_15:57:24 INFO [ Battle StandBy ] SetState_End()
2025-07-10_15:57:24 INFO [ Battle StandBy ] SetState_None()
2025-07-10_15:57:24 INFO [ Battle Maya ] SetState_StandBy_1()
2025-07-10_15:57:24 INFO SetState_BattleOfMaya()
2025-07-10_15:59:23 INFO [ Battle Maya ] SetState_Notify_1()
2025-07-10_15:59:23 INFO [ Battle Maya ] Failed. No users at state 2
2025-07-10_15:59:23 INFO [ Battle Maya ] SetState_End()
2025-07-10_15:59:25 INFO [ Battle Maya ] SetState_EndCycle()
2025-07-10_15:59:25 INFO [ Battle Maya ] SetState_None()
2025-07-10_15:59:25 INFO SetState_End()
2025-07-10_15:59:25 INFO SetState_None()
2025-07-10_15:59:25 INFO [ Battle StandBy ] SetState_Start()
2025-07-10_15:59:25 INFO SetState_BattleStandBy()
2025-07-10_16:18:24 INFO [ Battle StandBy ] SetState_Notify()
2025-07-10_16:19:23 INFO [ Battle StandBy ] SetState_End()
2025-07-10_16:19:23 INFO [ Battle StandBy ] SetState_None()
2025-07-10_16:19:23 INFO [ Battle Maya ] SetState_StandBy_1()
2025-07-10_16:19:23 INFO SetState_BattleOfMaya()
2025-07-10_16:21:22 INFO [ Battle Maya ] SetState_Notify_1()
2025-07-10_16:21:22 INFO [ Battle Maya ] Failed. No users at state 2
2025-07-10_16:21:22 INFO [ Battle Maya ] SetState_End()
2025-07-10_16:21:24 INFO [ Battle Maya ] SetState_EndCycle()
2025-07-10_16:21:25 INFO [ Battle Maya ] SetState_None()
2025-07-10_16:21:25 INFO SetState_End()
2025-07-10_16:21:25 INFO SetState_None()
2025-07-10_16:21:25 INFO [ Battle StandBy ] SetState_Start()
2025-07-10_16:21:25 INFO SetState_BattleStandBy()
2025-07-10_16:40:24 INFO [ Battle StandBy ] SetState_Notify()
2025-07-10_16:41:23 INFO [ Battle StandBy ] SetState_End()
2025-07-10_16:41:23 INFO [ Battle StandBy ] SetState_None()
2025-07-10_16:41:23 INFO [ Battle Maya ] SetState_StandBy_1()
2025-07-10_16:41:23 INFO SetState_BattleOfMaya()
2025-07-10_16:43:22 INFO [ Battle Maya ] SetState_Notify_1()
2025-07-10_16:43:22 INFO [ Battle Maya ] Failed. No users at state 2
2025-07-10_16:43:22 INFO [ Battle Maya ] SetState_End()
2025-07-10_16:43:24 INFO [ Battle Maya ] SetState_EndCycle()
2025-07-10_16:43:24 INFO [ Battle Maya ] SetState_None()
2025-07-10_16:43:24 INFO SetState_End()
2025-07-10_16:43:24 INFO SetState_None()
2025-07-10_16:43:24 INFO [ Battle StandBy ] SetState_Start()
2025-07-10_16:43:24 INFO SetState_BattleStandBy()
2025-07-10_17:02:23 INFO [ Battle StandBy ] SetState_Notify()
2025-07-10_17:03:22 INFO [ Battle StandBy ] SetState_End()
2025-07-10_17:03:22 INFO [ Battle StandBy ] SetState_None()
2025-07-10_17:03:22 INFO [ Battle Maya ] SetState_StandBy_1()
2025-07-10_17:03:22 INFO SetState_BattleOfMaya()
2025-07-10_17:05:21 INFO [ Battle Maya ] SetState_Notify_1()
2025-07-10_17:05:21 INFO [ Battle Maya ] Failed. No users at state 2
2025-07-10_17:05:21 INFO [ Battle Maya ] SetState_End()
2025-07-10_17:05:23 INFO [ Battle Maya ] SetState_EndCycle()
2025-07-10_17:05:23 INFO [ Battle Maya ] SetState_None()
2025-07-10_17:05:23 INFO SetState_End()
2025-07-10_17:05:23 INFO SetState_None()
2025-07-10_17:05:23 INFO [ Battle StandBy ] SetState_Start()
2025-07-10_17:05:23 INFO SetState_BattleStandBy()
2025-07-10_17:24:22 INFO [ Battle StandBy ] SetState_Notify()
2025-07-10_17:25:21 INFO [ Battle StandBy ] SetState_End()
2025-07-10_17:25:21 INFO [ Battle StandBy ] SetState_None()
2025-07-10_17:25:21 INFO [ Battle Maya ] SetState_StandBy_1()
2025-07-10_17:25:21 INFO SetState_BattleOfMaya()
2025-07-10_17:27:20 INFO [ Battle Maya ] SetState_Notify_1()
2025-07-10_17:27:20 INFO [ Battle Maya ] Failed. No users at state 2
2025-07-10_17:27:20 INFO [ Battle Maya ] SetState_End()
2025-07-10_17:27:22 INFO [ Battle Maya ] SetState_EndCycle()
2025-07-10_17:27:22 INFO [ Battle Maya ] SetState_None()
2025-07-10_17:27:22 INFO SetState_End()
2025-07-10_17:27:22 INFO SetState_None()
2025-07-10_17:27:22 INFO [ Battle StandBy ] SetState_Start()
2025-07-10_17:27:22 INFO SetState_BattleStandBy()
2025-07-10_17:46:21 INFO [ Battle StandBy ] SetState_Notify()
2025-07-10_17:47:20 INFO [ Battle StandBy ] SetState_End()
2025-07-10_17:47:21 INFO [ Battle StandBy ] SetState_None()
2025-07-10_17:47:21 INFO [ Battle Maya ] SetState_StandBy_1()
2025-07-10_17:47:21 INFO SetState_BattleOfMaya()
2025-07-10_17:49:20 INFO [ Battle Maya ] SetState_Notify_1()
2025-07-10_17:49:20 INFO [ Battle Maya ] Failed. No users at state 2
2025-07-10_17:49:20 INFO [ Battle Maya ] SetState_End()
2025-07-10_17:49:22 INFO [ Battle Maya ] SetState_EndCycle()
2025-07-10_17:49:22 INFO [ Battle Maya ] SetState_None()
2025-07-10_17:49:22 INFO SetState_End()
2025-07-10_17:49:22 INFO SetState_None()
2025-07-10_17:49:22 INFO [ Battle StandBy ] SetState_Start()
2025-07-10_17:49:22 INFO SetState_BattleStandBy()
2025-07-10_18:08:21 INFO [ Battle StandBy ] SetState_Notify()
2025-07-10_18:09:20 INFO [ Battle StandBy ] SetState_End()
2025-07-10_18:09:20 INFO [ Battle StandBy ] SetState_None()
2025-07-10_18:09:20 INFO [ Battle Maya ] SetState_StandBy_1()
2025-07-10_18:09:20 INFO SetState_BattleOfMaya()
2025-07-10_18:11:19 INFO [ Battle Maya ] SetState_Notify_1()
2025-07-10_18:11:19 INFO [ Battle Maya ] Failed. No users at state 2
2025-07-10_18:11:19 INFO [ Battle Maya ] SetState_End()
2025-07-10_18:11:21 INFO [ Battle Maya ] SetState_EndCycle()
2025-07-10_18:11:21 INFO [ Battle Maya ] SetState_None()
2025-07-10_18:11:21 INFO SetState_End()
2025-07-10_18:11:21 INFO SetState_None()
2025-07-10_18:11:21 INFO [ Battle StandBy ] SetState_Start()
2025-07-10_18:11:21 INFO SetState_BattleStandBy()
2025-07-10_18:30:20 INFO [ Battle StandBy ] SetState_Notify()
2025-07-10_18:31:19 INFO [ Battle StandBy ] SetState_End()
2025-07-10_18:31:19 INFO [ Battle StandBy ] SetState_None()
2025-07-10_18:31:19 INFO [ Battle Maya ] SetState_StandBy_1()
2025-07-10_18:31:19 INFO SetState_BattleOfMaya()
2025-07-10_18:33:18 INFO [ Battle Maya ] SetState_Notify_1()
2025-07-10_18:33:18 INFO [ Battle Maya ] Failed. No users at state 2
2025-07-10_18:33:18 INFO [ Battle Maya ] SetState_End()
2025-07-10_18:33:20 INFO [ Battle Maya ] SetState_EndCycle()
2025-07-10_18:33:20 INFO [ Battle Maya ] SetState_None()
2025-07-10_18:33:20 INFO SetState_End()
2025-07-10_18:33:20 INFO SetState_None()
2025-07-10_18:33:20 INFO [ Battle StandBy ] SetState_Start()
2025-07-10_18:33:20 INFO SetState_BattleStandBy()
2025-07-10_18:52:19 INFO [ Battle StandBy ] SetState_Notify()
2025-07-10_18:53:18 INFO [ Battle StandBy ] SetState_End()
2025-07-10_18:53:18 INFO [ Battle StandBy ] SetState_None()
2025-07-10_18:53:18 INFO [ Battle Maya ] SetState_StandBy_1()
2025-07-10_18:53:18 INFO SetState_BattleOfMaya()
2025-07-10_18:55:18 INFO [ Battle Maya ] SetState_Notify_1()
2025-07-10_18:55:18 INFO [ Battle Maya ] Failed. No users at state 2
2025-07-10_18:55:18 INFO [ Battle Maya ] SetState_End()
2025-07-10_18:55:20 INFO [ Battle Maya ] SetState_EndCycle()
2025-07-10_18:55:20 INFO [ Battle Maya ] SetState_None()
2025-07-10_18:55:20 INFO SetState_End()
2025-07-10_18:55:20 INFO SetState_None()
2025-07-10_18:55:20 INFO [ Battle StandBy ] SetState_Start()
2025-07-10_18:55:20 INFO SetState_BattleStandBy()
2025-07-10_19:14:19 INFO [ Battle StandBy ] SetState_Notify()
2025-07-10_19:15:18 INFO [ Battle StandBy ] SetState_End()
2025-07-10_19:15:18 INFO [ Battle StandBy ] SetState_None()
2025-07-10_19:15:18 INFO [ Battle Maya ] SetState_StandBy_1()
2025-07-10_19:15:18 INFO SetState_BattleOfMaya()
2025-07-10_19:17:17 INFO [ Battle Maya ] SetState_Notify_1()
2025-07-10_19:17:17 INFO [ Battle Maya ] Failed. No users at state 2
2025-07-10_19:17:17 INFO [ Battle Maya ] SetState_End()
2025-07-10_19:17:19 INFO [ Battle Maya ] SetState_EndCycle()
2025-07-10_19:17:19 INFO [ Battle Maya ] SetState_None()
2025-07-10_19:17:19 INFO SetState_End()
2025-07-10_19:17:19 INFO SetState_None()
2025-07-10_19:17:19 INFO [ Battle StandBy ] SetState_Start()
2025-07-10_19:17:19 INFO SetState_BattleStandBy()
2025-07-10_19:36:18 INFO [ Battle StandBy ] SetState_Notify()
2025-07-10_19:37:17 INFO [ Battle StandBy ] SetState_End()
2025-07-10_19:37:17 INFO [ Battle StandBy ] SetState_None()
2025-07-10_19:37:17 INFO [ Battle Maya ] SetState_StandBy_1()
2025-07-10_19:37:17 INFO SetState_BattleOfMaya()
2025-07-10_19:39:16 INFO [ Battle Maya ] SetState_Notify_1()
2025-07-10_19:39:16 INFO [ Battle Maya ] Failed. No users at state 2
2025-07-10_19:39:16 INFO [ Battle Maya ] SetState_End()
2025-07-10_19:39:18 INFO [ Battle Maya ] SetState_EndCycle()
2025-07-10_19:39:18 INFO [ Battle Maya ] SetState_None()
2025-07-10_19:39:18 INFO SetState_End()
2025-07-10_19:39:18 INFO SetState_None()
2025-07-10_19:39:18 INFO [ Battle StandBy ] SetState_Start()
2025-07-10_19:39:18 INFO SetState_BattleStandBy()
2025-07-10_19:58:17 INFO [ Battle StandBy ] SetState_Notify()
2025-07-10_19:59:16 INFO [ Battle StandBy ] SetState_End()
2025-07-10_19:59:16 INFO [ Battle StandBy ] SetState_None()
2025-07-10_19:59:16 INFO [ Battle Maya ] SetState_StandBy_1()
2025-07-10_19:59:16 INFO SetState_BattleOfMaya()
2025-07-10_20:01:15 INFO [ Battle Maya ] SetState_Notify_1()
2025-07-10_20:01:15 INFO [ Battle Maya ] Failed. No users at state 2
2025-07-10_20:01:15 INFO [ Battle Maya ] SetState_End()
2025-07-10_20:01:18 INFO [ Battle Maya ] SetState_EndCycle()
2025-07-10_20:01:18 INFO [ Battle Maya ] SetState_None()
2025-07-10_20:01:18 INFO SetState_End()
2025-07-10_20:01:18 INFO SetState_None()
2025-07-10_20:01:18 INFO [ Battle StandBy ] SetState_Start()
2025-07-10_20:01:18 INFO SetState_BattleStandBy()
2025-07-10_20:20:17 INFO [ Battle StandBy ] SetState_Notify()
2025-07-10_20:21:16 INFO [ Battle StandBy ] SetState_End()
2025-07-10_20:21:16 INFO [ Battle StandBy ] SetState_None()
2025-07-10_20:21:16 INFO [ Battle Maya ] SetState_StandBy_1()
2025-07-10_20:21:16 INFO SetState_BattleOfMaya()
2025-07-10_20:23:15 INFO [ Battle Maya ] SetState_Notify_1()
2025-07-10_20:23:15 INFO [ Battle Maya ] Failed. No users at state 2
2025-07-10_20:23:15 INFO [ Battle Maya ] SetState_End()
2025-07-10_20:23:17 INFO [ Battle Maya ] SetState_EndCycle()
2025-07-10_20:23:17 INFO [ Battle Maya ] SetState_None()
2025-07-10_20:23:17 INFO SetState_End()
2025-07-10_20:23:17 INFO SetState_None()
2025-07-10_20:23:17 INFO [ Battle StandBy ] SetState_Start()
2025-07-10_20:23:17 INFO SetState_BattleStandBy()
2025-07-10_20:42:16 INFO [ Battle StandBy ] SetState_Notify()
2025-07-10_20:43:15 INFO [ Battle StandBy ] SetState_End()
2025-07-10_20:43:15 INFO [ Battle StandBy ] SetState_None()
2025-07-10_20:43:15 INFO [ Battle Maya ] SetState_StandBy_1()
2025-07-10_20:43:15 INFO SetState_BattleOfMaya()
2025-07-10_20:45:14 INFO [ Battle Maya ] SetState_Notify_1()
2025-07-10_20:45:14 INFO [ Battle Maya ] Failed. No users at state 2
2025-07-10_20:45:14 INFO [ Battle Maya ] SetState_End()
2025-07-10_20:45:16 INFO [ Battle Maya ] SetState_EndCycle()
2025-07-10_20:45:16 INFO [ Battle Maya ] SetState_None()
2025-07-10_20:45:16 INFO SetState_End()
2025-07-10_20:45:16 INFO SetState_None()
2025-07-10_20:45:16 INFO [ Battle StandBy ] SetState_Start()
2025-07-10_20:45:16 INFO SetState_BattleStandBy()
2025-07-10_21:04:15 INFO [ Battle StandBy ] SetState_Notify()
2025-07-10_21:05:14 INFO [ Battle StandBy ] SetState_End()
2025-07-10_21:05:14 INFO [ Battle StandBy ] SetState_None()
2025-07-10_21:05:14 INFO [ Battle Maya ] SetState_StandBy_1()
2025-07-10_21:05:14 INFO SetState_BattleOfMaya()
2025-07-10_21:07:13 INFO [ Battle Maya ] SetState_Notify_1()
2025-07-10_21:07:13 INFO [ Battle Maya ] Failed. No users at state 2
2025-07-10_21:07:13 INFO [ Battle Maya ] SetState_End()
2025-07-10_21:07:16 INFO [ Battle Maya ] SetState_EndCycle()
2025-07-10_21:07:16 INFO [ Battle Maya ] SetState_None()
2025-07-10_21:07:16 INFO SetState_End()
2025-07-10_21:07:16 INFO SetState_None()
2025-07-10_21:07:16 INFO [ Battle StandBy ] SetState_Start()
2025-07-10_21:07:16 INFO SetState_BattleStandBy()
2025-07-10_21:26:15 INFO [ Battle StandBy ] SetState_Notify()
2025-07-10_21:27:14 INFO [ Battle StandBy ] SetState_End()
2025-07-10_21:27:14 INFO [ Battle StandBy ] SetState_None()
2025-07-10_21:27:14 INFO [ Battle Maya ] SetState_StandBy_1()
2025-07-10_21:27:14 INFO SetState_BattleOfMaya()
2025-07-10_21:29:13 INFO [ Battle Maya ] SetState_Notify_1()
2025-07-10_21:29:13 INFO [ Battle Maya ] Failed. No users at state 2
2025-07-10_21:29:13 INFO [ Battle Maya ] SetState_End()
2025-07-10_21:29:15 INFO [ Battle Maya ] SetState_EndCycle()
2025-07-10_21:29:15 INFO [ Battle Maya ] SetState_None()
2025-07-10_21:29:15 INFO SetState_End()
2025-07-10_21:29:15 INFO SetState_None()
2025-07-10_21:29:15 INFO [ Battle StandBy ] SetState_Start()
2025-07-10_21:29:15 INFO SetState_BattleStandBy()
2025-07-10_21:48:14 INFO [ Battle StandBy ] SetState_Notify()
2025-07-10_21:49:13 INFO [ Battle StandBy ] SetState_End()
2025-07-10_21:49:13 INFO [ Battle StandBy ] SetState_None()
2025-07-10_21:49:13 INFO [ Battle Maya ] SetState_StandBy_1()
2025-07-10_21:49:13 INFO SetState_BattleOfMaya()
2025-07-10_21:51:12 INFO [ Battle Maya ] SetState_Notify_1()
2025-07-10_21:51:12 INFO [ Battle Maya ] Failed. No users at state 2
2025-07-10_21:51:12 INFO [ Battle Maya ] SetState_End()
2025-07-10_21:51:14 INFO [ Battle Maya ] SetState_EndCycle()
2025-07-10_21:51:14 INFO [ Battle Maya ] SetState_None()
2025-07-10_21:51:14 INFO SetState_End()
2025-07-10_21:51:14 INFO SetState_None()
2025-07-10_21:51:14 INFO [ Battle StandBy ] SetState_Start()
2025-07-10_21:51:14 INFO SetState_BattleStandBy()
2025-07-10_22:10:13 INFO [ Battle StandBy ] SetState_Notify()
2025-07-10_22:11:12 INFO [ Battle StandBy ] SetState_End()
2025-07-10_22:11:12 INFO [ Battle StandBy ] SetState_None()
2025-07-10_22:11:12 INFO [ Battle Maya ] SetState_StandBy_1()
2025-07-10_22:11:12 INFO SetState_BattleOfMaya()
2025-07-10_22:13:11 INFO [ Battle Maya ] SetState_Notify_1()
2025-07-10_22:13:11 INFO [ Battle Maya ] Failed. No users at state 2
2025-07-10_22:13:11 INFO [ Battle Maya ] SetState_End()
2025-07-10_22:13:13 INFO [ Battle Maya ] SetState_EndCycle()
2025-07-10_22:13:14 INFO [ Battle Maya ] SetState_None()
2025-07-10_22:13:14 INFO SetState_End()
2025-07-10_22:13:14 INFO SetState_None()
2025-07-10_22:13:14 INFO [ Battle StandBy ] SetState_Start()
2025-07-10_22:13:14 INFO SetState_BattleStandBy()
2025-07-10_22:32:13 INFO [ Battle StandBy ] SetState_Notify()
2025-07-10_22:33:12 INFO [ Battle StandBy ] SetState_End()
2025-07-10_22:33:12 INFO [ Battle StandBy ] SetState_None()
2025-07-10_22:33:12 INFO [ Battle Maya ] SetState_StandBy_1()
2025-07-10_22:33:12 INFO SetState_BattleOfMaya()
2025-07-10_22:35:11 INFO [ Battle Maya ] SetState_Notify_1()
2025-07-10_22:35:11 INFO [ Battle Maya ] Failed. No users at state 2
2025-07-10_22:35:11 INFO [ Battle Maya ] SetState_End()
2025-07-10_22:35:13 INFO [ Battle Maya ] SetState_EndCycle()
2025-07-10_22:35:13 INFO [ Battle Maya ] SetState_None()
2025-07-10_22:35:13 INFO SetState_End()
2025-07-10_22:35:13 INFO SetState_None()
2025-07-10_22:35:13 INFO [ Battle StandBy ] SetState_Start()
2025-07-10_22:35:13 INFO SetState_BattleStandBy()
2025-07-10_22:54:12 INFO [ Battle StandBy ] SetState_Notify()
2025-07-10_22:55:11 INFO [ Battle StandBy ] SetState_End()
2025-07-10_22:55:11 INFO [ Battle StandBy ] SetState_None()
2025-07-10_22:55:11 INFO [ Battle Maya ] SetState_StandBy_1()
2025-07-10_22:55:11 INFO SetState_BattleOfMaya()
2025-07-10_22:57:10 INFO [ Battle Maya ] SetState_Notify_1()
2025-07-10_22:57:10 INFO [ Battle Maya ] Failed. No users at state 2
2025-07-10_22:57:10 INFO [ Battle Maya ] SetState_End()
2025-07-10_22:57:12 INFO [ Battle Maya ] SetState_EndCycle()
2025-07-10_22:57:12 INFO [ Battle Maya ] SetState_None()
2025-07-10_22:57:12 INFO SetState_End()
2025-07-10_22:57:12 INFO SetState_None()
2025-07-10_22:57:12 INFO [ Battle StandBy ] SetState_Start()
2025-07-10_22:57:12 INFO SetState_BattleStandBy()
2025-07-10_23:16:11 INFO [ Battle StandBy ] SetState_Notify()
2025-07-10_23:17:10 INFO [ Battle StandBy ] SetState_End()
2025-07-10_23:17:10 INFO [ Battle StandBy ] SetState_None()
2025-07-10_23:17:10 INFO [ Battle Maya ] SetState_StandBy_1()
2025-07-10_23:17:10 INFO SetState_BattleOfMaya()
2025-07-10_23:19:09 INFO [ Battle Maya ] SetState_Notify_1()
2025-07-10_23:19:09 INFO [ Battle Maya ] Failed. No users at state 2
2025-07-10_23:19:09 INFO [ Battle Maya ] SetState_End()
2025-07-10_23:19:11 INFO [ Battle Maya ] SetState_EndCycle()
2025-07-10_23:19:11 INFO [ Battle Maya ] SetState_None()
2025-07-10_23:19:11 INFO SetState_End()
2025-07-10_23:19:12 INFO SetState_None()
2025-07-10_23:19:12 INFO [ Battle StandBy ] SetState_Start()
2025-07-10_23:19:12 INFO SetState_BattleStandBy()
2025-07-10_23:38:11 INFO [ Battle StandBy ] SetState_Notify()
2025-07-10_23:39:10 INFO [ Battle StandBy ] SetState_End()
2025-07-10_23:39:10 INFO [ Battle StandBy ] SetState_None()
2025-07-10_23:39:10 INFO [ Battle Maya ] SetState_StandBy_1()
2025-07-10_23:39:10 INFO SetState_BattleOfMaya()
2025-07-10_23:41:09 INFO [ Battle Maya ] SetState_Notify_1()
2025-07-10_23:41:09 INFO [ Battle Maya ] Failed. No users at state 2
2025-07-10_23:41:09 INFO [ Battle Maya ] SetState_End()
2025-07-10_23:41:11 INFO [ Battle Maya ] SetState_EndCycle()
2025-07-10_23:41:11 INFO [ Battle Maya ] SetState_None()
2025-07-10_23:41:11 INFO SetState_End()
2025-07-10_23:41:11 INFO SetState_None()
2025-07-10_23:41:11 INFO [ Battle StandBy ] SetState_Start()
2025-07-10_23:41:11 INFO SetState_BattleStandBy()
