2025-07-09_21:17:57 INFO [ Battle StandBy ] SetState_Start()
2025-07-09_21:17:57 INFO SetState_BattleStandBy()
2025-07-09_21:36:56 INFO [ Battle StandBy ] SetState_Notify()
2025-07-09_21:37:55 INFO [ Battle StandBy ] SetState_End()
2025-07-09_21:37:55 INFO [ Battle StandBy ] SetState_None()
2025-07-09_21:37:55 INFO [ Battle Maya ] SetState_StandBy_1()
2025-07-09_21:37:55 INFO SetState_BattleOfMaya()
2025-07-09_21:39:54 INFO [ Battle Maya ] SetState_Notify_1()
2025-07-09_21:39:54 INFO [ Battle Maya ] Failed. No users at state 2
2025-07-09_21:39:54 INFO [ Battle Maya ] SetState_End()
2025-07-09_21:39:56 INFO [ Battle Maya ] SetState_EndCycle()
2025-07-09_21:39:56 INFO [ Battle Maya ] SetState_None()
2025-07-09_21:39:56 INFO SetState_End()
2025-07-09_21:39:56 INFO SetState_None()
2025-07-09_21:39:56 INFO [ Battle StandBy ] SetState_Start()
2025-07-09_21:39:56 INFO SetState_BattleStandBy()
2025-07-09_21:58:56 INFO [ Battle StandBy ] SetState_Notify()
2025-07-09_21:59:55 INFO [ Battle StandBy ] SetState_End()
2025-07-09_21:59:55 INFO [ Battle StandBy ] SetState_None()
2025-07-09_21:59:55 INFO [ Battle Maya ] SetState_StandBy_1()
2025-07-09_21:59:55 INFO SetState_BattleOfMaya()
2025-07-09_22:01:54 INFO [ Battle Maya ] SetState_Notify_1()
2025-07-09_22:01:54 INFO [ Battle Maya ] Failed. No users at state 2
2025-07-09_22:01:54 INFO [ Battle Maya ] SetState_End()
2025-07-09_22:01:56 INFO [ Battle Maya ] SetState_EndCycle()
2025-07-09_22:01:56 INFO [ Battle Maya ] SetState_None()
2025-07-09_22:01:56 INFO SetState_End()
2025-07-09_22:01:56 INFO SetState_None()
2025-07-09_22:01:56 INFO [ Battle StandBy ] SetState_Start()
2025-07-09_22:01:56 INFO SetState_BattleStandBy()
2025-07-09_22:20:55 INFO [ Battle StandBy ] SetState_Notify()
2025-07-09_22:21:54 INFO [ Battle StandBy ] SetState_End()
2025-07-09_22:21:54 INFO [ Battle StandBy ] SetState_None()
2025-07-09_22:21:54 INFO [ Battle Maya ] SetState_StandBy_1()
2025-07-09_22:21:54 INFO SetState_BattleOfMaya()
2025-07-09_22:23:53 INFO [ Battle Maya ] SetState_Notify_1()
2025-07-09_22:23:53 INFO [ Battle Maya ] Failed. No users at state 2
2025-07-09_22:23:53 INFO [ Battle Maya ] SetState_End()
2025-07-09_22:23:55 INFO [ Battle Maya ] SetState_EndCycle()
2025-07-09_22:23:55 INFO [ Battle Maya ] SetState_None()
2025-07-09_22:23:55 INFO SetState_End()
2025-07-09_22:23:55 INFO SetState_None()
2025-07-09_22:23:55 INFO [ Battle StandBy ] SetState_Start()
2025-07-09_22:23:55 INFO SetState_BattleStandBy()
2025-07-09_22:42:54 INFO [ Battle StandBy ] SetState_Notify()
2025-07-09_22:43:53 INFO [ Battle StandBy ] SetState_End()
2025-07-09_22:43:53 INFO [ Battle StandBy ] SetState_None()
2025-07-09_22:43:53 INFO [ Battle Maya ] SetState_StandBy_1()
2025-07-09_22:43:53 INFO SetState_BattleOfMaya()
2025-07-09_22:45:52 INFO [ Battle Maya ] SetState_Notify_1()
2025-07-09_22:45:52 INFO [ Battle Maya ] Failed. No users at state 2
2025-07-09_22:45:52 INFO [ Battle Maya ] SetState_End()
2025-07-09_22:45:54 INFO [ Battle Maya ] SetState_EndCycle()
2025-07-09_22:45:54 INFO [ Battle Maya ] SetState_None()
2025-07-09_22:45:54 INFO SetState_End()
2025-07-09_22:45:54 INFO SetState_None()
2025-07-09_22:45:54 INFO [ Battle StandBy ] SetState_Start()
2025-07-09_22:45:54 INFO SetState_BattleStandBy()
2025-07-09_23:04:53 INFO [ Battle StandBy ] SetState_Notify()
2025-07-09_23:05:53 INFO [ Battle StandBy ] SetState_End()
2025-07-09_23:05:53 INFO [ Battle StandBy ] SetState_None()
2025-07-09_23:05:53 INFO [ Battle Maya ] SetState_StandBy_1()
2025-07-09_23:05:53 INFO SetState_BattleOfMaya()
2025-07-09_23:07:52 INFO [ Battle Maya ] SetState_Notify_1()
2025-07-09_23:07:52 INFO [ Battle Maya ] Failed. No users at state 2
2025-07-09_23:07:52 INFO [ Battle Maya ] SetState_End()
2025-07-09_23:07:54 INFO [ Battle Maya ] SetState_EndCycle()
2025-07-09_23:07:54 INFO [ Battle Maya ] SetState_None()
2025-07-09_23:07:54 INFO SetState_End()
2025-07-09_23:07:54 INFO SetState_None()
2025-07-09_23:07:54 INFO [ Battle StandBy ] SetState_Start()
2025-07-09_23:07:54 INFO SetState_BattleStandBy()
2025-07-09_23:26:53 INFO [ Battle StandBy ] SetState_Notify()
2025-07-09_23:27:52 INFO [ Battle StandBy ] SetState_End()
2025-07-09_23:27:52 INFO [ Battle StandBy ] SetState_None()
2025-07-09_23:27:52 INFO [ Battle Maya ] SetState_StandBy_1()
2025-07-09_23:27:52 INFO SetState_BattleOfMaya()
2025-07-09_23:29:51 INFO [ Battle Maya ] SetState_Notify_1()
2025-07-09_23:29:51 INFO [ Battle Maya ] Failed. No users at state 2
2025-07-09_23:29:51 INFO [ Battle Maya ] SetState_End()
2025-07-09_23:29:53 INFO [ Battle Maya ] SetState_EndCycle()
2025-07-09_23:29:53 INFO [ Battle Maya ] SetState_None()
2025-07-09_23:29:53 INFO SetState_End()
2025-07-09_23:29:53 INFO SetState_None()
2025-07-09_23:29:53 INFO [ Battle StandBy ] SetState_Start()
2025-07-09_23:29:53 INFO SetState_BattleStandBy()
2025-07-09_23:48:52 INFO [ Battle StandBy ] SetState_Notify()
2025-07-09_23:49:51 INFO [ Battle StandBy ] SetState_End()
2025-07-09_23:49:51 INFO [ Battle StandBy ] SetState_None()
2025-07-09_23:49:51 INFO [ Battle Maya ] SetState_StandBy_1()
2025-07-09_23:49:51 INFO SetState_BattleOfMaya()
2025-07-09_23:51:50 INFO [ Battle Maya ] SetState_Notify_1()
2025-07-09_23:51:50 INFO [ Battle Maya ] Failed. No users at state 2
2025-07-09_23:51:50 INFO [ Battle Maya ] SetState_End()
2025-07-09_23:51:52 INFO [ Battle Maya ] SetState_EndCycle()
2025-07-09_23:51:52 INFO [ Battle Maya ] SetState_None()
2025-07-09_23:51:52 INFO SetState_End()
2025-07-09_23:51:52 INFO SetState_None()
2025-07-09_23:51:52 INFO [ Battle StandBy ] SetState_Start()
2025-07-09_23:51:52 INFO SetState_BattleStandBy()
