2025-07-15_18:58:47 INFO Opening DatabasePool 'muonline'. Asynchronous connections: 1, synchronous connections: 2.
2025-07-15_18:58:47 INFO MySQL client library: 8.0.33
2025-07-15_18:58:47 INFO MySQL server ver: 11.8.2-MariaDB 
2025-07-15_18:58:47 INFO Connected to MySQL database at 127.0.0.1
2025-07-15_18:58:47 INFO MySQL client library: 8.0.33
2025-07-15_18:58:47 INFO MySQL server ver: 11.8.2-MariaDB 
2025-07-15_18:58:47 INFO Connected to MySQL database at 127.0.0.1
2025-07-15_18:58:47 INFO MySQL client library: 8.0.33
2025-07-15_18:58:47 INFO MySQL server ver: 11.8.2-MariaDB 
2025-07-15_18:58:47 INFO Connected to MySQL database at 127.0.0.1
2025-07-15_18:58:47 INFO DatabasePool 'muonline' opened successfully. 3 total connections running.
2025-07-15_18:58:47 INFO Opening DatabasePool 'log'. Asynchronous connections: 1, synchronous connections: 2.
2025-07-15_18:58:47 INFO MySQL client library: 8.0.33
2025-07-15_18:58:47 INFO MySQL server ver: 11.8.2-MariaDB 
2025-07-15_18:58:47 INFO Connected to MySQL database at 127.0.0.1
2025-07-15_18:58:47 INFO MySQL client library: 8.0.33
2025-07-15_18:58:47 INFO MySQL server ver: 11.8.2-MariaDB 
2025-07-15_18:58:47 INFO Connected to MySQL database at 127.0.0.1
2025-07-15_18:58:47 INFO MySQL client library: 8.0.33
2025-07-15_18:58:47 INFO MySQL server ver: 11.8.2-MariaDB 
2025-07-15_18:58:47 INFO Connected to MySQL database at 127.0.0.1
2025-07-15_18:58:47 INFO DatabasePool 'log' opened successfully. 3 total connections running.
2025-07-15_18:58:47 INFO Opening DatabasePool 'muonline'. Asynchronous connections: 1, synchronous connections: 2.
2025-07-15_18:58:47 INFO MySQL client library: 8.0.33
2025-07-15_18:58:47 INFO MySQL server ver: 11.8.2-MariaDB 
2025-07-15_18:58:47 INFO Connected to MySQL database at 127.0.0.1
2025-07-15_18:58:47 INFO MySQL client library: 8.0.33
2025-07-15_18:58:47 INFO MySQL server ver: 11.8.2-MariaDB 
2025-07-15_18:58:47 INFO Connected to MySQL database at 127.0.0.1
2025-07-15_18:58:47 INFO MySQL client library: 8.0.33
2025-07-15_18:58:47 INFO MySQL server ver: 11.8.2-MariaDB 
2025-07-15_18:58:47 INFO Connected to MySQL database at 127.0.0.1
2025-07-15_18:58:47 INFO DatabasePool 'muonline' opened successfully. 3 total connections running.
2025-07-15_19:08:51 INFO Main::KeepDatabaseAlive
2025-07-15_19:18:51 INFO Main::KeepDatabaseAlive
2025-07-15_19:28:51 INFO Main::KeepDatabaseAlive
2025-07-15_19:38:51 INFO Main::KeepDatabaseAlive
2025-07-15_19:48:51 INFO Main::KeepDatabaseAlive
2025-07-15_19:58:51 INFO Main::KeepDatabaseAlive
2025-07-15_20:08:51 INFO Main::KeepDatabaseAlive
2025-07-15_20:18:51 INFO Main::KeepDatabaseAlive
2025-07-15_20:28:51 INFO Main::KeepDatabaseAlive
2025-07-15_20:38:51 INFO Main::KeepDatabaseAlive
2025-07-15_20:48:51 INFO Main::KeepDatabaseAlive
2025-07-15_20:58:51 INFO Main::KeepDatabaseAlive
2025-07-15_21:08:51 INFO Main::KeepDatabaseAlive
2025-07-15_21:16:49 INFO Closing down DatabasePool 'muonline'.
2025-07-15_21:16:49 INFO Asynchronous connections on DatabasePool 'muonline' terminated. Proceeding with synchronous connections.
2025-07-15_21:16:49 INFO All connections on DatabasePool 'muonline' closed.
2025-07-15_21:16:49 INFO Closing down DatabasePool 'log'.
2025-07-15_21:16:49 INFO Asynchronous connections on DatabasePool 'log' terminated. Proceeding with synchronous connections.
2025-07-15_21:16:49 INFO All connections on DatabasePool 'log' closed.
2025-07-15_21:16:49 INFO Closing down DatabasePool 'muonline'.
2025-07-15_21:16:49 INFO Asynchronous connections on DatabasePool 'muonline' terminated. Proceeding with synchronous connections.
2025-07-15_21:16:49 INFO All connections on DatabasePool 'muonline' closed.
