2025-07-13_15:32:12 INFO [BloodCastleMgr] SetState_None()
2025-07-13_15:40:00 INFO [BloodCastle - 1] Added Monster [20000][232].
2025-07-13_15:40:00 INFO [BloodCastle - 1] BloodCastle::SetState_Open
2025-07-13_15:40:00 INFO [BloodCastle - 2] Added Monster [20001][232].
2025-07-13_15:40:00 INFO [BloodCastle - 2] BloodCastle::SetState_Open
2025-07-13_15:40:00 INFO [BloodCastle - 3] Added Monster [20002][232].
2025-07-13_15:40:00 INFO [BloodCastle - 3] BloodCastle::SetState_Open
2025-07-13_15:40:00 INFO [BloodCastle - 4] Added Monster [20003][232].
2025-07-13_15:40:00 INFO [BloodCastle - 4] BloodCastle::SetState_Open
2025-07-13_15:40:00 INFO [BloodCastle - 5] Added Monster [20004][232].
2025-07-13_15:40:00 INFO [BloodCastle - 5] BloodCastle::SetState_Open
2025-07-13_15:40:00 INFO [BloodCastle - 6] Added Monster [20005][232].
2025-07-13_15:40:00 INFO [BloodCastle - 6] BloodCastle::SetState_Open
2025-07-13_15:40:00 INFO [BloodCastle - 7] Added Monster [20006][232].
2025-07-13_15:40:00 INFO [BloodCastle - 7] BloodCastle::SetState_Open
2025-07-13_15:40:00 INFO [BloodCastle - 8] Added Monster [20007][232].
2025-07-13_15:40:00 INFO [BloodCastle - 8] BloodCastle::SetState_Open
2025-07-13_15:40:00 INFO [BloodCastleMgr] SetState_Open()
2025-07-13_15:43:50 INFO [BloodCastle - 1] Moving Players Out
2025-07-13_15:43:50 INFO [BloodCastle - 1] Clearing Monsters.
2025-07-13_15:43:50 INFO [BloodCastle - 1] BloodCastle::SetState_None
2025-07-13_15:43:50 INFO [BloodCastle - 2] Moving Players Out
2025-07-13_15:43:50 INFO [BloodCastle - 2] Clearing Monsters.
2025-07-13_15:43:50 INFO [BloodCastle - 2] BloodCastle::SetState_None
2025-07-13_15:43:50 INFO [BloodCastle - 3] Moving Players Out
2025-07-13_15:43:50 INFO [BloodCastle - 3] Clearing Monsters.
2025-07-13_15:43:50 INFO [BloodCastle - 3] BloodCastle::SetState_None
2025-07-13_15:43:50 INFO [BloodCastle - 4] Moving Players Out
2025-07-13_15:43:50 INFO [BloodCastle - 4] Clearing Monsters.
2025-07-13_15:43:50 INFO [BloodCastle - 4] BloodCastle::SetState_None
2025-07-13_15:43:50 INFO [BloodCastle - 5] Moving Players Out
2025-07-13_15:43:50 INFO [BloodCastle - 5] Clearing Monsters.
2025-07-13_15:43:50 INFO [BloodCastle - 5] BloodCastle::SetState_None
2025-07-13_15:43:50 INFO [BloodCastle - 6] Moving Players Out
2025-07-13_15:43:50 INFO [BloodCastle - 6] Clearing Monsters.
2025-07-13_15:43:50 INFO [BloodCastle - 6] BloodCastle::SetState_None
2025-07-13_15:43:50 INFO [BloodCastle - 7] Moving Players Out
2025-07-13_15:43:50 INFO [BloodCastle - 7] Clearing Monsters.
2025-07-13_15:43:50 INFO [BloodCastle - 7] BloodCastle::SetState_None
2025-07-13_15:43:50 INFO [BloodCastle - 8] Moving Players Out
2025-07-13_15:43:50 INFO [BloodCastle - 8] Clearing Monsters.
2025-07-13_15:43:50 INFO [BloodCastle - 8] BloodCastle::SetState_None
