2025-07-13_10:03:38 INFO Opening DatabasePool 'muonline'. Asynchronous connections: 1, synchronous connections: 2.
2025-07-13_10:03:38 INFO MySQL client library: 8.0.33
2025-07-13_10:03:38 INFO MySQL server ver: 11.8.2-MariaDB 
2025-07-13_10:03:38 INFO Connected to MySQL database at 127.0.0.1
2025-07-13_10:03:38 INFO MySQL client library: 8.0.33
2025-07-13_10:03:38 INFO MySQL server ver: 11.8.2-MariaDB 
2025-07-13_10:03:38 INFO Connected to MySQL database at 127.0.0.1
2025-07-13_10:03:38 INFO MySQL client library: 8.0.33
2025-07-13_10:03:38 INFO MySQL server ver: 11.8.2-MariaDB 
2025-07-13_10:03:38 INFO Connected to MySQL database at 127.0.0.1
2025-07-13_10:03:38 INFO DatabasePool 'muonline' opened successfully. 3 total connections running.
2025-07-13_10:08:38 INFO Main::KeepDatabaseAlive
2025-07-13_10:13:38 INFO Main::KeepDatabaseAlive
2025-07-13_10:18:38 INFO Main::KeepDatabaseAlive
2025-07-13_10:23:38 INFO Main::KeepDatabaseAlive
2025-07-13_10:28:38 INFO Main::KeepDatabaseAlive
2025-07-13_10:33:38 INFO Main::KeepDatabaseAlive
2025-07-13_10:38:38 INFO Main::KeepDatabaseAlive
2025-07-13_10:43:38 INFO Main::KeepDatabaseAlive
2025-07-13_10:48:38 INFO Main::KeepDatabaseAlive
2025-07-13_10:53:38 INFO Main::KeepDatabaseAlive
2025-07-13_10:58:38 INFO Main::KeepDatabaseAlive
2025-07-13_11:03:38 INFO Main::KeepDatabaseAlive
2025-07-13_11:08:38 INFO Main::KeepDatabaseAlive
2025-07-13_11:13:38 INFO Main::KeepDatabaseAlive
2025-07-13_11:18:38 INFO Main::KeepDatabaseAlive
2025-07-13_11:23:38 INFO Main::KeepDatabaseAlive
2025-07-13_11:28:38 INFO Main::KeepDatabaseAlive
2025-07-13_11:29:59 INFO Closing down DatabasePool 'muonline'.
2025-07-13_11:29:59 INFO Asynchronous connections on DatabasePool 'muonline' terminated. Proceeding with synchronous connections.
2025-07-13_11:29:59 INFO All connections on DatabasePool 'muonline' closed.
