2025-07-15_18:58:40 INFO Opening DatabasePool 'muonline'. Asynchronous connections: 1, synchronous connections: 2.
2025-07-15_18:58:40 INFO MySQL client library: 8.0.33
2025-07-15_18:58:40 INFO MySQL server ver: 11.8.2-MariaDB 
2025-07-15_18:58:40 INFO Connected to MySQL database at 127.0.0.1
2025-07-15_18:58:40 INFO MySQL client library: 8.0.33
2025-07-15_18:58:40 INFO MySQL server ver: 11.8.2-MariaDB 
2025-07-15_18:58:40 INFO Connected to MySQL database at 127.0.0.1
2025-07-15_18:58:40 INFO MySQL client library: 8.0.33
2025-07-15_18:58:40 INFO MySQL server ver: 11.8.2-MariaDB 
2025-07-15_18:58:40 INFO Connected to MySQL database at 127.0.0.1
2025-07-15_18:58:40 INFO DatabasePool 'muonline' opened successfully. 3 total connections running.
2025-07-15_19:03:40 INFO Main::KeepDatabaseAlive
2025-07-15_19:08:40 INFO Main::KeepDatabaseAlive
2025-07-15_19:13:40 INFO Main::KeepDatabaseAlive
2025-07-15_19:18:40 INFO Main::KeepDatabaseAlive
2025-07-15_19:23:40 INFO Main::KeepDatabaseAlive
2025-07-15_19:28:40 INFO Main::KeepDatabaseAlive
2025-07-15_19:33:40 INFO Main::KeepDatabaseAlive
2025-07-15_19:38:40 INFO Main::KeepDatabaseAlive
2025-07-15_19:43:40 INFO Main::KeepDatabaseAlive
2025-07-15_19:48:40 INFO Main::KeepDatabaseAlive
2025-07-15_19:53:40 INFO Main::KeepDatabaseAlive
2025-07-15_19:58:40 INFO Main::KeepDatabaseAlive
2025-07-15_20:03:40 INFO Main::KeepDatabaseAlive
2025-07-15_20:08:40 INFO Main::KeepDatabaseAlive
2025-07-15_20:13:40 INFO Main::KeepDatabaseAlive
2025-07-15_20:18:40 INFO Main::KeepDatabaseAlive
2025-07-15_20:23:40 INFO Main::KeepDatabaseAlive
2025-07-15_20:28:40 INFO Main::KeepDatabaseAlive
2025-07-15_20:33:40 INFO Main::KeepDatabaseAlive
2025-07-15_20:38:40 INFO Main::KeepDatabaseAlive
2025-07-15_20:43:40 INFO Main::KeepDatabaseAlive
2025-07-15_20:48:40 INFO Main::KeepDatabaseAlive
2025-07-15_20:53:40 INFO Main::KeepDatabaseAlive
2025-07-15_20:58:40 INFO Main::KeepDatabaseAlive
2025-07-15_21:03:40 INFO Main::KeepDatabaseAlive
2025-07-15_21:08:40 INFO Main::KeepDatabaseAlive
2025-07-15_21:13:40 INFO Main::KeepDatabaseAlive
2025-07-15_21:16:54 INFO Closing down DatabasePool 'muonline'.
2025-07-15_21:16:54 INFO Asynchronous connections on DatabasePool 'muonline' terminated. Proceeding with synchronous connections.
2025-07-15_21:16:54 INFO All connections on DatabasePool 'muonline' closed.
