2025-07-14_21:28:01 INFO Opening DatabasePool 'muonline'. Asynchronous connections: 1, synchronous connections: 2.
2025-07-14_21:28:01 INFO MySQL client library: 8.0.33
2025-07-14_21:28:01 INFO MySQL server ver: 11.8.2-MariaDB 
2025-07-14_21:28:01 INFO Connected to MySQL database at 127.0.0.1
2025-07-14_21:28:01 INFO MySQL client library: 8.0.33
2025-07-14_21:28:01 INFO MySQL server ver: 11.8.2-MariaDB 
2025-07-14_21:28:01 INFO Connected to MySQL database at 127.0.0.1
2025-07-14_21:28:01 INFO MySQL client library: 8.0.33
2025-07-14_21:28:01 INFO MySQL server ver: 11.8.2-MariaDB 
2025-07-14_21:28:01 INFO Connected to MySQL database at 127.0.0.1
2025-07-14_21:28:01 INFO DatabasePool 'muonline' opened successfully. 3 total connections running.
2025-07-14_21:33:01 INFO Main::KeepDatabaseAlive
2025-07-14_21:38:01 INFO Main::KeepDatabaseAlive
2025-07-14_21:43:01 INFO Main::KeepDatabaseAlive
2025-07-14_21:48:01 INFO Main::KeepDatabaseAlive
2025-07-14_21:53:01 INFO Main::KeepDatabaseAlive
2025-07-14_21:58:01 INFO Main::KeepDatabaseAlive
2025-07-14_22:03:01 INFO Main::KeepDatabaseAlive
2025-07-14_22:08:01 INFO Main::KeepDatabaseAlive
2025-07-14_22:13:01 INFO Main::KeepDatabaseAlive
2025-07-14_22:18:01 INFO Main::KeepDatabaseAlive
2025-07-14_22:23:01 INFO Main::KeepDatabaseAlive
2025-07-14_22:28:01 INFO Main::KeepDatabaseAlive
2025-07-14_22:33:01 INFO Main::KeepDatabaseAlive
2025-07-14_22:38:01 INFO Main::KeepDatabaseAlive
2025-07-14_22:43:01 INFO Main::KeepDatabaseAlive
2025-07-14_22:48:01 INFO Main::KeepDatabaseAlive
2025-07-14_22:53:01 INFO Main::KeepDatabaseAlive
2025-07-14_22:58:01 INFO Main::KeepDatabaseAlive
2025-07-14_23:03:01 INFO Main::KeepDatabaseAlive
2025-07-14_23:08:01 INFO Main::KeepDatabaseAlive
2025-07-14_23:13:01 INFO Main::KeepDatabaseAlive
2025-07-14_23:18:01 INFO Main::KeepDatabaseAlive
2025-07-14_23:23:01 INFO Main::KeepDatabaseAlive
2025-07-14_23:28:01 INFO Main::KeepDatabaseAlive
2025-07-14_23:33:01 INFO Main::KeepDatabaseAlive
2025-07-14_23:38:01 INFO Main::KeepDatabaseAlive
2025-07-14_23:43:01 INFO Main::KeepDatabaseAlive
2025-07-14_23:48:01 INFO Main::KeepDatabaseAlive
2025-07-14_23:53:01 INFO Main::KeepDatabaseAlive
2025-07-14_23:58:01 INFO Main::KeepDatabaseAlive
