2025-07-09_21:17:47 INFO Opening DatabasePool 'muonline'. Asynchronous connections: 1, synchronous connections: 2.
2025-07-09_21:17:47 INFO MySQL client library: 8.0.33
2025-07-09_21:17:47 INFO MySQL server ver: 11.8.2-MariaDB 
2025-07-09_21:17:47 INFO Connected to MySQL database at 127.0.0.1
2025-07-09_21:17:48 INFO MySQL client library: 8.0.33
2025-07-09_21:17:48 INFO MySQL server ver: 11.8.2-MariaDB 
2025-07-09_21:17:48 INFO Connected to MySQL database at 127.0.0.1
2025-07-09_21:17:48 INFO MySQL client library: 8.0.33
2025-07-09_21:17:48 INFO MySQL server ver: 11.8.2-MariaDB 
2025-07-09_21:17:48 INFO Connected to MySQL database at 127.0.0.1
2025-07-09_21:17:48 INFO DatabasePool 'muonline' opened successfully. 3 total connections running.
2025-07-09_21:22:48 INFO Main::KeepDatabaseAlive
2025-07-09_21:27:48 INFO Main::KeepDatabaseAlive
2025-07-09_21:32:48 INFO Main::KeepDatabaseAlive
2025-07-09_21:37:48 INFO Main::KeepDatabaseAlive
2025-07-09_21:42:48 INFO Main::KeepDatabaseAlive
2025-07-09_21:47:48 INFO Main::KeepDatabaseAlive
2025-07-09_21:52:48 INFO Main::KeepDatabaseAlive
2025-07-09_21:57:48 INFO Main::KeepDatabaseAlive
2025-07-09_22:02:48 INFO Main::KeepDatabaseAlive
2025-07-09_22:07:48 INFO Main::KeepDatabaseAlive
2025-07-09_22:12:48 INFO Main::KeepDatabaseAlive
2025-07-09_22:17:48 INFO Main::KeepDatabaseAlive
2025-07-09_22:22:48 INFO Main::KeepDatabaseAlive
2025-07-09_22:27:48 INFO Main::KeepDatabaseAlive
2025-07-09_22:32:48 INFO Main::KeepDatabaseAlive
2025-07-09_22:37:48 INFO Main::KeepDatabaseAlive
2025-07-09_22:42:48 INFO Main::KeepDatabaseAlive
2025-07-09_22:47:48 INFO Main::KeepDatabaseAlive
2025-07-09_22:52:48 INFO Main::KeepDatabaseAlive
2025-07-09_22:57:48 INFO Main::KeepDatabaseAlive
2025-07-09_23:02:48 INFO Main::KeepDatabaseAlive
2025-07-09_23:07:48 INFO Main::KeepDatabaseAlive
2025-07-09_23:12:48 INFO Main::KeepDatabaseAlive
2025-07-09_23:17:48 INFO Main::KeepDatabaseAlive
2025-07-09_23:22:48 INFO Main::KeepDatabaseAlive
2025-07-09_23:27:48 INFO Main::KeepDatabaseAlive
2025-07-09_23:32:48 INFO Main::KeepDatabaseAlive
2025-07-09_23:37:48 INFO Main::KeepDatabaseAlive
2025-07-09_23:42:48 INFO Main::KeepDatabaseAlive
2025-07-09_23:47:48 INFO Main::KeepDatabaseAlive
2025-07-09_23:52:48 INFO Main::KeepDatabaseAlive
2025-07-09_23:57:48 INFO Main::KeepDatabaseAlive
