2025-07-14_20:59:54 INFO Connecting Character: 203 (Otromago).
2025-07-14_21:00:06 INFO Disconnecting Character: 203 (Otromago).
2025-07-14_21:00:08 INFO Connecting Character: 204 (KUNDUM).
2025-07-14_21:02:50 INFO Disconnecting Character: 204 (KUNDUM).
2025-07-14_21:03:01 INFO Connecting Character: 194 (BKTest).
2025-07-14_21:03:11 INFO Disconnecting Character: 194 (BKTest).
2025-07-14_21:03:37 INFO Connecting Character: 194 (BKTest).
2025-07-14_21:03:47 INFO Disconnecting Character: 194 (BKTest).
2025-07-14_21:03:57 INFO Connecting Character: 205 (ELMAGO).
2025-07-14_21:04:32 INFO Disconnecting Character: 205 (ELMAGO).
2025-07-14_21:05:03 INFO Connecting Character: 206 (GLADIATOR).
2025-07-14_21:05:57 INFO Disconnecting Character: 206 (GLADIATOR).
2025-07-14_21:06:04 INFO Connecting Character: 206 (GLADIATOR).
2025-07-14_21:06:12 INFO Disconnecting Character: 206 (GLADIATOR).
2025-07-14_21:06:13 INFO Connecting Character: 207 (LORDZ).
2025-07-14_21:20:30 INFO Disconnecting Character: 207 (LORDZ).
2025-07-14_21:20:32 INFO Connecting Character: 194 (BKTest).
2025-07-14_21:20:40 INFO Disconnecting Character: 194 (BKTest).
2025-07-14_21:20:54 INFO Connecting Character: 208 (NEMESIS).
2025-07-14_21:22:17 INFO Disconnecting Character: 208 (NEMESIS).
2025-07-14_21:22:19 INFO Connecting Character: 194 (BKTest).
2025-07-14_21:24:52 INFO Disconnecting Character: 194 (BKTest).
