2025-07-13_15:35:41 INFO Connecting Character: 198 (SUMMONER).
2025-07-13_15:38:40 INFO Disconnecting Character: 198 (SUMMONER).
2025-07-13_15:38:54 INFO Connecting Character: 194 (BKTest).
2025-07-13_15:39:03 INFO Disconnecting Character: 194 (BKTest).
2025-07-13_15:39:06 INFO Connecting Character: 199 (SUMMONER).
2025-07-13_15:39:18 INFO Disconnecting Character: 199 (SUMMONER).
2025-07-13_15:39:29 INFO Connecting Character: 199 (SUMMONER).
2025-07-13_15:39:36 INFO Disconnecting Character: 199 (SUMMONER).
2025-07-13_15:39:38 INFO Connecting Character: 200 (DARKLORD).
2025-07-13_15:39:49 INFO Disconnecting Character: 200 (DARKLORD).
2025-07-13_15:39:55 INFO Connecting Character: 200 (DARKLORD).
2025-07-13_15:40:03 INFO Disconnecting Character: 200 (DARKLORD).
2025-07-13_15:40:04 INFO Connecting Character: 201 (GLADIATOR).
2025-07-13_15:40:19 INFO Disconnecting Character: 201 (GLADIATOR).
2025-07-13_15:41:15 INFO Connecting Character: 202 (RAGEFIGHTE).
2025-07-13_15:41:27 INFO Disconnecting Character: 202 (RAGEFIGHTE).
2025-07-13_15:41:33 INFO Connecting Character: 194 (BKTest).
2025-07-13_15:42:47 INFO Disconnecting Character: 194 (BKTest).
2025-07-13_15:42:56 INFO Connecting Character: 203 (Otromago).
2025-07-13_15:43:48 INFO Disconnecting Character: 203 (Otromago).
