2025-07-15_18:58:33 INFO Opening DatabasePool 'muonline'. Asynchronous connections: 1, synchronous connections: 2.
2025-07-15_18:58:33 INFO MySQL client library: 8.0.33
2025-07-15_18:58:33 INFO MySQL server ver: 11.8.2-MariaDB 
2025-07-15_18:58:33 INFO Connected to MySQL database at 127.0.0.1
2025-07-15_18:58:33 INFO MySQL client library: 8.0.33
2025-07-15_18:58:33 INFO MySQL server ver: 11.8.2-MariaDB 
2025-07-15_18:58:33 INFO Connected to MySQL database at 127.0.0.1
2025-07-15_18:58:33 INFO MySQL client library: 8.0.33
2025-07-15_18:58:33 INFO MySQL server ver: 11.8.2-MariaDB 
2025-07-15_18:58:33 INFO Connected to MySQL database at 127.0.0.1
2025-07-15_18:58:33 INFO DatabasePool 'muonline' opened successfully. 3 total connections running.
2025-07-15_19:03:33 INFO Main::KeepDatabaseAlive
2025-07-15_19:08:33 INFO Main::KeepDatabaseAlive
2025-07-15_19:13:33 INFO Main::KeepDatabaseAlive
2025-07-15_19:18:33 INFO Main::KeepDatabaseAlive
2025-07-15_19:23:33 INFO Main::KeepDatabaseAlive
2025-07-15_19:28:33 INFO Main::KeepDatabaseAlive
2025-07-15_19:33:33 INFO Main::KeepDatabaseAlive
2025-07-15_19:38:33 INFO Main::KeepDatabaseAlive
2025-07-15_19:43:33 INFO Main::KeepDatabaseAlive
2025-07-15_19:48:33 INFO Main::KeepDatabaseAlive
2025-07-15_19:53:33 INFO Main::KeepDatabaseAlive
2025-07-15_19:58:33 INFO Main::KeepDatabaseAlive
2025-07-15_20:03:33 INFO Main::KeepDatabaseAlive
2025-07-15_20:08:33 INFO Main::KeepDatabaseAlive
2025-07-15_20:13:33 INFO Main::KeepDatabaseAlive
2025-07-15_20:18:33 INFO Main::KeepDatabaseAlive
2025-07-15_20:23:33 INFO Main::KeepDatabaseAlive
2025-07-15_20:28:33 INFO Main::KeepDatabaseAlive
2025-07-15_20:33:33 INFO Main::KeepDatabaseAlive
2025-07-15_20:38:33 INFO Main::KeepDatabaseAlive
2025-07-15_20:43:33 INFO Main::KeepDatabaseAlive
2025-07-15_20:48:33 INFO Main::KeepDatabaseAlive
2025-07-15_20:53:33 INFO Main::KeepDatabaseAlive
2025-07-15_20:58:33 INFO Main::KeepDatabaseAlive
2025-07-15_21:03:33 INFO Main::KeepDatabaseAlive
2025-07-15_21:08:33 INFO Main::KeepDatabaseAlive
2025-07-15_21:13:33 INFO Main::KeepDatabaseAlive
2025-07-15_21:16:54 INFO Closing down DatabasePool 'muonline'.
2025-07-15_21:16:54 INFO Asynchronous connections on DatabasePool 'muonline' terminated. Proceeding with synchronous connections.
2025-07-15_21:16:54 INFO All connections on DatabasePool 'muonline' closed.
