2025-07-15_18:58:37 INFO Opening DatabasePool 'muonline'. Asynchronous connections: 1, synchronous connections: 2.
2025-07-15_18:58:37 INFO MySQL client library: 8.0.33
2025-07-15_18:58:37 INFO MySQL server ver: 11.8.2-MariaDB 
2025-07-15_18:58:37 INFO Connected to MySQL database at 127.0.0.1
2025-07-15_18:58:37 INFO MySQL client library: 8.0.33
2025-07-15_18:58:37 INFO MySQL server ver: 11.8.2-MariaDB 
2025-07-15_18:58:37 INFO Connected to MySQL database at 127.0.0.1
2025-07-15_18:58:37 INFO MySQL client library: 8.0.33
2025-07-15_18:58:37 INFO MySQL server ver: 11.8.2-MariaDB 
2025-07-15_18:58:37 INFO Connected to MySQL database at 127.0.0.1
2025-07-15_18:58:37 INFO DatabasePool 'muonline' opened successfully. 3 total connections running.
2025-07-15_19:03:37 INFO Main::KeepDatabaseAlive
2025-07-15_19:08:37 INFO Main::KeepDatabaseAlive
2025-07-15_19:13:37 INFO Main::KeepDatabaseAlive
2025-07-15_19:18:37 INFO Main::KeepDatabaseAlive
2025-07-15_19:23:37 INFO Main::KeepDatabaseAlive
2025-07-15_19:28:37 INFO Main::KeepDatabaseAlive
2025-07-15_19:33:37 INFO Main::KeepDatabaseAlive
2025-07-15_19:38:37 INFO Main::KeepDatabaseAlive
2025-07-15_19:43:37 INFO Main::KeepDatabaseAlive
2025-07-15_19:48:37 INFO Main::KeepDatabaseAlive
2025-07-15_19:53:37 INFO Main::KeepDatabaseAlive
2025-07-15_19:58:37 INFO Main::KeepDatabaseAlive
2025-07-15_20:03:37 INFO Main::KeepDatabaseAlive
2025-07-15_20:08:37 INFO Main::KeepDatabaseAlive
2025-07-15_20:13:37 INFO Main::KeepDatabaseAlive
2025-07-15_20:18:37 INFO Main::KeepDatabaseAlive
2025-07-15_20:23:37 INFO Main::KeepDatabaseAlive
2025-07-15_20:28:37 INFO Main::KeepDatabaseAlive
2025-07-15_20:33:37 INFO Main::KeepDatabaseAlive
2025-07-15_20:38:37 INFO Main::KeepDatabaseAlive
2025-07-15_20:43:37 INFO Main::KeepDatabaseAlive
2025-07-15_20:48:37 INFO Main::KeepDatabaseAlive
2025-07-15_20:53:37 INFO Main::KeepDatabaseAlive
2025-07-15_20:58:37 INFO Main::KeepDatabaseAlive
2025-07-15_21:03:37 INFO Main::KeepDatabaseAlive
2025-07-15_21:08:37 INFO Main::KeepDatabaseAlive
2025-07-15_21:13:37 INFO Main::KeepDatabaseAlive
2025-07-15_21:16:52 INFO Closing down DatabasePool 'muonline'.
2025-07-15_21:16:52 INFO Asynchronous connections on DatabasePool 'muonline' terminated. Proceeding with synchronous connections.
2025-07-15_21:16:52 INFO All connections on DatabasePool 'muonline' closed.
