2025-07-09_21:17:44 INFO Opening DatabasePool 'muonline'. Asynchronous connections: 1, synchronous connections: 2.
2025-07-09_21:17:44 INFO MySQL client library: 8.0.33
2025-07-09_21:17:44 INFO MySQL server ver: 11.8.2-MariaDB 
2025-07-09_21:17:44 INFO Connected to MySQL database at 127.0.0.1
2025-07-09_21:17:44 INFO MySQL client library: 8.0.33
2025-07-09_21:17:44 INFO MySQL server ver: 11.8.2-MariaDB 
2025-07-09_21:17:44 INFO Connected to MySQL database at 127.0.0.1
2025-07-09_21:17:44 INFO MySQL client library: 8.0.33
2025-07-09_21:17:44 INFO MySQL server ver: 11.8.2-MariaDB 
2025-07-09_21:17:44 INFO Connected to MySQL database at 127.0.0.1
2025-07-09_21:17:44 INFO DatabasePool 'muonline' opened successfully. 3 total connections running.
2025-07-09_21:22:44 INFO Main::KeepDatabaseAlive
2025-07-09_21:27:44 INFO Main::KeepDatabaseAlive
2025-07-09_21:32:44 INFO Main::KeepDatabaseAlive
2025-07-09_21:37:44 INFO Main::KeepDatabaseAlive
2025-07-09_21:42:44 INFO Main::KeepDatabaseAlive
2025-07-09_21:47:44 INFO Main::KeepDatabaseAlive
2025-07-09_21:52:44 INFO Main::KeepDatabaseAlive
2025-07-09_21:57:44 INFO Main::KeepDatabaseAlive
2025-07-09_22:02:44 INFO Main::KeepDatabaseAlive
2025-07-09_22:07:44 INFO Main::KeepDatabaseAlive
2025-07-09_22:12:44 INFO Main::KeepDatabaseAlive
2025-07-09_22:17:44 INFO Main::KeepDatabaseAlive
2025-07-09_22:22:44 INFO Main::KeepDatabaseAlive
2025-07-09_22:27:44 INFO Main::KeepDatabaseAlive
2025-07-09_22:32:44 INFO Main::KeepDatabaseAlive
2025-07-09_22:37:44 INFO Main::KeepDatabaseAlive
2025-07-09_22:42:44 INFO Main::KeepDatabaseAlive
2025-07-09_22:47:44 INFO Main::KeepDatabaseAlive
2025-07-09_22:52:44 INFO Main::KeepDatabaseAlive
2025-07-09_22:57:44 INFO Main::KeepDatabaseAlive
2025-07-09_23:02:44 INFO Main::KeepDatabaseAlive
2025-07-09_23:07:44 INFO Main::KeepDatabaseAlive
2025-07-09_23:12:44 INFO Main::KeepDatabaseAlive
2025-07-09_23:17:44 INFO Main::KeepDatabaseAlive
2025-07-09_23:22:44 INFO Main::KeepDatabaseAlive
2025-07-09_23:27:44 INFO Main::KeepDatabaseAlive
2025-07-09_23:32:44 INFO Main::KeepDatabaseAlive
2025-07-09_23:37:44 INFO Main::KeepDatabaseAlive
2025-07-09_23:42:44 INFO Main::KeepDatabaseAlive
2025-07-09_23:47:44 INFO Main::KeepDatabaseAlive
2025-07-09_23:52:44 INFO Main::KeepDatabaseAlive
2025-07-09_23:57:44 INFO Main::KeepDatabaseAlive
