2025-07-08_07:09:35 INFO Opening DatabasePool 'muonline'. Asynchronous connections: 1, synchronous connections: 2.
2025-07-08_07:09:35 INFO MySQL client library: 8.0.33
2025-07-08_07:09:35 INFO MySQL server ver: 11.8.2-MariaDB 
2025-07-08_07:09:35 INFO Connected to MySQL database at 127.0.0.1
2025-07-08_07:09:35 INFO MySQL client library: 8.0.33
2025-07-08_07:09:35 INFO MySQL server ver: 11.8.2-MariaDB 
2025-07-08_07:09:35 INFO Connected to MySQL database at 127.0.0.1
2025-07-08_07:09:35 INFO MySQL client library: 8.0.33
2025-07-08_07:09:35 INFO MySQL server ver: 11.8.2-MariaDB 
2025-07-08_07:09:35 INFO Connected to MySQL database at 127.0.0.1
2025-07-08_07:09:35 INFO DatabasePool 'muonline' opened successfully. 3 total connections running.
2025-07-08_07:14:35 INFO Main::KeepDatabaseAlive
2025-07-08_07:19:35 INFO Main::KeepDatabaseAlive
2025-07-08_07:24:35 INFO Main::KeepDatabaseAlive
2025-07-08_07:29:35 INFO Main::KeepDatabaseAlive
2025-07-08_07:34:35 INFO Main::KeepDatabaseAlive
2025-07-08_07:39:35 INFO Main::KeepDatabaseAlive
2025-07-08_07:44:35 INFO Main::KeepDatabaseAlive
2025-07-08_07:49:35 INFO Main::KeepDatabaseAlive
2025-07-08_07:54:35 INFO Main::KeepDatabaseAlive
2025-07-08_07:59:35 INFO Main::KeepDatabaseAlive
2025-07-08_08:04:35 INFO Main::KeepDatabaseAlive
2025-07-08_08:09:35 INFO Main::KeepDatabaseAlive
2025-07-08_08:14:35 INFO Main::KeepDatabaseAlive
2025-07-08_08:19:35 INFO Main::KeepDatabaseAlive
2025-07-08_08:24:35 INFO Main::KeepDatabaseAlive
2025-07-08_08:29:35 INFO Main::KeepDatabaseAlive
2025-07-08_08:34:35 INFO Main::KeepDatabaseAlive
2025-07-08_08:39:35 INFO Main::KeepDatabaseAlive
2025-07-08_08:44:35 INFO Main::KeepDatabaseAlive
2025-07-08_08:49:35 INFO Main::KeepDatabaseAlive
2025-07-08_08:54:35 INFO Main::KeepDatabaseAlive
2025-07-08_08:59:35 INFO Main::KeepDatabaseAlive
2025-07-08_09:04:35 INFO Main::KeepDatabaseAlive
2025-07-08_09:09:35 INFO Main::KeepDatabaseAlive
2025-07-08_09:14:35 INFO Main::KeepDatabaseAlive
2025-07-08_09:19:35 INFO Main::KeepDatabaseAlive
2025-07-08_09:24:35 INFO Main::KeepDatabaseAlive
2025-07-08_09:29:35 INFO Main::KeepDatabaseAlive
2025-07-08_09:34:35 INFO Main::KeepDatabaseAlive
2025-07-08_09:39:35 INFO Main::KeepDatabaseAlive
2025-07-08_09:44:35 INFO Main::KeepDatabaseAlive
2025-07-08_09:49:35 INFO Main::KeepDatabaseAlive
2025-07-08_09:54:35 INFO Main::KeepDatabaseAlive
2025-07-08_09:59:35 INFO Main::KeepDatabaseAlive
2025-07-08_10:04:35 INFO Main::KeepDatabaseAlive
2025-07-08_10:09:35 INFO Main::KeepDatabaseAlive
2025-07-08_10:14:35 INFO Main::KeepDatabaseAlive
2025-07-08_10:19:35 INFO Main::KeepDatabaseAlive
2025-07-08_10:24:35 INFO Main::KeepDatabaseAlive
2025-07-08_10:29:35 INFO Main::KeepDatabaseAlive
2025-07-08_10:34:35 INFO Main::KeepDatabaseAlive
2025-07-08_10:39:35 INFO Main::KeepDatabaseAlive
2025-07-08_10:44:35 INFO Main::KeepDatabaseAlive
2025-07-08_10:49:35 INFO Main::KeepDatabaseAlive
2025-07-08_10:54:35 INFO Main::KeepDatabaseAlive
2025-07-08_10:59:35 INFO Main::KeepDatabaseAlive
2025-07-08_11:04:35 INFO Main::KeepDatabaseAlive
2025-07-08_11:09:35 INFO Main::KeepDatabaseAlive
2025-07-08_11:14:35 INFO Main::KeepDatabaseAlive
2025-07-08_11:19:35 INFO Main::KeepDatabaseAlive
2025-07-08_11:24:35 INFO Main::KeepDatabaseAlive
2025-07-08_11:29:35 INFO Main::KeepDatabaseAlive
2025-07-08_11:34:35 INFO Main::KeepDatabaseAlive
2025-07-08_11:39:35 INFO Main::KeepDatabaseAlive
2025-07-08_11:44:35 INFO Main::KeepDatabaseAlive
2025-07-08_11:49:35 INFO Main::KeepDatabaseAlive
2025-07-08_11:54:35 INFO Main::KeepDatabaseAlive
2025-07-08_11:59:35 INFO Main::KeepDatabaseAlive
2025-07-08_12:04:35 INFO Main::KeepDatabaseAlive
2025-07-08_12:09:35 INFO Main::KeepDatabaseAlive
2025-07-08_12:14:35 INFO Main::KeepDatabaseAlive
2025-07-08_12:19:35 INFO Main::KeepDatabaseAlive
2025-07-08_12:24:35 INFO Main::KeepDatabaseAlive
2025-07-08_12:29:35 INFO Main::KeepDatabaseAlive
2025-07-08_12:34:35 INFO Main::KeepDatabaseAlive
2025-07-08_12:39:35 INFO Main::KeepDatabaseAlive
2025-07-08_12:44:35 INFO Main::KeepDatabaseAlive
2025-07-08_12:49:35 INFO Main::KeepDatabaseAlive
2025-07-08_12:54:35 INFO Main::KeepDatabaseAlive
2025-07-08_12:59:35 INFO Main::KeepDatabaseAlive
2025-07-08_13:04:35 INFO Main::KeepDatabaseAlive
2025-07-08_13:09:35 INFO Main::KeepDatabaseAlive
2025-07-08_13:14:35 INFO Main::KeepDatabaseAlive
2025-07-08_13:19:35 INFO Main::KeepDatabaseAlive
2025-07-08_13:24:35 INFO Main::KeepDatabaseAlive
2025-07-08_13:29:35 INFO Main::KeepDatabaseAlive
2025-07-08_13:34:35 INFO Main::KeepDatabaseAlive
2025-07-08_13:39:35 INFO Main::KeepDatabaseAlive
2025-07-08_13:44:35 INFO Main::KeepDatabaseAlive
2025-07-08_13:49:35 INFO Main::KeepDatabaseAlive
2025-07-08_13:54:35 INFO Main::KeepDatabaseAlive
2025-07-08_13:59:35 INFO Main::KeepDatabaseAlive
2025-07-08_14:04:35 INFO Main::KeepDatabaseAlive
2025-07-08_14:09:35 INFO Main::KeepDatabaseAlive
2025-07-08_14:14:35 INFO Main::KeepDatabaseAlive
2025-07-08_14:19:35 INFO Main::KeepDatabaseAlive
2025-07-08_14:24:35 INFO Main::KeepDatabaseAlive
2025-07-08_14:29:35 INFO Main::KeepDatabaseAlive
2025-07-08_14:34:35 INFO Main::KeepDatabaseAlive
2025-07-08_14:39:35 INFO Main::KeepDatabaseAlive
2025-07-08_14:44:35 INFO Main::KeepDatabaseAlive
2025-07-08_14:49:35 INFO Main::KeepDatabaseAlive
2025-07-08_14:54:35 INFO Main::KeepDatabaseAlive
2025-07-08_14:59:35 INFO Main::KeepDatabaseAlive
2025-07-08_15:04:35 INFO Main::KeepDatabaseAlive
2025-07-08_15:09:35 INFO Main::KeepDatabaseAlive
2025-07-08_15:14:35 INFO Main::KeepDatabaseAlive
2025-07-08_15:19:35 INFO Main::KeepDatabaseAlive
2025-07-08_15:24:35 INFO Main::KeepDatabaseAlive
2025-07-08_15:29:35 INFO Main::KeepDatabaseAlive
2025-07-08_15:34:35 INFO Main::KeepDatabaseAlive
2025-07-08_15:39:35 INFO Main::KeepDatabaseAlive
2025-07-08_15:44:35 INFO Main::KeepDatabaseAlive
2025-07-08_15:49:35 INFO Main::KeepDatabaseAlive
2025-07-08_15:54:35 INFO Main::KeepDatabaseAlive
2025-07-08_15:59:35 INFO Main::KeepDatabaseAlive
2025-07-08_16:04:35 INFO Main::KeepDatabaseAlive
2025-07-08_16:09:35 INFO Main::KeepDatabaseAlive
2025-07-08_16:14:35 INFO Main::KeepDatabaseAlive
2025-07-08_16:19:35 INFO Main::KeepDatabaseAlive
2025-07-08_16:24:35 INFO Main::KeepDatabaseAlive
2025-07-08_16:29:35 INFO Main::KeepDatabaseAlive
2025-07-08_16:34:35 INFO Main::KeepDatabaseAlive
2025-07-08_16:39:35 INFO Main::KeepDatabaseAlive
2025-07-08_16:44:35 INFO Main::KeepDatabaseAlive
2025-07-08_16:49:35 INFO Main::KeepDatabaseAlive
2025-07-08_16:54:35 INFO Main::KeepDatabaseAlive
2025-07-08_16:59:35 INFO Main::KeepDatabaseAlive
2025-07-08_17:04:35 INFO Main::KeepDatabaseAlive
2025-07-08_17:09:35 INFO Main::KeepDatabaseAlive
2025-07-08_17:14:35 INFO Main::KeepDatabaseAlive
2025-07-08_17:19:35 INFO Main::KeepDatabaseAlive
2025-07-08_17:24:35 INFO Main::KeepDatabaseAlive
2025-07-08_17:29:35 INFO Main::KeepDatabaseAlive
2025-07-08_17:34:35 INFO Main::KeepDatabaseAlive
2025-07-08_17:39:35 INFO Main::KeepDatabaseAlive
2025-07-08_17:44:35 INFO Main::KeepDatabaseAlive
2025-07-08_17:49:35 INFO Main::KeepDatabaseAlive
2025-07-08_17:54:35 INFO Main::KeepDatabaseAlive
2025-07-08_17:59:35 INFO Main::KeepDatabaseAlive
2025-07-08_18:04:35 INFO Main::KeepDatabaseAlive
2025-07-08_18:09:35 INFO Main::KeepDatabaseAlive
2025-07-08_18:14:35 INFO Main::KeepDatabaseAlive
2025-07-08_18:19:35 INFO Main::KeepDatabaseAlive
2025-07-08_18:24:35 INFO Main::KeepDatabaseAlive
2025-07-08_18:29:35 INFO Main::KeepDatabaseAlive
2025-07-08_18:34:35 INFO Main::KeepDatabaseAlive
2025-07-08_18:39:35 INFO Main::KeepDatabaseAlive
2025-07-08_18:44:35 INFO Main::KeepDatabaseAlive
2025-07-08_18:49:35 INFO Main::KeepDatabaseAlive
2025-07-08_18:54:35 INFO Main::KeepDatabaseAlive
2025-07-08_18:59:35 INFO Main::KeepDatabaseAlive
2025-07-08_19:04:35 INFO Main::KeepDatabaseAlive
2025-07-08_19:09:35 INFO Main::KeepDatabaseAlive
2025-07-08_19:14:35 INFO Main::KeepDatabaseAlive
2025-07-08_19:19:35 INFO Main::KeepDatabaseAlive
2025-07-08_19:24:35 INFO Main::KeepDatabaseAlive
2025-07-08_19:29:35 INFO Main::KeepDatabaseAlive
2025-07-08_19:34:35 INFO Main::KeepDatabaseAlive
2025-07-08_19:39:35 INFO Main::KeepDatabaseAlive
2025-07-08_19:44:35 INFO Main::KeepDatabaseAlive
2025-07-08_19:49:35 INFO Main::KeepDatabaseAlive
2025-07-08_19:54:35 INFO Main::KeepDatabaseAlive
2025-07-08_19:59:35 INFO Main::KeepDatabaseAlive
2025-07-08_20:04:35 INFO Main::KeepDatabaseAlive
2025-07-08_20:09:35 INFO Main::KeepDatabaseAlive
2025-07-08_20:14:35 INFO Main::KeepDatabaseAlive
2025-07-08_20:19:35 INFO Main::KeepDatabaseAlive
2025-07-08_20:24:35 INFO Main::KeepDatabaseAlive
2025-07-08_20:29:35 INFO Main::KeepDatabaseAlive
2025-07-08_20:34:35 INFO Main::KeepDatabaseAlive
2025-07-08_20:39:35 INFO Main::KeepDatabaseAlive
2025-07-08_20:44:35 INFO Main::KeepDatabaseAlive
2025-07-08_20:49:35 INFO Main::KeepDatabaseAlive
2025-07-08_20:54:35 INFO Main::KeepDatabaseAlive
2025-07-08_20:59:35 INFO Main::KeepDatabaseAlive
2025-07-08_21:04:35 INFO Main::KeepDatabaseAlive
2025-07-08_21:09:35 INFO Main::KeepDatabaseAlive
2025-07-08_21:14:35 INFO Main::KeepDatabaseAlive
2025-07-08_21:19:35 INFO Main::KeepDatabaseAlive
2025-07-08_21:24:35 INFO Main::KeepDatabaseAlive
2025-07-08_21:29:35 INFO Main::KeepDatabaseAlive
2025-07-08_21:34:35 INFO Main::KeepDatabaseAlive
2025-07-08_21:39:35 INFO Main::KeepDatabaseAlive
2025-07-08_21:44:35 INFO Main::KeepDatabaseAlive
2025-07-08_21:49:35 INFO Main::KeepDatabaseAlive
2025-07-08_21:54:35 INFO Main::KeepDatabaseAlive
2025-07-08_21:59:35 INFO Main::KeepDatabaseAlive
2025-07-08_22:04:35 INFO Main::KeepDatabaseAlive
2025-07-08_22:09:35 INFO Main::KeepDatabaseAlive
2025-07-08_22:14:35 INFO Main::KeepDatabaseAlive
2025-07-08_22:19:35 INFO Main::KeepDatabaseAlive
2025-07-08_22:24:35 INFO Main::KeepDatabaseAlive
2025-07-08_22:29:35 INFO Main::KeepDatabaseAlive
2025-07-08_22:34:35 INFO Main::KeepDatabaseAlive
2025-07-08_22:39:35 INFO Main::KeepDatabaseAlive
2025-07-08_22:44:35 INFO Main::KeepDatabaseAlive
2025-07-08_22:49:35 INFO Main::KeepDatabaseAlive
2025-07-08_22:54:35 INFO Main::KeepDatabaseAlive
2025-07-08_22:59:35 INFO Main::KeepDatabaseAlive
2025-07-08_23:04:35 INFO Main::KeepDatabaseAlive
2025-07-08_23:09:35 INFO Main::KeepDatabaseAlive
2025-07-08_23:14:35 INFO Main::KeepDatabaseAlive
2025-07-08_23:19:35 INFO Main::KeepDatabaseAlive
2025-07-08_23:24:35 INFO Main::KeepDatabaseAlive
2025-07-08_23:29:35 INFO Main::KeepDatabaseAlive
2025-07-08_23:34:35 INFO Main::KeepDatabaseAlive
2025-07-08_23:39:35 INFO Main::KeepDatabaseAlive
2025-07-08_23:44:35 INFO Main::KeepDatabaseAlive
2025-07-08_23:49:35 INFO Main::KeepDatabaseAlive
2025-07-08_23:54:35 INFO Main::KeepDatabaseAlive
2025-07-08_23:59:35 INFO Main::KeepDatabaseAlive
