2025-07-15_00:14:36 INFO Loading World Server...
2025-07-15_00:14:36 INFO >> Loaded 64 world server definitions
2025-07-15_00:14:36 INFO  
2025-07-15_01:37:56 INFO Loading World Server...
2025-07-15_01:37:56 INFO >> Loaded 64 world server definitions
2025-07-15_01:37:56 INFO  
2025-07-15_03:01:16 INFO Loading World Server...
2025-07-15_03:01:16 INFO >> Loaded 64 world server definitions
2025-07-15_03:01:16 INFO  
2025-07-15_04:24:36 INFO Loading World Server...
2025-07-15_04:24:36 INFO >> Loaded 64 world server definitions
2025-07-15_04:24:36 INFO  
2025-07-15_05:47:56 INFO Loading World Server...
2025-07-15_05:47:56 INFO >> Loaded 64 world server definitions
2025-07-15_05:47:56 INFO  
2025-07-15_07:11:16 INFO Loading World Server...
2025-07-15_07:11:16 INFO >> Loaded 64 world server definitions
2025-07-15_07:11:16 INFO  
2025-07-15_07:23:46 DEBUG Network Thread exits
2025-07-15_07:23:46 INFO Closing LoginServer
