2025-07-08_07:09:35 INFO ========================================================
2025-07-08_07:09:35 INFO ========================================================
2025-07-08_07:09:35 INFO >>>>>>>>>>>>>>>>>>>>> LOGIN SERVER <<<<<<<<<<<<<<<<<<<<<<
2025-07-08_07:09:35 INFO ========================================================
2025-07-08_07:09:35 INFO ========================================================
2025-07-08_07:09:35 INFO Process priority class set to HIGH
2025-07-08_07:09:35 INFO Starting DB...
2025-07-08_07:09:35 DEBUG Network Thread Starting
2025-07-08_07:09:35 INFO  
2025-07-08_07:09:35 INFO LoginServer Ready
2025-07-08_07:09:36 INFO Loading World Server...
2025-07-08_07:09:36 INFO >> Loaded 64 world server definitions
2025-07-08_07:09:36 INFO  
2025-07-08_08:32:56 INFO Loading World Server...
2025-07-08_08:32:56 INFO >> Loaded 64 world server definitions
2025-07-08_08:32:56 INFO  
2025-07-08_09:56:16 INFO Loading World Server...
2025-07-08_09:56:16 INFO >> Loaded 64 world server definitions
2025-07-08_09:56:16 INFO  
2025-07-08_11:19:36 INFO Loading World Server...
2025-07-08_11:19:36 INFO >> Loaded 64 world server definitions
2025-07-08_11:19:36 INFO  
2025-07-08_12:42:56 INFO Loading World Server...
2025-07-08_12:42:56 INFO >> Loaded 64 world server definitions
2025-07-08_12:42:56 INFO  
2025-07-08_14:06:16 INFO Loading World Server...
2025-07-08_14:06:16 INFO >> Loaded 64 world server definitions
2025-07-08_14:06:16 INFO  
2025-07-08_15:29:36 INFO Loading World Server...
2025-07-08_15:29:36 INFO >> Loaded 64 world server definitions
2025-07-08_15:29:36 INFO  
2025-07-08_16:52:56 INFO Loading World Server...
2025-07-08_16:52:56 INFO >> Loaded 64 world server definitions
2025-07-08_16:52:56 INFO  
2025-07-08_18:16:16 INFO Loading World Server...
2025-07-08_18:16:16 INFO >> Loaded 64 world server definitions
2025-07-08_18:16:16 INFO  
2025-07-08_19:39:36 INFO Loading World Server...
2025-07-08_19:39:36 INFO >> Loaded 64 world server definitions
2025-07-08_19:39:36 INFO  
2025-07-08_21:02:56 INFO Loading World Server...
2025-07-08_21:02:56 INFO >> Loaded 64 world server definitions
2025-07-08_21:02:56 INFO  
2025-07-08_22:26:16 INFO Loading World Server...
2025-07-08_22:26:16 INFO >> Loaded 64 world server definitions
2025-07-08_22:26:16 INFO  
2025-07-08_23:49:36 INFO Loading World Server...
2025-07-08_23:49:36 INFO >> Loaded 64 world server definitions
2025-07-08_23:49:36 INFO  
