2025-07-08_07:15:06 INFO ========================================================
2025-07-08_07:15:06 INFO ========================================================
2025-07-08_07:15:06 INFO >>>>>>>>>>>>>>>>>>>>> GAME SERVER <<<<<<<<<<<<<<<<<<<<<<
2025-07-08_07:15:06 INFO ========================================================
2025-07-08_07:15:06 INFO ========================================================
2025-07-08_07:15:06 INFO Process priority class set to HIGH
2025-07-08_07:15:06 INFO Starting DB...
2025-07-08_07:15:06 INFO Loading Common Settings...
2025-07-08_07:15:06 INFO Common Settings loaded in 69 msec...
2025-07-08_07:15:06 INFO Loading Commands...
2025-07-08_07:15:06 INFO Loading Commands...
2025-07-08_07:15:06 INFO Loading System Messages...
2025-07-08_07:15:06 INFO >> Loaded 808 system messages
2025-07-08_07:15:06 INFO  
2025-07-08_07:15:06 INFO Loading Regex Manager...
2025-07-08_07:15:06 INFO Loading Formula Data...
2025-07-08_07:15:06 INFO >> Loaded 1067 formula data definitions
2025-07-08_07:15:06 INFO  
2025-07-08_07:15:06 INFO Loading Worlds...
2025-07-08_07:15:07 INFO >> Loaded 124 worlds
2025-07-08_07:15:07 INFO  
2025-07-08_07:15:07 INFO Loading World AI Path...
2025-07-08_07:15:07 INFO >> Loaded 1049 world path definitions
2025-07-08_07:15:07 INFO  
2025-07-08_07:15:07 INFO Loading World Buff...
2025-07-08_07:15:07 INFO >> Loaded 0 world buff definitions
2025-07-08_07:15:07 INFO  
2025-07-08_07:15:07 INFO Loading World Area Restriction...
2025-07-08_07:15:07 INFO >> Loaded 12 world area restriction definitions
2025-07-08_07:15:07 INFO  
2025-07-08_07:15:07 INFO Loading World Server...
2025-07-08_07:15:07 INFO >> Loaded 64 world server definitions
2025-07-08_07:15:07 INFO  
2025-07-08_07:15:07 INFO Loading World Attribute...
2025-07-08_07:15:07 INFO >> Loaded 0 world attribute definitions
2025-07-08_07:15:07 INFO  
2025-07-08_07:15:07 INFO Loading World Experience...
2025-07-08_07:15:07 INFO >> Loaded 0 world experience definitions
2025-07-08_07:15:07 INFO  
2025-07-08_07:15:07 INFO Loading World Area Attribute...
2025-07-08_07:15:07 INFO >> Loaded 31 world area attribute definitions
2025-07-08_07:15:07 INFO  
2025-07-08_07:15:07 INFO Loading World Free PK...
2025-07-08_07:15:07 INFO >> Loaded 2 world free pk definitions
2025-07-08_07:15:07 INFO  
2025-07-08_07:15:07 INFO Loading Objects...
2025-07-08_07:15:07 INFO >> Loaded 30100 Game Objects in 250 ms
2025-07-08_07:15:07 INFO  
2025-07-08_07:15:07 INFO Loading Item Excelent Options...
2025-07-08_07:15:07 INFO Loading Drop System ...
2025-07-08_07:15:07 INFO Loading Zen Drop ...
2025-07-08_07:15:07 INFO >> Loaded 125 ZenDrop definitions
2025-07-08_07:15:07 INFO  
2025-07-08_07:15:07 INFO Loading AllMonsterBag ...
2025-07-08_07:15:07 INFO >> Loaded 438 AllMonsterBag definitions
2025-07-08_07:15:07 INFO  
2025-07-08_07:15:07 INFO Loading EachMonsterMapList ...
2025-07-08_07:15:07 INFO Loading EachMonsterMapList ...
2025-07-08_07:15:07 INFO Loading EachMonsterMapList ...
2025-07-08_07:15:07 INFO Loading EachMonsterMapList ...
2025-07-08_07:15:07 INFO Loading EachMonsterMapList ...
2025-07-08_07:15:07 INFO Loading EachMonsterMapList ...
2025-07-08_07:15:07 INFO Loading EachMonsterMapList ...
2025-07-08_07:15:07 INFO Loading EachMonsterMapList ...
2025-07-08_07:15:07 INFO Loading EachMonsterMapList ...
2025-07-08_07:15:07 INFO Loading EachMonsterMapList ...
2025-07-08_07:15:07 INFO Loading EachMonsterMapList ...
2025-07-08_07:15:07 INFO Loading EachMonsterMapList ...
2025-07-08_07:15:07 INFO Loading EachMonsterMapList ...
2025-07-08_07:15:07 INFO Loading EachMonsterMapList ...
2025-07-08_07:15:07 INFO Loading EachMonsterMapList ...
2025-07-08_07:15:07 INFO Loading EachMonsterMapList ...
2025-07-08_07:15:07 INFO Loading EachMonsterMapList ...
2025-07-08_07:15:07 INFO Loading EachMonsterMapList ...
2025-07-08_07:15:07 INFO Loading EachMonsterMapList ...
2025-07-08_07:15:07 INFO Loading EachMonsterMapList ...
2025-07-08_07:15:07 INFO Loading EachMonsterMapList ...
2025-07-08_07:15:07 INFO Loading EachMonsterMapList ...
2025-07-08_07:15:07 INFO Loading EachMonsterMapList ...
2025-07-08_07:15:07 INFO Loading EachMonsterMapList ...
2025-07-08_07:15:07 INFO Loading EachMonsterMapList ...
2025-07-08_07:15:07 INFO Loading EachMonsterMapList ...
2025-07-08_07:15:07 INFO Loading EachMonsterMapList ...
2025-07-08_07:15:07 INFO Loading EachMonsterMapList ...
2025-07-08_07:15:07 INFO Loading EachMonsterMapList ...
2025-07-08_07:15:07 INFO Loading EachMonsterMapList ...
2025-07-08_07:15:07 INFO Loading EachMonsterMapList ...
2025-07-08_07:15:07 INFO Loading EachMonsterMapList ...
2025-07-08_07:15:07 INFO Loading EachMonsterMapList ...
2025-07-08_07:15:08 INFO Loading EachMonsterMapList ...
2025-07-08_07:15:08 INFO Loading EachMonsterMapList ...
2025-07-08_07:15:08 INFO Loading EachMonsterMapList ...
2025-07-08_07:15:08 INFO Loading EachMonsterMapList ...
2025-07-08_07:15:08 INFO Loading EachMonsterMapList ...
2025-07-08_07:15:08 INFO Loading EachMonsterMapList ...
2025-07-08_07:15:08 INFO Loading EachMonsterMapList ...
2025-07-08_07:15:08 INFO Loading EachMonsterMapList ...
2025-07-08_07:15:08 INFO Loading EachMonsterMapList ...
2025-07-08_07:15:08 INFO Loading EachMonsterMapList ...
2025-07-08_07:15:08 INFO Loading EachMonsterMapList ...
2025-07-08_07:15:08 INFO Loading EachMonsterMapList ...
2025-07-08_07:15:08 INFO Loading EachMonsterMapList ...
2025-07-08_07:15:08 INFO Loading EachMonsterMapList ...
2025-07-08_07:15:08 INFO Loading EachMonsterMapList ...
2025-07-08_07:15:08 INFO Loading EachMonsterMapList ...
2025-07-08_07:15:08 INFO Loading EachMonsterMapList ...
2025-07-08_07:15:08 INFO Loading EachMonsterMapList ...
2025-07-08_07:15:08 INFO Loading EachMonsterMapList ...
2025-07-08_07:15:08 INFO Loading EachMonsterMapList ...
2025-07-08_07:15:08 INFO Loading EachMonsterMapList ...
2025-07-08_07:15:08 INFO Loading EachMonsterMapList ...
2025-07-08_07:15:08 INFO Loading EachMonsterMapList ...
2025-07-08_07:15:08 INFO Loading EachMonsterMapList ...
2025-07-08_07:15:08 INFO Loading EachMonsterMapList ...
2025-07-08_07:15:08 INFO Loading EachMonsterMapList ...
2025-07-08_07:15:08 INFO Loading EachMonsterMapList ...
2025-07-08_07:15:08 INFO Loading EachMonsterMapList ...
2025-07-08_07:15:08 INFO Loading EachMonsterMapList ...
2025-07-08_07:15:08 INFO Loading EachMonsterMapList ...
2025-07-08_07:15:08 INFO Loading EachMonsterMapList ...
2025-07-08_07:15:08 INFO Loading EachMonsterMapList ...
2025-07-08_07:15:08 INFO Loading EachMonsterMapList ...
2025-07-08_07:15:08 INFO Loading EachMonsterMapList ...
2025-07-08_07:15:08 INFO >> Loaded 66 EachMonsterMapList definitions
2025-07-08_07:15:08 INFO  
2025-07-08_07:15:08 INFO Loading EventItemMonsterBag ...
2025-07-08_07:15:08 INFO >> Loaded 36 EventItemMonsterBag definitions
2025-07-08_07:15:08 INFO  
2025-07-08_07:15:08 INFO Loading MonsterDropCondition ...
2025-07-08_07:15:08 INFO Loading PentagramItemDropRate ...
2025-07-08_07:15:08 INFO Loading SocketItemDropRate ...
2025-07-08_07:15:08 INFO Loading SetItemMonsterBag ...
2025-07-08_07:15:08 INFO >> Loaded 354 SetItemMonsterBag definitions
2025-07-08_07:15:08 INFO  
2025-07-08_07:15:08 INFO Loading EventItemDrop.ini File
2025-07-08_07:15:08 INFO Loading EventItemDrop.ini File Finished
2025-07-08_07:15:08 INFO Loading ItemDropRateControl.ini File Finished
2025-07-08_07:15:08 INFO Loading ItemDropRateControl.ini File Finished
2025-07-08_07:15:08 INFO Loading Drop System Finished ...
2025-07-08_07:15:08 INFO Loading Artifact Options...
2025-07-08_07:15:08 INFO >> Loaded 28 Artifact Options
2025-07-08_07:15:08 INFO >> Loaded 34 Artifact Base Values
2025-07-08_07:15:08 INFO Loading Artifact System...
2025-07-08_07:15:08 INFO Loading Item ItemDecomposition ...
2025-07-08_07:15:08 INFO Loading Item Template...
2025-07-08_07:15:08 INFO >> Loaded 4279 item definitions
2025-07-08_07:15:08 INFO  
2025-07-08_07:15:08 INFO Loading Item MasteryExcOptions...
2025-07-08_07:15:08 INFO >> Loaded 552 item MasteryExcOptions definitions
2025-07-08_07:15:08 INFO  
2025-07-08_07:15:08 INFO Loading VoucherItemExchange Template...
2025-07-08_07:15:08 INFO Loading Item HarmonySmeltLevel...
2025-07-08_07:15:08 INFO Loading Item Add Option...
2025-07-08_07:15:08 INFO >> Loaded 40 item add option definitions
2025-07-08_07:15:08 INFO  
2025-07-08_07:15:08 INFO Loading Item Set Type...
2025-07-08_07:15:08 INFO >> Loaded 1184 item set type definitions in 16 msec.
2025-07-08_07:15:08 INFO  
2025-07-08_07:15:08 INFO Loading Item Set Option...
2025-07-08_07:15:08 INFO >> Loaded 311 item set option definitions
2025-07-08_07:15:08 INFO  
2025-07-08_07:15:08 INFO Loading Item Harmony...
2025-07-08_07:15:08 INFO >> Loaded 26 item harmony definitions
2025-07-08_07:15:08 INFO  
2025-07-08_07:15:08 INFO Loading Item Harmony Enhancement...
2025-07-08_07:15:08 INFO >> Loaded 44 item harmony enhancement definitions in 0 msec.
2025-07-08_07:15:08 INFO  
2025-07-08_07:15:08 INFO Loading Item Socket...
2025-07-08_07:15:08 INFO >> Loaded 231 item socket definitions
2025-07-08_07:15:08 INFO  
2025-07-08_07:15:08 INFO Loading Item Socket Seed...
2025-07-08_07:15:08 INFO >> Loaded 30 item socket seed definitions
2025-07-08_07:15:08 INFO  
2025-07-08_07:15:08 INFO Loading Item Socket Bonus...
2025-07-08_07:15:08 INFO >> Loaded 40 item socket bonus definitions
2025-07-08_07:15:08 INFO  
2025-07-08_07:15:08 INFO Loading Item Socket Package...
2025-07-08_07:15:08 INFO >> Loaded 2 item socket package definitions
2025-07-08_07:15:08 INFO  
2025-07-08_07:15:08 INFO Loading Item Socket Mix...
2025-07-08_07:15:08 INFO >> Loaded 19 item socket mix definitions
2025-07-08_07:15:08 INFO  
2025-07-08_07:15:08 INFO Loading Item Socket Upgrade...
2025-07-08_07:15:08 INFO >> Loaded 111 item socket upgrade definitions
2025-07-08_07:15:08 INFO  
2025-07-08_07:15:08 INFO Loading Item Socket Seed Sphere...
2025-07-08_07:15:08 INFO >> Loaded 120 item socket seed sphere definitions
2025-07-08_07:15:08 INFO  
2025-07-08_07:15:08 INFO Loading Item Transformation...
2025-07-08_07:15:08 INFO >> Loaded 21 item transformation definitions in 16 msec.
2025-07-08_07:15:08 INFO  
2025-07-08_07:15:08 INFO Loading Item Level Template...
2025-07-08_07:15:08 INFO >> Loaded 160 item level template definitions
2025-07-08_07:15:08 INFO  
2025-07-08_07:15:08 INFO Loading Item Mix Lucky Template...
2025-07-08_07:15:08 INFO >> Loaded 123 item mix lucky definitions
2025-07-08_07:15:08 INFO  
2025-07-08_07:15:08 INFO Loading Item Price Data...
2025-07-08_07:15:08 INFO >> Loaded 0 item price data definitions
2025-07-08_07:15:08 INFO  
2025-07-08_07:15:08 INFO Loading Item Stack...
2025-07-08_07:15:08 INFO >> Loaded 203 item stack definitions
2025-07-08_07:15:08 INFO  
2025-07-08_07:15:08 INFO Loading Item Quest...
2025-07-08_07:15:08 INFO >> Loaded 25 item quest definitions
2025-07-08_07:15:08 INFO  
2025-07-08_07:15:08 INFO Loading Item Wing Values...
2025-07-08_07:15:08 INFO >> Loaded 111 item wing values definitions
2025-07-08_07:15:08 INFO  
2025-07-08_07:15:08 INFO Loading Item Create Data...
2025-07-08_07:15:08 INFO >> Loaded 44 item create data definitions
2025-07-08_07:15:08 INFO  
2025-07-08_07:15:08 INFO Loading Item FlagDB...
2025-07-08_07:15:08 INFO >> Loaded 0 item flagdb definitions
2025-07-08_07:15:08 INFO  
2025-07-08_07:15:08 INFO Loading Item Wing Graded Option...
2025-07-08_07:15:08 INFO >> Loaded 11 item wing graded option definitions
2025-07-08_07:15:08 INFO  
2025-07-08_07:15:08 INFO Loading Item Wing Socket Option...
2025-07-08_07:15:08 INFO >> Loaded 8 item wing socket option definitions
2025-07-08_07:15:08 INFO  
2025-07-08_07:15:08 INFO Loading Item Wing Socket Upgrade...
2025-07-08_07:15:08 INFO >> Loaded 15 item wing socket upgrade definitions
2025-07-08_07:15:08 INFO  
2025-07-08_07:15:08 INFO Loading Item Earring...
2025-07-08_07:15:08 INFO >> Loaded 14 item earring definitions
2025-07-08_07:15:08 INFO  
2025-07-08_07:15:08 INFO Loading Item Earring Option...
2025-07-08_07:15:08 INFO >> Loaded 31 item earring option definitions
2025-07-08_07:15:08 INFO  
2025-07-08_07:15:08 INFO Loading Item Earring Option Value...
2025-07-08_07:15:08 INFO >> Loaded 60 item earring option value definitions
2025-07-08_07:15:08 INFO  
2025-07-08_07:15:08 INFO Loading Item Earring Bonus...
2025-07-08_07:15:08 INFO >> Loaded 7 item earring bonus definitions
2025-07-08_07:15:08 INFO  
2025-07-08_07:15:08 INFO Loading Item Earring Upgrade...
2025-07-08_07:15:08 INFO >> Loaded 15 item earring upgrade definitions
2025-07-08_07:15:08 INFO  
2025-07-08_07:15:08 INFO Loading Item Mastery Bonus...
2025-07-08_07:15:08 INFO >> Loaded 6 item mastery bonus definitions
2025-07-08_07:15:08 INFO  
2025-07-08_07:15:08 INFO Loading LegendaryOptionRate...
2025-07-08_07:15:08 INFO Loading Item Guardian Option...
2025-07-08_07:15:08 INFO >> Loaded 5 item guardian option definitions
2025-07-08_07:15:08 INFO  
2025-07-08_07:15:08 INFO Loading Item Guardian Option Value...
2025-07-08_07:15:08 INFO >> Loaded 30 item guardian option value definitions
2025-07-08_07:15:08 INFO  
2025-07-08_07:15:08 INFO Loading Item Guardian Elite Option...
2025-07-08_07:15:08 INFO >> Loaded 5 item guardian elite option definitions
2025-07-08_07:15:08 INFO  
2025-07-08_07:15:08 INFO Loading Item Guardian Elite Option Value...
2025-07-08_07:15:08 INFO >> Loaded 30 item guardian elite option value definitions
2025-07-08_07:15:08 INFO  
2025-07-08_07:15:08 INFO Loading Legendary Item Bonus Options...
2025-07-08_07:15:08 INFO Loading LegendaryItemSetType...
2025-07-08_07:15:08 INFO Loading LegendaryWeaponSetOption...
2025-07-08_07:15:08 INFO Loading Skill Template...
2025-07-08_07:15:08 INFO >> Loaded 948 skill definitions
2025-07-08_07:15:08 INFO  
2025-07-08_07:15:08 INFO Loading Skill Learn...
2025-07-08_07:15:08 INFO >> Loaded 150 skill learn definitions
2025-07-08_07:15:08 INFO  
2025-07-08_07:15:08 INFO Loading Skill Tree...
2025-07-08_07:15:08 INFO >> Loaded 993 skill tree
2025-07-08_07:15:08 INFO  
2025-07-08_07:15:08 INFO Loading Skill Special Element...
2025-07-08_07:15:08 INFO >> Loaded 159 skill special element definitions
2025-07-08_07:15:08 INFO  
2025-07-08_07:15:08 INFO Loading Skill Special...
2025-07-08_07:15:08 INFO >> Loaded 151 skill special definitions
2025-07-08_07:15:08 INFO  
2025-07-08_07:15:08 INFO Loading Buff Template...
2025-07-08_07:15:08 INFO >> Loaded 422 buff definitions
2025-07-08_07:15:08 INFO  
2025-07-08_07:15:08 INFO Loading Skill Require...
2025-07-08_07:15:08 ERROR LoadSkillRequire() skill: 736
2025-07-08_07:15:08 INFO >> Loaded 31 skill require definitions
2025-07-08_07:15:08 INFO  
2025-07-08_07:15:08 INFO Loading Skill Tree Majestic...
2025-07-08_07:15:08 INFO >> Loaded 2443 skill tree majestic definitions
2025-07-08_07:15:08 INFO  
2025-07-08_07:15:08 INFO Loading Skill Tree Majestic Stat...
2025-07-08_07:15:08 INFO >> Loaded 120 skill tree majestic stat definitions
2025-07-08_07:15:08 INFO  
2025-07-08_07:15:08 INFO Loading Skill Attack Time...
2025-07-08_07:15:08 INFO >> Loaded 898 skill attack time definitions
2025-07-08_07:15:08 INFO  
2025-07-08_07:15:08 INFO Loading Particle List...
2025-07-08_07:15:08 INFO Loading Particle Options List...
2025-07-08_07:15:08 INFO Loading Particle Skill List...
2025-07-08_07:15:08 INFO Loading Particle Level Up...
2025-07-08_07:15:08 INFO Loading Particle Reduction...
2025-07-08_07:15:08 INFO Loading Character Base...
2025-07-08_07:15:08 INFO >> Loaded 15 character base definitions
2025-07-08_07:15:08 INFO  
2025-07-08_07:15:08 INFO Loading Character Item...
2025-07-08_07:15:08 INFO >> Loaded 176 character item definitions
2025-07-08_07:15:08 INFO  
2025-07-08_07:15:08 INFO Loading Character Base Buff...
2025-07-08_07:15:08 INFO >> Loaded 0 character base buff definitions
2025-07-08_07:15:08 INFO  
2025-07-08_07:15:08 INFO Loading Character Skill...
2025-07-08_07:15:08 INFO >> Loaded 112 character skill definitions
2025-07-08_07:15:08 INFO  
2025-07-08_07:15:08 INFO Loading Character Experience Normal...
2025-07-08_07:15:08 INFO >> Loaded 400 character experience normal definitions
2025-07-08_07:15:08 INFO  
2025-07-08_07:15:08 INFO Loading Character Experience Master...
2025-07-08_07:15:08 INFO >> Loaded 400 character experience master definitions
2025-07-08_07:15:08 INFO  
2025-07-08_07:15:08 INFO Loading Character Experience Majestic...
2025-07-08_07:15:08 INFO >> Loaded 900 character experience majestic definitions
2025-07-08_07:15:08 INFO  
2025-07-08_07:15:08 INFO Loading Character Item Experience ...
2025-07-08_07:15:08 INFO >> Loaded 7 Character Item Experience definitions
2025-07-08_07:15:08 INFO  
2025-07-08_07:15:08 INFO Loading Character Helper...
2025-07-08_07:15:08 INFO >> Loaded 75 character helper stages
2025-07-08_07:15:08 INFO  
2025-07-08_07:15:08 INFO Loading Character Formula...
2025-07-08_07:15:08 INFO >> Loaded 240 character formula definitions in 0 msec.
2025-07-08_07:15:08 INFO  
2025-07-08_07:15:08 INFO Loading Character Stat Fruit...
2025-07-08_07:15:08 INFO >> Loaded 600 character stat fruit definitions
2025-07-08_07:15:08 INFO  
2025-07-08_07:15:08 INFO Loading Character Specialization...
2025-07-08_07:15:08 INFO >> Loaded 159 character specialization definitions
2025-07-08_07:15:08 INFO  
2025-07-08_07:15:08 INFO Loading Character Experience Adjust...
2025-07-08_07:15:08 INFO >> Loaded 0 character experience adjust definitions
2025-07-08_07:15:08 INFO  
2025-07-08_07:15:08 INFO Loading Character Experience Bonus...
2025-07-08_07:15:08 INFO >> Loaded 7 character experience bonus definitions
2025-07-08_07:15:08 INFO  
2025-07-08_07:15:08 INFO Loading Character Bonus...
2025-07-08_07:15:08 INFO >> Loaded 0 character bonus definitions
2025-07-08_07:15:08 INFO  
2025-07-08_07:15:08 INFO Loading Character Max Level Reward...
2025-07-08_07:15:08 INFO >> Loaded 0 character max level reward definitions
2025-07-08_07:15:08 INFO  
2025-07-08_07:15:08 INFO Loading Character Experience Table...
2025-07-08_07:15:08 INFO >> Loaded 0 character experience table definitions
2025-07-08_07:15:08 INFO  
2025-07-08_07:15:08 INFO Loading Jewel Mix...
2025-07-08_07:15:08 INFO >> Loaded 30 jewel mix definitions
2025-07-08_07:15:08 INFO  
2025-07-08_07:15:08 INFO Loading AI Scripts...
2025-07-08_07:15:08 INFO AI Scripts loaded
2025-07-08_07:15:08 INFO Loading Boss Batlle system Template...
2025-07-08_07:15:08 INFO Loading Monster Template...
2025-07-08_07:15:08 INFO >> Loaded 887 monsters definitions in 32 msec.
2025-07-08_07:15:08 INFO  
2025-07-08_07:15:08 INFO Loading Monster Items...
2025-07-08_07:15:08 INFO >> Loaded monsters items in 46 msec.
2025-07-08_07:15:08 INFO  
2025-07-08_07:15:08 INFO Loading Monster Skill...
2025-07-08_07:15:09 INFO >> Loaded 387 monster skill
2025-07-08_07:15:09 INFO  
2025-07-08_07:15:09 INFO Loading Monster Skill Special...
2025-07-08_07:15:09 INFO >> Loaded 380 monster skill special
2025-07-08_07:15:09 INFO  
2025-07-08_07:15:09 INFO Loading Monster AI Element...
2025-07-08_07:15:09 INFO >> Loaded 66 monster ai element definitions
2025-07-08_07:15:09 INFO  
2025-07-08_07:15:09 INFO Loading Monster AI Automata...
2025-07-08_07:15:09 INFO >> Loaded 258 monster ai automata definitions
2025-07-08_07:15:09 INFO  
2025-07-08_07:15:09 INFO Loading Monster AI Unit...
2025-07-08_07:15:09 INFO >> Loaded 54 monster ai unit definitions
2025-07-08_07:15:09 INFO  
2025-07-08_07:15:09 INFO Loading Monster AI Group...
2025-07-08_07:15:09 INFO >> Loaded 84 monster ai groups
2025-07-08_07:15:09 INFO  
2025-07-08_07:15:09 INFO Loading Monster Respawn Location...
2025-07-08_07:15:09 INFO >> Loaded 33 monster respawn locations
2025-07-08_07:15:09 INFO  
2025-07-08_07:15:09 INFO Loading Monster Equipment...
2025-07-08_07:15:09 INFO >> Loaded 0 monster equipment definitions
2025-07-08_07:15:09 INFO  
2025-07-08_07:15:09 INFO Loading Monster Exclusive...
2025-07-08_07:15:09 INFO >> Loaded 0 monster exclusive definitions
2025-07-08_07:15:09 INFO  
2025-07-08_07:15:09 INFO Loading Monster...
2025-07-08_07:15:09 INFO >> Loaded 11819 monsters
2025-07-08_07:15:09 INFO  
2025-07-08_07:15:09 INFO Loading Gate...
2025-07-08_07:15:09 INFO >> Loaded 693 gate definitions in 16 msec.
2025-07-08_07:15:09 INFO  
2025-07-08_07:15:09 INFO Loading Teleport...
2025-07-08_07:15:09 INFO >> Loaded 68 teleport definitions in 0 msec.
2025-07-08_07:15:09 INFO  
2025-07-08_07:15:09 INFO Loading Move Level...
2025-07-08_07:15:09 INFO >> Loaded 62 move level definitions in 0 msec.
2025-07-08_07:15:09 INFO  
2025-07-08_07:15:09 INFO Loading Vip Template...
2025-07-08_07:15:09 INFO >> Loaded 4 vip template
2025-07-08_07:15:09 INFO  
2025-07-08_07:15:09 INFO Loading Quest Evolution Template...
2025-07-08_07:15:09 INFO >> Loaded 15 quest evolution definitions
2025-07-08_07:15:09 INFO  
2025-07-08_07:15:09 INFO Loading Quest Evolution Data...
2025-07-08_07:15:09 INFO >> Loaded 41 quest evolution data definitions
2025-07-08_07:15:09 INFO  
2025-07-08_07:15:09 INFO Loading Quest Evolution Condition...
2025-07-08_07:15:09 INFO >> Loaded 36 quest evolution condition definitions
2025-07-08_07:15:09 INFO  
2025-07-08_07:15:09 INFO Loading Quest Evolution Item Reward...
2025-07-08_07:15:09 INFO >> Loaded 0 quest evolution item reward definitions
2025-07-08_07:15:09 INFO  
2025-07-08_07:15:09 INFO Loading Quest Guided Setting...
2025-07-08_07:15:09 INFO Loaded 186 quest guided definitions
2025-07-08_07:15:09 INFO  
2025-07-08_07:15:09 INFO Loading Quest MU...
2025-07-08_07:15:09 INFO Loaded 468 quest mu definitions
2025-07-08_07:15:09 INFO  
2025-07-08_07:15:09 INFO Loading Gen Reward...
2025-07-08_07:15:09 INFO >> Loaded 0 gen rewards
2025-07-08_07:15:09 INFO  
2025-07-08_07:15:09 INFO Loading Gen Ranking...
2025-07-08_07:15:09 INFO >> Loaded 0 gen rankings
2025-07-08_07:15:09 INFO  
2025-07-08_07:15:09 INFO Loading Gen Kill Point...
2025-07-08_07:15:09 INFO >> Loaded 0 gen kill points
2025-07-08_07:15:09 INFO  
2025-07-08_07:15:09 INFO Loading Event Manager...
2025-07-08_07:15:09 INFO Loading Allbosstogether Event Monsters...
2025-07-08_07:15:09 INFO Finished Loading Allbosstogether Event Monsters...
2025-07-08_07:15:09 INFO Loading Event Manager...
2025-07-08_07:15:09 INFO >> Loaded 114 event manager definitions
2025-07-08_07:15:09 INFO  
2025-07-08_07:15:09 INFO Loading Event Season...
2025-07-08_07:15:09 INFO >> Loaded 8 event season definitions
2025-07-08_07:15:09 INFO  
2025-07-08_07:15:09 INFO Loading BloodCastle Monsters
2025-07-08_07:15:09 INFO Loading BloodCastle Event Setting
2025-07-08_07:15:09 INFO Loading BloodCastle Event Setting Finished
2025-07-08_07:15:09 INFO Loading DevilSquare MonsterList
2025-07-08_07:15:09 INFO Loading DevilSquare Event Setting
2025-07-08_07:15:09 INFO Loading CChaosCastle Monsters
2025-07-08_07:15:09 INFO Loading BloodCastle Event Setting
2025-07-08_07:15:09 INFO Chaos Castle Settings Loaded
2025-07-08_07:15:09 INFO  
2025-07-08_07:15:09 INFO Loading ChaosCastleSurvival MonsterList
2025-07-08_07:15:09 INFO Loading ChaosCastleSurvival MonsterList Finished
2025-07-08_07:15:09 INFO Loading ChaosCastleSurvival Event Setting
2025-07-08_07:15:09 INFO Loading Event Manager...
2025-07-08_07:15:09 INFO Loading Event Manager...
2025-07-08_07:15:09 INFO Loading Event Manager...
2025-07-08_07:15:09 INFO [ ITR ] (1) Sync Open Time. [915]min remain
2025-07-08_07:15:09 INFO [ ITR ] (2) Sync Open Time. [915]min remain
2025-07-08_07:15:09 INFO [ ITR ] (3) Sync Open Time. [915]min remain
2025-07-08_07:15:09 INFO [ ITR ] (4) Sync Open Time. [915]min remain
2025-07-08_07:15:09 INFO [ ITR ] (5) Sync Open Time. [915]min remain
2025-07-08_07:15:09 INFO [ ITR ] (6) Sync Open Time. [915]min remain
2025-07-08_07:15:09 INFO [ ITR ][AddITRNpcInfo] NpcID:658, Map:45, Dis:0, X:169, Y:85, Dir:2 ,byMapTagNpcIdentNo:255
2025-07-08_07:15:09 INFO [ ITR ][AddITRNpcInfo] NpcID:659, Map:45, Dis:0, X:136, Y:101, Dir:0 ,byMapTagNpcIdentNo:255
2025-07-08_07:15:09 INFO [ ITR ][AddITRNpcInfo] NpcID:660, Map:45, Dis:0, X:151, Y:119, Dir:0 ,byMapTagNpcIdentNo:255
2025-07-08_07:15:09 INFO [ ITR ][AddITRNpcInfo] NpcID:661, Map:45, Dis:0, X:150, Y:88, Dir:0 ,byMapTagNpcIdentNo:255
2025-07-08_07:15:09 INFO [ ITR ][AddITRNpcInfo] NpcID:662, Map:45, Dis:0, X:165, Y:102, Dir:0 ,byMapTagNpcIdentNo:255
2025-07-08_07:15:09 INFO [ ITR ][AddITRNpcInfo] NpcID:663, Map:45, Dis:0, X:173, Y:67, Dir:0 ,byMapTagNpcIdentNo:255
2025-07-08_07:15:09 INFO [ ITR ][AddITRNpcInfo] NpcID:664, Map:45, Dis:0, X:187, Y:81, Dir:0 ,byMapTagNpcIdentNo:255
2025-07-08_07:15:09 INFO [ ITR ][AddITRNpcInfo] NpcID:665, Map:45, Dis:0, X:187, Y:51, Dir:0 ,byMapTagNpcIdentNo:255
2025-07-08_07:15:09 INFO [ ITR ][AddITRNpcInfo] NpcID:666, Map:45, Dis:0, X:203, Y:67, Dir:0 ,byMapTagNpcIdentNo:255
2025-07-08_07:15:09 INFO [ ITR ][AddITRNpcInfo] NpcID:667, Map:45, Dis:0, X:133, Y:121, Dir:0 ,byMapTagNpcIdentNo:255
2025-07-08_07:15:09 INFO [ ITR ][AddITRNpcInfo] NpcID:668, Map:45, Dis:0, X:206, Y:48, Dir:0 ,byMapTagNpcIdentNo:255
2025-07-08_07:15:09 INFO [ ITR ][AddITRNpcInfo] NpcID:658, Map:46, Dis:0, X:169, Y:85, Dir:2 ,byMapTagNpcIdentNo:255
2025-07-08_07:15:09 INFO [ ITR ][AddITRNpcInfo] NpcID:659, Map:46, Dis:0, X:136, Y:101, Dir:0 ,byMapTagNpcIdentNo:255
2025-07-08_07:15:09 INFO [ ITR ][AddITRNpcInfo] NpcID:660, Map:46, Dis:0, X:151, Y:119, Dir:0 ,byMapTagNpcIdentNo:255
2025-07-08_07:15:09 INFO [ ITR ][AddITRNpcInfo] NpcID:661, Map:46, Dis:0, X:150, Y:88, Dir:0 ,byMapTagNpcIdentNo:255
2025-07-08_07:15:09 INFO [ ITR ][AddITRNpcInfo] NpcID:662, Map:46, Dis:0, X:165, Y:102, Dir:0 ,byMapTagNpcIdentNo:255
2025-07-08_07:15:09 INFO [ ITR ][AddITRNpcInfo] NpcID:663, Map:46, Dis:0, X:173, Y:67, Dir:0 ,byMapTagNpcIdentNo:255
2025-07-08_07:15:09 INFO [ ITR ][AddITRNpcInfo] NpcID:664, Map:46, Dis:0, X:187, Y:81, Dir:0 ,byMapTagNpcIdentNo:255
2025-07-08_07:15:09 INFO [ ITR ][AddITRNpcInfo] NpcID:665, Map:46, Dis:0, X:187, Y:51, Dir:0 ,byMapTagNpcIdentNo:255
2025-07-08_07:15:09 INFO [ ITR ][AddITRNpcInfo] NpcID:666, Map:46, Dis:0, X:203, Y:67, Dir:0 ,byMapTagNpcIdentNo:255
2025-07-08_07:15:09 INFO [ ITR ][AddITRNpcInfo] NpcID:667, Map:46, Dis:0, X:133, Y:121, Dir:0 ,byMapTagNpcIdentNo:255
2025-07-08_07:15:09 INFO [ ITR ][AddITRNpcInfo] NpcID:668, Map:46, Dis:0, X:206, Y:48, Dir:0 ,byMapTagNpcIdentNo:255
2025-07-08_07:15:09 INFO [ ITR ][AddITRNpcInfo] NpcID:658, Map:47, Dis:0, X:169, Y:85, Dir:2 ,byMapTagNpcIdentNo:255
2025-07-08_07:15:09 INFO [ ITR ][AddITRNpcInfo] NpcID:659, Map:47, Dis:0, X:136, Y:101, Dir:0 ,byMapTagNpcIdentNo:255
2025-07-08_07:15:09 INFO [ ITR ][AddITRNpcInfo] NpcID:660, Map:47, Dis:0, X:151, Y:119, Dir:0 ,byMapTagNpcIdentNo:255
2025-07-08_07:15:09 INFO [ ITR ][AddITRNpcInfo] NpcID:661, Map:47, Dis:0, X:150, Y:88, Dir:0 ,byMapTagNpcIdentNo:255
2025-07-08_07:15:09 INFO [ ITR ][AddITRNpcInfo] NpcID:662, Map:47, Dis:0, X:165, Y:102, Dir:0 ,byMapTagNpcIdentNo:255
2025-07-08_07:15:09 INFO [ ITR ][AddITRNpcInfo] NpcID:663, Map:47, Dis:0, X:173, Y:67, Dir:0 ,byMapTagNpcIdentNo:255
2025-07-08_07:15:09 INFO [ ITR ][AddITRNpcInfo] NpcID:664, Map:47, Dis:0, X:187, Y:81, Dir:0 ,byMapTagNpcIdentNo:255
2025-07-08_07:15:09 INFO [ ITR ][AddITRNpcInfo] NpcID:665, Map:47, Dis:0, X:187, Y:51, Dir:0 ,byMapTagNpcIdentNo:255
2025-07-08_07:15:09 INFO [ ITR ][AddITRNpcInfo] NpcID:666, Map:47, Dis:0, X:203, Y:67, Dir:0 ,byMapTagNpcIdentNo:255
2025-07-08_07:15:09 INFO [ ITR ][AddITRNpcInfo] NpcID:667, Map:47, Dis:0, X:133, Y:121, Dir:0 ,byMapTagNpcIdentNo:255
2025-07-08_07:15:09 INFO [ ITR ][AddITRNpcInfo] NpcID:668, Map:47, Dis:0, X:206, Y:48, Dir:0 ,byMapTagNpcIdentNo:255
2025-07-08_07:15:09 INFO [ ITR ][AddITRNpcInfo] NpcID:658, Map:48, Dis:0, X:169, Y:85, Dir:2 ,byMapTagNpcIdentNo:255
2025-07-08_07:15:09 INFO [ ITR ][AddITRNpcInfo] NpcID:659, Map:48, Dis:0, X:136, Y:101, Dir:0 ,byMapTagNpcIdentNo:255
2025-07-08_07:15:09 INFO [ ITR ][AddITRNpcInfo] NpcID:660, Map:48, Dis:0, X:151, Y:119, Dir:0 ,byMapTagNpcIdentNo:255
2025-07-08_07:15:09 INFO [ ITR ][AddITRNpcInfo] NpcID:661, Map:48, Dis:0, X:150, Y:88, Dir:0 ,byMapTagNpcIdentNo:255
2025-07-08_07:15:09 INFO [ ITR ][AddITRNpcInfo] NpcID:662, Map:48, Dis:0, X:165, Y:102, Dir:0 ,byMapTagNpcIdentNo:255
2025-07-08_07:15:09 INFO [ ITR ][AddITRNpcInfo] NpcID:663, Map:48, Dis:0, X:173, Y:67, Dir:0 ,byMapTagNpcIdentNo:255
2025-07-08_07:15:09 INFO [ ITR ][AddITRNpcInfo] NpcID:664, Map:48, Dis:0, X:187, Y:81, Dir:0 ,byMapTagNpcIdentNo:255
2025-07-08_07:15:09 INFO [ ITR ][AddITRNpcInfo] NpcID:665, Map:48, Dis:0, X:187, Y:51, Dir:0 ,byMapTagNpcIdentNo:255
2025-07-08_07:15:09 INFO [ ITR ][AddITRNpcInfo] NpcID:666, Map:48, Dis:0, X:203, Y:67, Dir:0 ,byMapTagNpcIdentNo:255
2025-07-08_07:15:09 INFO [ ITR ][AddITRNpcInfo] NpcID:667, Map:48, Dis:0, X:133, Y:121, Dir:0 ,byMapTagNpcIdentNo:255
2025-07-08_07:15:09 INFO [ ITR ][AddITRNpcInfo] NpcID:668, Map:48, Dis:0, X:206, Y:48, Dir:0 ,byMapTagNpcIdentNo:255
2025-07-08_07:15:09 INFO [ ITR ][AddITRNpcInfo] NpcID:658, Map:49, Dis:0, X:169, Y:85, Dir:2 ,byMapTagNpcIdentNo:255
2025-07-08_07:15:09 INFO [ ITR ][AddITRNpcInfo] NpcID:659, Map:49, Dis:0, X:136, Y:101, Dir:0 ,byMapTagNpcIdentNo:255
2025-07-08_07:15:09 INFO [ ITR ][AddITRNpcInfo] NpcID:660, Map:49, Dis:0, X:151, Y:119, Dir:0 ,byMapTagNpcIdentNo:255
2025-07-08_07:15:09 INFO [ ITR ][AddITRNpcInfo] NpcID:661, Map:49, Dis:0, X:150, Y:88, Dir:0 ,byMapTagNpcIdentNo:255
2025-07-08_07:15:09 INFO [ ITR ][AddITRNpcInfo] NpcID:662, Map:49, Dis:0, X:165, Y:102, Dir:0 ,byMapTagNpcIdentNo:255
2025-07-08_07:15:09 INFO [ ITR ][AddITRNpcInfo] NpcID:663, Map:49, Dis:0, X:173, Y:67, Dir:0 ,byMapTagNpcIdentNo:255
2025-07-08_07:15:09 INFO [ ITR ][AddITRNpcInfo] NpcID:664, Map:49, Dis:0, X:187, Y:81, Dir:0 ,byMapTagNpcIdentNo:255
2025-07-08_07:15:09 INFO [ ITR ][AddITRNpcInfo] NpcID:665, Map:49, Dis:0, X:187, Y:51, Dir:0 ,byMapTagNpcIdentNo:255
2025-07-08_07:15:09 INFO [ ITR ][AddITRNpcInfo] NpcID:666, Map:49, Dis:0, X:203, Y:67, Dir:0 ,byMapTagNpcIdentNo:255
2025-07-08_07:15:09 INFO [ ITR ][AddITRNpcInfo] NpcID:667, Map:49, Dis:0, X:133, Y:121, Dir:0 ,byMapTagNpcIdentNo:255
2025-07-08_07:15:09 INFO [ ITR ][AddITRNpcInfo] NpcID:668, Map:49, Dis:0, X:206, Y:48, Dir:0 ,byMapTagNpcIdentNo:255
2025-07-08_07:15:09 INFO Loading BloodCastle Monsters
2025-07-08_07:15:09 INFO Loading BloodCastle Monsters
2025-07-08_07:15:09 INFO Loading BloodCastle Event Setting
2025-07-08_07:15:09 INFO Loading BloodCastle Event Setting
2025-07-08_07:15:09 INFO Loading Imperial Fortress ...
2025-07-08_07:15:09 INFO  
2025-07-08_07:15:09 INFO Loading Imperial Fortress MonsterInfo...
2025-07-08_07:15:09 INFO  
2025-07-08_07:15:09 INFO Loading Imperial Fortress MonsterSpawn...
2025-07-08_07:15:09 INFO  
2025-07-08_07:15:09 INFO Loading Imperial Fortress Traps...
2025-07-08_07:15:09 INFO >> Loaded 40 imperial fortress traps
2025-07-08_07:15:09 INFO  
2025-07-08_07:15:09 INFO Loading Doppelganger Level...
2025-07-08_07:15:09 INFO Loading Doppelganger Level...
2025-07-08_07:15:09 INFO >> Loaded 7 doppelganger level definitions
2025-07-08_07:15:09 INFO  
2025-07-08_07:15:09 INFO Loading Doppelganger Monster Settings...
2025-07-08_07:15:09 INFO >> Loaded 77 doppelganger monster settings
2025-07-08_07:15:09 INFO  
2025-07-08_07:15:09 INFO Loading Doppelganger MonsterList...
2025-07-08_07:15:09 INFO Loading Invasion Data...
2025-07-08_07:15:09 INFO >> Loaded 15 event invasion definitions
2025-07-08_07:15:09 INFO  
2025-07-08_07:15:09 INFO Loading Invasion Group...
2025-07-08_07:15:09 INFO >> Loaded 81 event invasion group definitions
2025-07-08_07:15:09 INFO  
2025-07-08_07:15:09 INFO Loading Monster Event...
2025-07-08_07:15:09 INFO Loading CastleSiege Event Setting
2025-07-08_07:15:09 INFO Castle Siege State 0 duration 180 (68460 - 68640)
2025-07-08_07:15:09 INFO Castle Siege State 1 duration 120 (68640 - 68760)
2025-07-08_07:15:09 INFO Castle Siege State 2 duration 120 (68760 - 68880)
2025-07-08_07:15:09 INFO Castle Siege State 3 duration 60 (68880 - 68940)
2025-07-08_07:15:09 INFO Castle Siege State 4 duration 180 (68940 - 69120)
2025-07-08_07:15:09 INFO Castle Siege State 5 duration 120 (69120 - 69240)
2025-07-08_07:15:09 INFO Castle Siege State 6 duration 60 (69240 - 69300)
2025-07-08_07:15:09 INFO Castle Siege State 7 duration 1500 (69300 - 70800)
2025-07-08_07:15:09 INFO Castle Siege State 8 duration 15600 (70800 - 86400)
2025-07-08_07:15:09 INFO Castle Siege State 9 duration -17940 (86400 - 68460)
2025-07-08_07:15:09 INFO Loading CryWolf Event Setting
2025-07-08_07:15:09 INFO Loading Castle Deep Settings...
2025-07-08_07:15:09 INFO Loading Cash Shop Category...
2025-07-08_07:15:09 INFO >> Loaded 11 cash shop category definitions in 0 msec.
2025-07-08_07:15:09 INFO  
2025-07-08_07:15:09 INFO Loading Cash Shop Package List...
2025-07-08_07:15:09 INFO >> Loaded 73 cash shop package definitions in 0 msec.
2025-07-08_07:15:09 INFO  
2025-07-08_07:15:09 INFO Loading Cash Shop Product List...
2025-07-08_07:15:09 INFO >> Loaded 128 cash shop product definitions in 15 msec.
2025-07-08_07:15:09 INFO  
2025-07-08_07:15:09 INFO Loading Filter...
2025-07-08_07:15:09 INFO >> Loaded 0 filter definitions
2025-07-08_07:15:09 INFO  
2025-07-08_07:15:09 INFO Loading Notice...
2025-07-08_07:15:09 INFO >> Loaded 0 notice definitions
2025-07-08_07:15:09 INFO  
2025-07-08_07:15:09 INFO Loading Goblin Point...
2025-07-08_07:15:09 INFO >> Loaded 0 goblin point definitions
2025-07-08_07:15:09 INFO  
2025-07-08_07:15:09 INFO Loading Non Pk Time...
2025-07-08_07:15:09 INFO >> Loaded 0 non pk time definitions
2025-07-08_07:15:09 INFO  
2025-07-08_07:15:09 INFO Loading Notifications...
2025-07-08_07:15:09 INFO >> Loaded 0 notifications definitions
2025-07-08_07:15:09 INFO  
2025-07-08_07:15:09 INFO Loading Offset Data...
2025-07-08_07:15:09 INFO >> Loaded 0 offset data definitions in 0 msec.
2025-07-08_07:15:09 INFO  
2025-07-08_07:15:09 INFO Loading Offset FPS...
2025-07-08_07:15:09 INFO >> Loaded 0 offset fps definitions in 0 msec.
2025-07-08_07:15:09 INFO  
2025-07-08_07:15:09 INFO Loading Cheat Scan White List...
2025-07-08_07:15:09 INFO >> Loaded 0 cheat scan white list definitions in 16 msec.
2025-07-08_07:15:09 INFO  
2025-07-08_07:15:09 INFO Loading Offline Attack Setting...
2025-07-08_07:15:09 INFO >> Load Offline Attack Setting Succes
2025-07-08_07:15:09 INFO  
2025-07-08_07:15:09 INFO Loading Offline Attack World...
2025-07-08_07:15:09 INFO >> Loaded 64 offline attack world definitions
2025-07-08_07:15:09 INFO  
2025-07-08_07:15:09 INFO Loading Offline Attack Zone...
2025-07-08_07:15:09 INFO >> Loaded 64 offline attack zone definitions
2025-07-08_07:15:09 INFO  
2025-07-08_07:15:09 INFO Loading Scramble Words...
2025-07-08_07:15:09 INFO >> Loaded 22 scramble words
2025-07-08_07:15:09 INFO  
2025-07-08_07:15:09 INFO Loading Mix Disabled...
2025-07-08_07:15:09 INFO >> Loaded 0 mix disabled definitions
2025-07-08_07:15:09 INFO  
2025-07-08_07:15:09 INFO Loading Mix SpellStone...
2025-07-08_07:15:09 INFO >> Loaded 28 mix spell stone definitions
2025-07-08_07:15:09 INFO  
2025-07-08_07:15:09 INFO Loading Mix Guardian...
2025-07-08_07:15:09 INFO >> Loaded 65 mix guardian definitions
2025-07-08_07:15:09 INFO  
2025-07-08_07:15:09 INFO Loading Mixes...
2025-07-08_07:15:09 INFO >> Loaded 313 mix definitions
2025-07-08_07:15:09 INFO  
2025-07-08_07:15:09 INFO Loading Pentagram Type...
2025-07-08_07:15:09 INFO >> Loaded 24 pentagram type definitions
2025-07-08_07:15:09 INFO  
2025-07-08_07:15:09 INFO Loading Pentagram Option...
2025-07-08_07:15:09 INFO >> Loaded 31 pentagram option definitions
2025-07-08_07:15:09 INFO  
2025-07-08_07:15:09 INFO Loading Pentagram Jewel Option...
2025-07-08_07:15:09 INFO >> Loaded 109 pentagram jewel option definitions in 0 msec.
2025-07-08_07:15:09 INFO  
2025-07-08_07:15:09 INFO Loading Pentagram Jewel Remove...
2025-07-08_07:15:09 INFO >> Loaded 11 pentagram jewel remove definitions
2025-07-08_07:15:09 INFO  
2025-07-08_07:15:09 INFO Loading Pentagram Jewel Upgrade Rank...
2025-07-08_07:15:09 INFO >> Loaded 4 pentagram jewel upgrade rank definitions
2025-07-08_07:15:09 INFO  
2025-07-08_07:15:09 INFO Loading Pentagram Jewel Upgrade Level...
2025-07-08_07:15:09 INFO >> Loaded 11 pentagram jewel upgrade level definitions
2025-07-08_07:15:09 INFO  
2025-07-08_07:15:09 INFO Loading Muun...
2025-07-08_07:15:09 INFO >> Loaded 384 muun definitions
2025-07-08_07:15:09 INFO  
2025-07-08_07:15:09 INFO Loading Muun Option...
2025-07-08_07:15:09 INFO >> Loaded 78 muun option definitions
2025-07-08_07:15:09 INFO  
2025-07-08_07:15:09 INFO Loading Muun Energy...
2025-07-08_07:15:09 INFO >> Loaded 4 muun energy definitions
2025-07-08_07:15:09 INFO  
2025-07-08_07:15:09 INFO Loading Muun Exchange...
2025-07-08_07:15:09 INFO >> Loaded 6 muun exchange definitions
2025-07-08_07:15:09 INFO  
2025-07-08_07:15:09 INFO Loading Mini Map...
2025-07-08_07:15:09 INFO >> Loaded 498 mini map definitions in 16 msec.
2025-07-08_07:15:09 INFO  
2025-07-08_07:15:09 INFO Loading Summon Scroll...
2025-07-08_07:15:09 INFO >> Loaded 10 summon scroll definitions
2025-07-08_07:15:09 INFO  
2025-07-08_07:15:09 INFO Loading Summon Scroll Monster...
2025-07-08_07:15:09 INFO >> Loaded 40 summon scroll monster definitions
2025-07-08_07:15:09 INFO  
2025-07-08_07:15:09 INFO Loading Mining...
2025-07-08_07:15:09 INFO >> Loaded 15 mining definitions
2025-07-08_07:15:09 INFO  
2025-07-08_07:15:09 INFO Loading ProtectorOfAcheron Event Setting
2025-07-08_07:15:09 INFO Loading Tormented Square EventSettings...
2025-07-08_07:15:09 INFO Loading Tormented Square Stage...
2025-07-08_07:15:09 INFO >> Loaded 24 tormented square stage definitions
2025-07-08_07:15:09 INFO  
2025-07-08_07:15:09 INFO Loading Tormented Square Ranking...
2025-07-08_07:15:09 INFO >> Loaded 1 tormented square ranking definitions
2025-07-08_07:15:09 INFO  
2025-07-08_07:15:09 INFO Loading Evomon...
2025-07-08_07:15:09 INFO >> Loaded 101 evomon definitions
2025-07-08_07:15:09 INFO  
2025-07-08_07:15:09 INFO Loading Evomon Reward...
2025-07-08_07:15:09 INFO >> Loaded 8 evomon reward definitions
2025-07-08_07:15:09 INFO  
2025-07-08_07:15:09 INFO Loading ArkaWar Event Setting
2025-07-08_07:15:09 INFO Loading Labyrinth of Dimensions Settings...
2025-07-08_07:15:09 INFO Loading Labyrinth of Dimensions Info...
2025-07-08_07:15:09 INFO >> Loaded 38 labyrinth of dimensions info definitions
2025-07-08_07:15:09 INFO  
2025-07-08_07:15:09 INFO Loading Labyrinth of Dimensions Mission...
2025-07-08_07:15:09 INFO >> Loaded 11 labyrinth of dimensions mission definitions
2025-07-08_07:15:09 INFO  
2025-07-08_07:15:09 INFO Loading Labyrinth of Dimensions Area...
2025-07-08_07:15:09 INFO >> Loaded 30 labyrinth of dimensions area definitions
2025-07-08_07:15:09 INFO  
2025-07-08_07:15:09 INFO Loading Labyrinth of Dimensions Area Data...
2025-07-08_07:15:09 INFO >> Loaded 3000 labyrinth of dimensions area data definitions
2025-07-08_07:15:09 INFO  
2025-07-08_07:15:09 INFO Loading Labyrinth of Dimensions Level...
2025-07-08_07:15:09 INFO >> Loaded 41 labyrinth of dimensions level definitions
2025-07-08_07:15:09 INFO  
2025-07-08_07:15:09 INFO Loading Labyrinth of Dimensions Monster...
2025-07-08_07:15:09 INFO >> Loaded 41 labyrinth of dimensions monster definitions
2025-07-08_07:15:09 INFO  
2025-07-08_07:15:09 INFO Loading Labyrinth of Dimensions Reward...
2025-07-08_07:15:09 INFO >> Loaded 220 labyrinth of dimensions reward definitions
2025-07-08_07:15:09 INFO  
2025-07-08_07:15:09 INFO Loading Event Manager...
2025-07-08_07:15:09 INFO Loading Shop Price Texts...
2025-07-08_07:15:09 INFO Loading Shop Template...
2025-07-08_07:15:09 INFO >> Loaded 26 shop definitions in 15 msec.
2025-07-08_07:15:09 INFO  
2025-07-08_07:15:09 INFO Loading Shop Items...
2025-07-08_07:15:09 INFO >> Loaded 26 shop items in 110 msec.
2025-07-08_07:15:09 INFO  
2025-07-08_07:15:09 INFO Loading Item Price Ruud...
2025-07-08_07:15:09 INFO >> Loaded 188 item price ruud definitions
2025-07-08_07:15:09 INFO  
2025-07-08_07:15:09 INFO Loading Moss Merchant Section...
2025-07-08_07:15:09 INFO >> Loaded 11 moss merchant section definitions
2025-07-08_07:15:09 INFO  
2025-07-08_07:15:09 INFO [ ITR ] (1) Sync Open Time. [915]min remain
2025-07-08_07:15:09 INFO [ ITR ] (2) Sync Open Time. [915]min remain
2025-07-08_07:15:09 INFO [ ITR ] (3) Sync Open Time. [915]min remain
2025-07-08_07:15:09 INFO [ ITR ] (4) Sync Open Time. [915]min remain
2025-07-08_07:15:09 INFO [ ITR ] (5) Sync Open Time. [915]min remain
2025-07-08_07:15:09 INFO [ ITR ] (6) Sync Open Time. [915]min remain
2025-07-08_07:15:09 INFO [ ITR ][AddITRNpcInfo] NpcID:658, Map:45, Dis:0, X:169, Y:85, Dir:2 ,byMapTagNpcIdentNo:255
2025-07-08_07:15:09 INFO [ ITR ][AddITRNpcInfo] NpcID:659, Map:45, Dis:0, X:136, Y:101, Dir:0 ,byMapTagNpcIdentNo:255
2025-07-08_07:15:09 INFO [ ITR ][AddITRNpcInfo] NpcID:660, Map:45, Dis:0, X:151, Y:119, Dir:0 ,byMapTagNpcIdentNo:255
2025-07-08_07:15:09 INFO [ ITR ][AddITRNpcInfo] NpcID:661, Map:45, Dis:0, X:150, Y:88, Dir:0 ,byMapTagNpcIdentNo:255
2025-07-08_07:15:09 INFO [ ITR ][AddITRNpcInfo] NpcID:662, Map:45, Dis:0, X:165, Y:102, Dir:0 ,byMapTagNpcIdentNo:255
2025-07-08_07:15:09 INFO [ ITR ][AddITRNpcInfo] NpcID:663, Map:45, Dis:0, X:173, Y:67, Dir:0 ,byMapTagNpcIdentNo:255
2025-07-08_07:15:09 INFO [ ITR ][AddITRNpcInfo] NpcID:664, Map:45, Dis:0, X:187, Y:81, Dir:0 ,byMapTagNpcIdentNo:255
2025-07-08_07:15:09 INFO [ ITR ][AddITRNpcInfo] NpcID:665, Map:45, Dis:0, X:187, Y:51, Dir:0 ,byMapTagNpcIdentNo:255
2025-07-08_07:15:09 INFO [ ITR ][AddITRNpcInfo] NpcID:666, Map:45, Dis:0, X:203, Y:67, Dir:0 ,byMapTagNpcIdentNo:255
2025-07-08_07:15:09 INFO [ ITR ][AddITRNpcInfo] NpcID:667, Map:45, Dis:0, X:133, Y:121, Dir:0 ,byMapTagNpcIdentNo:255
2025-07-08_07:15:09 INFO [ ITR ][AddITRNpcInfo] NpcID:668, Map:45, Dis:0, X:206, Y:48, Dir:0 ,byMapTagNpcIdentNo:255
2025-07-08_07:15:09 INFO [ ITR ][AddITRNpcInfo] NpcID:658, Map:46, Dis:0, X:169, Y:85, Dir:2 ,byMapTagNpcIdentNo:255
2025-07-08_07:15:09 INFO [ ITR ][AddITRNpcInfo] NpcID:659, Map:46, Dis:0, X:136, Y:101, Dir:0 ,byMapTagNpcIdentNo:255
2025-07-08_07:15:09 INFO [ ITR ][AddITRNpcInfo] NpcID:660, Map:46, Dis:0, X:151, Y:119, Dir:0 ,byMapTagNpcIdentNo:255
2025-07-08_07:15:09 INFO [ ITR ][AddITRNpcInfo] NpcID:661, Map:46, Dis:0, X:150, Y:88, Dir:0 ,byMapTagNpcIdentNo:255
2025-07-08_07:15:09 INFO [ ITR ][AddITRNpcInfo] NpcID:662, Map:46, Dis:0, X:165, Y:102, Dir:0 ,byMapTagNpcIdentNo:255
2025-07-08_07:15:09 INFO [ ITR ][AddITRNpcInfo] NpcID:663, Map:46, Dis:0, X:173, Y:67, Dir:0 ,byMapTagNpcIdentNo:255
2025-07-08_07:15:09 INFO [ ITR ][AddITRNpcInfo] NpcID:664, Map:46, Dis:0, X:187, Y:81, Dir:0 ,byMapTagNpcIdentNo:255
2025-07-08_07:15:09 INFO [ ITR ][AddITRNpcInfo] NpcID:665, Map:46, Dis:0, X:187, Y:51, Dir:0 ,byMapTagNpcIdentNo:255
2025-07-08_07:15:09 INFO [ ITR ][AddITRNpcInfo] NpcID:666, Map:46, Dis:0, X:203, Y:67, Dir:0 ,byMapTagNpcIdentNo:255
2025-07-08_07:15:09 INFO [ ITR ][AddITRNpcInfo] NpcID:667, Map:46, Dis:0, X:133, Y:121, Dir:0 ,byMapTagNpcIdentNo:255
2025-07-08_07:15:09 INFO [ ITR ][AddITRNpcInfo] NpcID:668, Map:46, Dis:0, X:206, Y:48, Dir:0 ,byMapTagNpcIdentNo:255
2025-07-08_07:15:09 INFO [ ITR ][AddITRNpcInfo] NpcID:658, Map:47, Dis:0, X:169, Y:85, Dir:2 ,byMapTagNpcIdentNo:255
2025-07-08_07:15:09 INFO [ ITR ][AddITRNpcInfo] NpcID:659, Map:47, Dis:0, X:136, Y:101, Dir:0 ,byMapTagNpcIdentNo:255
2025-07-08_07:15:09 INFO [ ITR ][AddITRNpcInfo] NpcID:660, Map:47, Dis:0, X:151, Y:119, Dir:0 ,byMapTagNpcIdentNo:255
2025-07-08_07:15:09 INFO [ ITR ][AddITRNpcInfo] NpcID:661, Map:47, Dis:0, X:150, Y:88, Dir:0 ,byMapTagNpcIdentNo:255
2025-07-08_07:15:09 INFO [ ITR ][AddITRNpcInfo] NpcID:662, Map:47, Dis:0, X:165, Y:102, Dir:0 ,byMapTagNpcIdentNo:255
2025-07-08_07:15:09 INFO [ ITR ][AddITRNpcInfo] NpcID:663, Map:47, Dis:0, X:173, Y:67, Dir:0 ,byMapTagNpcIdentNo:255
2025-07-08_07:15:09 INFO [ ITR ][AddITRNpcInfo] NpcID:664, Map:47, Dis:0, X:187, Y:81, Dir:0 ,byMapTagNpcIdentNo:255
2025-07-08_07:15:09 INFO [ ITR ][AddITRNpcInfo] NpcID:665, Map:47, Dis:0, X:187, Y:51, Dir:0 ,byMapTagNpcIdentNo:255
2025-07-08_07:15:09 INFO [ ITR ][AddITRNpcInfo] NpcID:666, Map:47, Dis:0, X:203, Y:67, Dir:0 ,byMapTagNpcIdentNo:255
2025-07-08_07:15:09 INFO [ ITR ][AddITRNpcInfo] NpcID:667, Map:47, Dis:0, X:133, Y:121, Dir:0 ,byMapTagNpcIdentNo:255
2025-07-08_07:15:09 INFO [ ITR ][AddITRNpcInfo] NpcID:668, Map:47, Dis:0, X:206, Y:48, Dir:0 ,byMapTagNpcIdentNo:255
2025-07-08_07:15:09 INFO [ ITR ][AddITRNpcInfo] NpcID:658, Map:48, Dis:0, X:169, Y:85, Dir:2 ,byMapTagNpcIdentNo:255
2025-07-08_07:15:09 INFO [ ITR ][AddITRNpcInfo] NpcID:659, Map:48, Dis:0, X:136, Y:101, Dir:0 ,byMapTagNpcIdentNo:255
2025-07-08_07:15:09 INFO [ ITR ][AddITRNpcInfo] NpcID:660, Map:48, Dis:0, X:151, Y:119, Dir:0 ,byMapTagNpcIdentNo:255
2025-07-08_07:15:09 INFO [ ITR ][AddITRNpcInfo] NpcID:661, Map:48, Dis:0, X:150, Y:88, Dir:0 ,byMapTagNpcIdentNo:255
2025-07-08_07:15:09 INFO [ ITR ][AddITRNpcInfo] NpcID:662, Map:48, Dis:0, X:165, Y:102, Dir:0 ,byMapTagNpcIdentNo:255
2025-07-08_07:15:09 INFO [ ITR ][AddITRNpcInfo] NpcID:663, Map:48, Dis:0, X:173, Y:67, Dir:0 ,byMapTagNpcIdentNo:255
2025-07-08_07:15:09 INFO [ ITR ][AddITRNpcInfo] NpcID:664, Map:48, Dis:0, X:187, Y:81, Dir:0 ,byMapTagNpcIdentNo:255
2025-07-08_07:15:09 INFO [ ITR ][AddITRNpcInfo] NpcID:665, Map:48, Dis:0, X:187, Y:51, Dir:0 ,byMapTagNpcIdentNo:255
2025-07-08_07:15:09 INFO [ ITR ][AddITRNpcInfo] NpcID:666, Map:48, Dis:0, X:203, Y:67, Dir:0 ,byMapTagNpcIdentNo:255
2025-07-08_07:15:09 INFO [ ITR ][AddITRNpcInfo] NpcID:667, Map:48, Dis:0, X:133, Y:121, Dir:0 ,byMapTagNpcIdentNo:255
2025-07-08_07:15:09 INFO [ ITR ][AddITRNpcInfo] NpcID:668, Map:48, Dis:0, X:206, Y:48, Dir:0 ,byMapTagNpcIdentNo:255
2025-07-08_07:15:09 INFO [ ITR ][AddITRNpcInfo] NpcID:658, Map:49, Dis:0, X:169, Y:85, Dir:2 ,byMapTagNpcIdentNo:255
2025-07-08_07:15:09 INFO [ ITR ][AddITRNpcInfo] NpcID:659, Map:49, Dis:0, X:136, Y:101, Dir:0 ,byMapTagNpcIdentNo:255
2025-07-08_07:15:09 INFO [ ITR ][AddITRNpcInfo] NpcID:660, Map:49, Dis:0, X:151, Y:119, Dir:0 ,byMapTagNpcIdentNo:255
2025-07-08_07:15:09 INFO [ ITR ][AddITRNpcInfo] NpcID:661, Map:49, Dis:0, X:150, Y:88, Dir:0 ,byMapTagNpcIdentNo:255
2025-07-08_07:15:09 INFO [ ITR ][AddITRNpcInfo] NpcID:662, Map:49, Dis:0, X:165, Y:102, Dir:0 ,byMapTagNpcIdentNo:255
2025-07-08_07:15:09 INFO [ ITR ][AddITRNpcInfo] NpcID:663, Map:49, Dis:0, X:173, Y:67, Dir:0 ,byMapTagNpcIdentNo:255
2025-07-08_07:15:09 INFO [ ITR ][AddITRNpcInfo] NpcID:664, Map:49, Dis:0, X:187, Y:81, Dir:0 ,byMapTagNpcIdentNo:255
2025-07-08_07:15:09 INFO [ ITR ][AddITRNpcInfo] NpcID:665, Map:49, Dis:0, X:187, Y:51, Dir:0 ,byMapTagNpcIdentNo:255
2025-07-08_07:15:09 INFO [ ITR ][AddITRNpcInfo] NpcID:666, Map:49, Dis:0, X:203, Y:67, Dir:0 ,byMapTagNpcIdentNo:255
2025-07-08_07:15:09 INFO [ ITR ][AddITRNpcInfo] NpcID:667, Map:49, Dis:0, X:133, Y:121, Dir:0 ,byMapTagNpcIdentNo:255
2025-07-08_07:15:09 INFO [ ITR ][AddITRNpcInfo] NpcID:668, Map:49, Dis:0, X:206, Y:48, Dir:0 ,byMapTagNpcIdentNo:255
2025-07-08_07:15:09 INFO Loading Monster Soul Converter...
2025-07-08_07:15:09 INFO >> Loaded 5 monster soul converter definitions
2025-07-08_07:15:09 INFO  
2025-07-08_07:15:09 INFO Loading Monster Soul Transformation...
2025-07-08_07:15:09 INFO >> Loaded 30 monster soul transformation definitions
2025-07-08_07:15:09 INFO  
2025-07-08_07:15:09 INFO Loading Monster Soul Reward...
2025-07-08_07:15:09 INFO >> Loaded 16 monster soul reward definitions
2025-07-08_07:15:09 INFO  
2025-07-08_07:15:09 INFO Loading Reset System Data...
2025-07-08_07:15:09 INFO >> Loaded 1 Reset System definitions
2025-07-08_07:15:09 INFO  
2025-07-08_07:15:09 INFO Load Dynamic Experience Data
2025-07-08_07:15:09 INFO >> Loaded 3 Dynamic Experience definitions
2025-07-08_07:15:09 INFO  
2025-07-08_07:15:09 INFO Loading guilds...
2025-07-08_07:15:09 INFO >> Loaded 0 guilds in 0 ms
2025-07-08_07:15:09 INFO  
2025-07-08_07:15:09 INFO Loading Party...
2025-07-08_07:15:09 INFO >> Loaded 0 party
2025-07-08_07:15:09 INFO  
2025-07-08_07:15:09 INFO Loading Mini Bomb Reward...
2025-07-08_07:15:09 INFO >> Loaded 4 mini bomb reward definitions
2025-07-08_07:15:09 INFO  
2025-07-08_07:15:09 INFO Loading Mu Roomy Reward...
2025-07-08_07:15:09 INFO >> Loaded 6 mu roomy reward definitions
2025-07-08_07:15:09 INFO  
2025-07-08_07:15:09 INFO Loading Jewel Bingo Reward...
2025-07-08_07:15:09 INFO >> Loaded 4 jewel bingo reward definitions
2025-07-08_07:15:09 INFO  
2025-07-08_07:15:09 INFO Loading Numeric Baseball Reward...
2025-07-08_07:15:09 INFO >> Loaded 3 numeric baseball reward definitions
2025-07-08_07:15:09 INFO  
2025-07-08_07:15:09 INFO Loading Labyrinth of Dimensions Ranking...
2025-07-08_07:15:09 INFO >> Loaded 0 labyrinth of dimensions ranking definitions
2025-07-08_07:15:09 INFO  
2025-07-08_07:15:09 INFO Loading Labyrinth of Dimensions Schedule...
2025-07-08_07:15:09 INFO >> Loaded 0 labyrinth of dimensions schedule definitions
2025-07-08_07:15:09 INFO  
2025-07-08_07:15:09 INFO >> Loaded Notice System Succes
2025-07-08_07:15:09 INFO  
2025-07-08_07:15:09 INFO Loading Item Bag Template...
2025-07-08_07:15:09 ERROR ../Data/Item/ItemBag/ItemBag_World_Debenter_Silla.xml file load fail (Start-end tags mismatch)
2025-07-08_07:15:11 ERROR ../Data/Item/ItemBag/MAP_10_Ring.xml file load fail (File was not found)
2025-07-08_07:15:11 INFO >> Loaded 459 item bag definitions
2025-07-08_07:15:11 INFO  
2025-07-08_07:15:11 INFO CONNECTING SERVERLINK
2025-07-08_07:15:11 INFO CONNECTED SERVERLINK
2025-07-08_07:15:11 INFO CONNECTING AUTHSERVER
2025-07-08_07:15:11 INFO CONNECTED AUTHSERVER
2025-07-08_07:15:11 INFO CONNECTING CONNECTSERVER
2025-07-08_07:15:11 INFO CONNECTED CONNECTSERVER
2025-07-08_07:15:11 INFO Start Loading Lua
2025-07-08_07:15:11 INFO InitLuaFunction...
2025-07-08_07:15:11 INFO Loading Skill Lua ...
2025-07-08_07:15:11 INFO RegularSkillCalc.lua Loaded
2025-07-08_07:15:11 INFO MasterSkillCalc_3rd.lua Loaded
2025-07-08_07:15:11 INFO MasterSkillCalc_4th.lua Loaded
2025-07-08_07:15:11 INFO MasterSkillCalc_5th.lua Loaded
2025-07-08_07:15:11 INFO CalcCharacterBonusDamages.lua Loaded
2025-07-08_07:15:11 INFO CalcCharacterDamages.lua Loaded
2025-07-08_07:15:11 INFO Loading Lua Finished...
2025-07-08_07:15:11 INFO  
2025-07-08_07:15:11 INFO GameServer Ready
2025-07-08_07:15:11 INFO Loading Castle Siege NPC From ServerLink
2025-07-08_07:15:11 INFO Loading Castle Siege NPC [Stage 1] Disable Npc [283/1]
2025-07-08_07:15:11 INFO Loading Castle Siege NPC [Stage 1] Disable Npc [283/2]
2025-07-08_07:15:11 INFO Loading Castle Siege NPC [Stage 1] Disable Npc [283/3]
2025-07-08_07:15:11 INFO Loading Castle Siege NPC [Stage 1] Disable Npc [283/4]
2025-07-08_07:15:11 INFO Loading Castle Siege NPC [Stage 1] Disable Npc [277/1]
2025-07-08_07:15:11 INFO Loading Castle Siege NPC [Stage 1] Disable Npc [277/2]
2025-07-08_07:15:11 INFO Loading Castle Siege NPC [Stage 1] Disable Npc [277/3]
2025-07-08_07:15:11 INFO Loading Castle Siege NPC [Stage 1] Disable Npc [277/4]
2025-07-08_07:15:11 INFO Loading Castle Siege NPC [Stage 1] Disable Npc [277/5]
2025-07-08_07:15:11 INFO Loading Castle Siege NPC [Stage 1] Disable Npc [277/6]
2025-07-08_07:15:11 INFO Loading Castle Siege NPC [Stage 1] Disable Npc [219/1]
2025-07-08_07:15:11 INFO Loading Castle Siege NPC [Stage 1] Disable Npc [219/2]
2025-07-08_07:15:11 INFO Loading Castle Siege NPC [Stage 1] Disable Npc [219/3]
2025-07-08_07:15:11 INFO Loading Castle Siege NPC [Stage 1] Disable Npc [219/4]
2025-07-08_07:15:11 INFO Loading Castle Siege NPC [Stage 1] Disable Npc [219/5]
2025-07-08_07:15:11 INFO Loading Castle Siege NPC [Stage 1] Disable Npc [219/6]
2025-07-08_07:15:12 INFO CEventMgr::UpdateSeason -- [6 - Winter - Enabled]
2025-07-08_07:15:21 INFO Loading Monster Exclusive...
2025-07-08_07:15:21 INFO >> Loaded 0 monster exclusive definitions
2025-07-08_07:15:21 INFO  
2025-07-08_07:15:21 INFO Loading Monster...
2025-07-08_07:15:21 INFO >> Loaded 11819 monsters
2025-07-08_07:15:21 INFO  
2025-07-08_07:15:21 INFO Loading Monster Respawn...
2025-07-08_07:15:21 INFO >> Loaded 0 monster respawn definitions
2025-07-08_07:15:21 INFO  
2025-07-08_07:15:23 INFO Updating Objets 12563 - Time: 78 ms
2025-07-08_07:15:25 INFO Updating Viewport Objets 12562 - Time: 1 ms
2025-07-08_07:16:38 INFO Updating Viewport Objets 12570 - Time: 2 ms
2025-07-08_07:18:29 INFO Updating Viewport Objets 12570 - Time: 3 ms
