2025-07-14_21:28:21 INFO [ChaosCastleSurvival - 1] Moving Players Out
2025-07-14_21:28:21 INFO [ChaosCastleSurvival - 1] ChaosCastle::SetState_None
2025-07-14_21:28:21 INFO [ChaosCastleSurvivalMgr] SetState_None()
2025-07-14_23:00:00 INFO [ChaosCastle - 1] ChaosCastle::SetState_Open
2025-07-14_23:00:00 INFO [ChaosCastle - 2] ChaosCastle::SetState_Open
2025-07-14_23:00:00 INFO [ChaosCastle - 3] ChaosCastle::SetState_Open
2025-07-14_23:00:00 INFO [ChaosCastle - 4] ChaosCastle::SetState_Open
2025-07-14_23:00:00 INFO [ChaosCastle - 5] ChaosCastle::SetState_Open
2025-07-14_23:00:00 INFO [ChaosCastle - 6] ChaosCastle::SetState_Open
2025-07-14_23:00:00 INFO [ChaosCastle - 7] ChaosCastle::SetState_Open
2025-07-14_23:00:00 INFO [ChaosCastleMgr] SetState_Open()
2025-07-14_23:05:00 INFO [ChaosCastle - 1] ChaosCastle::SetState_StandBy
2025-07-14_23:05:00 INFO [ChaosCastle - 2] ChaosCastle::SetState_StandBy
2025-07-14_23:05:00 INFO [ChaosCastle - 3] ChaosCastle::SetState_StandBy
2025-07-14_23:05:00 INFO [ChaosCastle - 4] ChaosCastle::SetState_StandBy
2025-07-14_23:05:00 INFO [ChaosCastle - 5] ChaosCastle::SetState_StandBy
2025-07-14_23:05:00 INFO [ChaosCastle - 6] ChaosCastle::SetState_StandBy
2025-07-14_23:05:00 INFO [ChaosCastle - 7] ChaosCastle::SetState_StandBy
2025-07-14_23:05:00 INFO [ChaosCastleMgr] SetState_Playing()
2025-07-14_23:06:00 INFO [ChaosCastle - 1] Moving Players Out
2025-07-14_23:06:00 INFO [ChaosCastle - 1] ChaosCastle::SetState_None
2025-07-14_23:06:00 INFO [ChaosCastle - 2] Moving Players Out
2025-07-14_23:06:00 INFO [ChaosCastle - 2] ChaosCastle::SetState_None
2025-07-14_23:06:00 INFO [ChaosCastle - 3] Moving Players Out
2025-07-14_23:06:00 INFO [ChaosCastle - 3] ChaosCastle::SetState_None
2025-07-14_23:06:00 INFO [ChaosCastle - 4] Moving Players Out
2025-07-14_23:06:00 INFO [ChaosCastle - 4] ChaosCastle::SetState_None
2025-07-14_23:06:00 INFO [ChaosCastle - 5] Moving Players Out
2025-07-14_23:06:00 INFO [ChaosCastle - 5] ChaosCastle::SetState_None
2025-07-14_23:06:00 INFO [ChaosCastle - 6] Moving Players Out
2025-07-14_23:06:00 INFO [ChaosCastle - 6] ChaosCastle::SetState_None
2025-07-14_23:06:00 INFO [ChaosCastle - 7] Moving Players Out
2025-07-14_23:06:00 INFO [ChaosCastle - 7] ChaosCastle::SetState_None
2025-07-14_23:06:00 INFO [ChaosCastleMgr] SetState_None()
