2025-07-15_18:58:50 INFO [HappyHour] SetState_None()
2025-07-15_19:00:00 INFO Invasion 1 [Blue Event] launched
2025-07-15_19:00:00 INFO Invasion 10 [Muun Invasion] launched
2025-07-15_19:05:00 INFO Invasion 13 [Exiled from Exile] launched
2025-07-15_19:30:00 INFO Invasion 4 [Red Dragon] launched
2025-07-15_19:30:05 INFO Deleting Invasion 1
2025-07-15_19:30:05 INFO Deleting Invasion 10
2025-07-15_19:35:05 INFO Deleting Invasion 13
2025-07-15_20:00:00 INFO Invasion 0 [White Wizard] launched
2025-07-15_20:00:00 INFO Invasion 3 [New Year Day] launched
2025-07-15_20:00:00 INFO Invasion 6 [Santa Event] launched
2025-07-15_20:00:00 INFO Invasion 9 [Lucky Coin] launched
2025-07-15_20:00:00 INFO Invasion 13 [Exiled from Exile] launched
2025-07-15_20:00:05 INFO Deleting Invasion 4
2025-07-15_20:30:00 INFO Invasion 2 [Underground] launched
2025-07-15_20:30:00 INFO Invasion 5 [Summer] launched
2025-07-15_20:30:05 INFO Deleting Invasion 0
2025-07-15_20:30:05 INFO Deleting Invasion 3
2025-07-15_20:30:05 INFO Deleting Invasion 6
2025-07-15_20:30:05 INFO Deleting Invasion 9
2025-07-15_21:00:00 INFO Invasion 1 [Blue Event] launched
2025-07-15_21:00:00 INFO Invasion 10 [Muun Invasion] launched
2025-07-15_21:00:05 INFO Deleting Invasion 2
2025-07-15_21:00:05 INFO Deleting Invasion 5
