2025-07-15_00:00:01 INFO Invasion 0 [White Wizard] launched
2025-07-15_00:00:01 INFO Invasion 3 [New Year Day] launched
2025-07-15_00:00:01 INFO Invasion 6 [Santa Event] launched
2025-07-15_00:00:01 INFO Invasion 8 [Golden Invasion] launched
2025-07-15_00:00:01 INFO Invasion 9 [Lucky Coin] launched
2025-07-15_00:00:01 INFO Invasion 12 [Summon the Demons] launched
2025-07-15_00:00:05 INFO Deleting Invasion 4
2025-07-15_00:05:00 INFO Invasion 13 [Exiled from Exile] launched
2025-07-15_00:30:00 INFO Invasion 2 [Underground] launched
2025-07-15_00:30:00 INFO Invasion 5 [Summer] launched
2025-07-15_00:30:06 INFO Deleting Invasion 0
2025-07-15_00:30:06 INFO Deleting Invasion 3
2025-07-15_00:30:06 INFO Deleting Invasion 6
2025-07-15_00:30:06 INFO Deleting Invasion 9
2025-07-15_00:35:05 INFO Deleting Invasion 13
2025-07-15_01:00:00 INFO Invasion 1 [Blue Event] launched
2025-07-15_01:00:00 INFO Invasion 10 [Muun Invasion] launched
2025-07-15_01:00:06 INFO Deleting Invasion 2
2025-07-15_01:00:06 INFO Deleting Invasion 5
2025-07-15_01:30:00 INFO Invasion 4 [Red Dragon] launched
2025-07-15_01:30:05 INFO Deleting Invasion 1
2025-07-15_01:30:05 INFO Deleting Invasion 10
2025-07-15_02:00:00 INFO Invasion 0 [White Wizard] launched
2025-07-15_02:00:00 INFO Invasion 9 [Lucky Coin] launched
2025-07-15_02:00:05 INFO Deleting Invasion 4
2025-07-15_02:05:00 INFO Invasion 13 [Exiled from Exile] launched
2025-07-15_02:30:00 INFO Invasion 2 [Underground] launched
2025-07-15_02:30:08 INFO Deleting Invasion 0
2025-07-15_02:30:08 INFO Deleting Invasion 9
2025-07-15_02:35:08 INFO Deleting Invasion 13
2025-07-15_03:00:00 INFO Invasion 1 [Blue Event] launched
2025-07-15_03:00:00 INFO Invasion 10 [Muun Invasion] launched
2025-07-15_03:00:05 INFO Deleting Invasion 2
2025-07-15_03:30:00 INFO Invasion 4 [Red Dragon] launched
2025-07-15_03:30:05 INFO Deleting Invasion 1
2025-07-15_03:30:05 INFO Deleting Invasion 10
2025-07-15_04:00:00 INFO Invasion 0 [White Wizard] launched
2025-07-15_04:00:00 INFO Invasion 3 [New Year Day] launched
2025-07-15_04:00:00 INFO Invasion 6 [Santa Event] launched
2025-07-15_04:00:00 INFO Invasion 9 [Lucky Coin] launched
2025-07-15_04:00:05 INFO Deleting Invasion 4
2025-07-15_04:05:00 INFO Invasion 13 [Exiled from Exile] launched
2025-07-15_04:30:00 INFO Invasion 2 [Underground] launched
2025-07-15_04:30:00 INFO Invasion 5 [Summer] launched
2025-07-15_04:30:05 INFO Deleting Invasion 0
2025-07-15_04:30:05 INFO Deleting Invasion 3
2025-07-15_04:30:05 INFO Deleting Invasion 6
2025-07-15_04:30:05 INFO Deleting Invasion 9
2025-07-15_04:35:06 INFO Deleting Invasion 13
2025-07-15_05:00:00 INFO Invasion 1 [Blue Event] launched
2025-07-15_05:00:00 INFO Invasion 10 [Muun Invasion] launched
2025-07-15_05:00:05 INFO Deleting Invasion 2
2025-07-15_05:00:05 INFO Deleting Invasion 5
2025-07-15_05:00:09 INFO Deleting Invasion 12
2025-07-15_05:30:00 INFO Invasion 4 [Red Dragon] launched
2025-07-15_05:30:05 INFO Deleting Invasion 1
2025-07-15_05:30:05 INFO Deleting Invasion 10
2025-07-15_05:50:09 INFO Deleting Invasion 8
2025-07-15_06:00:00 INFO Invasion 0 [White Wizard] launched
2025-07-15_06:00:00 INFO Invasion 9 [Lucky Coin] launched
2025-07-15_06:00:00 INFO Invasion 12 [Summon the Demons] launched
2025-07-15_06:00:05 INFO Deleting Invasion 4
2025-07-15_06:05:00 INFO Invasion 13 [Exiled from Exile] launched
2025-07-15_06:30:00 INFO Invasion 2 [Underground] launched
2025-07-15_06:30:05 INFO Deleting Invasion 0
2025-07-15_06:30:05 INFO Deleting Invasion 9
2025-07-15_06:35:05 INFO Deleting Invasion 13
2025-07-15_07:00:00 INFO Invasion 1 [Blue Event] launched
2025-07-15_07:00:00 INFO Invasion 10 [Muun Invasion] launched
2025-07-15_07:00:05 INFO Deleting Invasion 2
