2025-07-11_00:07:57 INFO Main::KeepDatabaseAlive
2025-07-11_00:17:57 INFO Main::KeepDatabaseAlive
2025-07-11_00:27:57 INFO Main::KeepDatabaseAlive
2025-07-11_00:37:57 INFO Main::KeepDatabaseAlive
2025-07-11_00:47:57 INFO Main::KeepDatabaseAlive
2025-07-11_00:57:57 INFO Main::KeepDatabaseAlive
2025-07-11_01:07:57 INFO Main::KeepDatabaseAlive
2025-07-11_01:17:57 INFO Main::KeepDatabaseAlive
2025-07-11_01:27:57 INFO Main::KeepDatabaseAlive
2025-07-11_01:37:57 INFO Main::KeepDatabaseAlive
2025-07-11_01:47:57 INFO Main::KeepDatabaseAlive
2025-07-11_01:57:57 INFO Main::KeepDatabaseAlive
2025-07-11_02:07:57 INFO Main::KeepDatabaseAlive
2025-07-11_02:17:57 INFO Main::KeepDatabaseAlive
2025-07-11_02:27:57 INFO Main::KeepDatabaseAlive
2025-07-11_02:37:57 INFO Main::KeepDatabaseAlive
2025-07-11_02:47:57 INFO Main::KeepDatabaseAlive
2025-07-11_02:57:57 INFO Main::KeepDatabaseAlive
2025-07-11_03:07:57 INFO Main::KeepDatabaseAlive
2025-07-11_03:17:57 INFO Main::KeepDatabaseAlive
2025-07-11_03:27:57 INFO Main::KeepDatabaseAlive
2025-07-11_03:37:57 INFO Main::KeepDatabaseAlive
2025-07-11_03:47:57 INFO Main::KeepDatabaseAlive
2025-07-11_03:57:57 INFO Main::KeepDatabaseAlive
2025-07-11_04:07:57 INFO Main::KeepDatabaseAlive
2025-07-11_04:17:57 INFO Main::KeepDatabaseAlive
2025-07-11_04:27:57 INFO Main::KeepDatabaseAlive
2025-07-11_04:37:57 INFO Main::KeepDatabaseAlive
2025-07-11_04:47:57 INFO Main::KeepDatabaseAlive
2025-07-11_04:57:57 INFO Main::KeepDatabaseAlive
2025-07-11_05:07:57 INFO Main::KeepDatabaseAlive
2025-07-11_05:17:57 INFO Main::KeepDatabaseAlive
2025-07-11_05:27:57 INFO Main::KeepDatabaseAlive
2025-07-11_05:37:57 INFO Main::KeepDatabaseAlive
2025-07-11_05:47:57 INFO Main::KeepDatabaseAlive
2025-07-11_05:57:57 INFO Main::KeepDatabaseAlive
2025-07-11_06:07:57 INFO Main::KeepDatabaseAlive
2025-07-11_06:17:57 INFO Main::KeepDatabaseAlive
2025-07-11_06:27:57 INFO Main::KeepDatabaseAlive
2025-07-11_06:37:57 INFO Main::KeepDatabaseAlive
2025-07-11_06:47:57 INFO Main::KeepDatabaseAlive
2025-07-11_06:57:57 INFO Main::KeepDatabaseAlive
2025-07-11_06:58:15 INFO Closing down DatabasePool 'muonline'.
2025-07-11_06:58:15 INFO Asynchronous connections on DatabasePool 'muonline' terminated. Proceeding with synchronous connections.
2025-07-11_06:58:15 INFO All connections on DatabasePool 'muonline' closed.
2025-07-11_06:58:15 INFO Closing down DatabasePool 'log'.
2025-07-11_06:58:15 INFO Asynchronous connections on DatabasePool 'log' terminated. Proceeding with synchronous connections.
2025-07-11_06:58:15 INFO All connections on DatabasePool 'log' closed.
2025-07-11_06:58:15 INFO Closing down DatabasePool 'muonline'.
2025-07-11_06:58:15 INFO Asynchronous connections on DatabasePool 'muonline' terminated. Proceeding with synchronous connections.
2025-07-11_06:58:15 INFO All connections on DatabasePool 'muonline' closed.
